PocketMine-MP Crash Dump Mon Aug 19 15:26:44 UTC 2019

Error: 'break' not in the 'loop' or 'switch' context
File: plugins/ákyblock/src/MyPlot/subcommand/AddHelperSubCommand
Line: 54
Type: E_COMPILE_ERROR

THIS CRASH WAS CAUSED BY A PLUGIN
BAD PLUGIN: SkyBlock v1

Code:
[45]             return true;
[46]         }
[47]         if ($this->getPlugin()->getProvider()->savePlot($plot)) {
[48]             $sender->sendMessage($this->translateString("addhelper.success", [$helper]));
[49]         } else {
[50]             $sender->sendMessage(TextFormat::RED . $this->translateString("error"));
[51]         }
[52]         return true;
[53]               }
[54] 			  break;
[55]             });
[56]             $form->setTitle("§l§b•Thêm Người Chơi Vào Đảo");
[57]             $form->addInput("§l§e•Nhập Tên Người Muốn Thêm");
[58]             $form->sendToPlayer($sender);
[59] 
[60]         
[61]     }
[62] }

Backtrace:

PocketMine-MP version: 3.9.0 [Protocol 361]
Git commit: bd69c66d0379814fc9f98811707da500d130742a
uname -a: Windows NT VPSForHoang 6.3 build 9600 (Windows Server 2012 R2 Datacenter Edition) AMD64
PHP Version: 7.2.8
Zend version: 3.2.0
OS : WINNT, win

Loaded plugins:
AutoXP 1.1.0 by JackMD for API(s) 3.0.0
FormAPI 1.3.0 by jojoe77777 for API(s) 3.2.0
MysteryCrate 6.2.0 by JackMD, DaPigGuy for API(s) 3.0.0
WorldLoader 1.0.0 by JackMD for API(s) 3.0.0
PurePerms 1.4.2 by 64FF00 & ProjectInfinity for API(s) 3.0.0
TopVoter 3.0.0 by SalmonDE for API(s) 3.0.0
BanItem 2.3.3 by LDX for API(s) 3.0.0
ShadowAntiCheat 3.6.5 by DarkWav for API(s) 3.0.0
Jail 1.3.1 by hoyinm14mc for API(s) 3.0.0, 4.0.0
Parkour 1.5.7 by awzaw for API(s) 3.0.0
AnywhereBackpack 1.5.1 by korado531m7 for API(s) 3.9.0
DevTools 1.13.0 by PocketMine Team for API(s) 3.0.0
TeaSpoon 1.2.0 by CortexPE for API(s) 3.9.0
DEVirion 1.2.7 by poggit, SOFe for API(s) 3.0.0
Slapper 1.5.0 by jojoe77777 for API(s) 3.9.0
Broadcaster 1.5 by EvolSoft for API(s) 3.0.0
CustomAlerts 2 by EvolSoft for API(s) 3.0.0
KeepInventory 1.0 by KhoaGamingPro for API(s) 3.0.0
KDR 1.0.0 by JackMD for API(s) 3.0.0
iProtector 3.1.1 by LDX for API(s) 3.0.0
SizePlayer 1.0.3 by  for API(s) 3.0.0
ScoreHud 5.1.1 by JackMD for API(s) 3.0.0
BlazinVanish 1.0.4 by iiFlamiinBlaze for API(s) 3.0.0
MultiWorld 1.5.1 by CzechPMDevs, VixikCZ, fuyutsuki, kaliiks for API(s) 3.0.0
ToolRepair 1.0.1-3.0.0 by ArceusMatt for API(s) 3.0.0
PureEntitiesX 0.6.3 by milk0417, RevivalPMMP for API(s) 3.9.0
PortalWings 1.3 by RushToEasy, DeadOnBushPH for API(s) 3.0.4, 3.0.0
MineReset 3.2.0 by Falk for API(s) 3.0.0
AntiSpamPro 1.4.1 by awzaw for API(s) 3.0.0
MagicWE2 5.7.2 by XenialDan for API(s) 3.0.0, 4.0.0
TopMoneyUI 1 by ExecutivAC for API(s) 3.0.0
VoteReward 3.1.0 by LDX for API(s) 3.0.0
AutoUpdater 1.0 by  for API(s) 3.0.0
AlwaysSpawn 2.2.4 by Philip Shilling for API(s) 3.0.0
WorldProtect 2.3.8 by aliuly for API(s) 3.0.0
BlazinFly 1.8.6 by iiFlamiinBlaze for API(s) 3.0.0
PlayerHead 1 by Enes5519 for API(s) 3.0.0
MSpawns 2.2 by EvolSoft for API(s) 3.0.0
BlockProtect 1.0.0 by DarkByx for API(s) 3.3.1, 3.3.4, 4.0.0
PureChat 1.4.11 by 64FF00 for API(s) 3.0.0
SpeedEffect 5.2.3 by luca28pet for API(s) 3.0.0
RankUp 0.4.1 by Falkirks for API(s) 3.0.0
GrabBag 2.4.3 by aliuly for API(s) 3.0.0
BankNotes 1.0.0 by AndreasHGK for API(s) 3.0.0-ALPHA12, 3.0.0
FactionsPro 1.3.12 by Tethered_ for API(s) 3.0.0
AdvancedKits 5.2.3 by luca28pet for API(s) 3.0.0
Rebirth 2.0.0 by Array for API(s) 3.0.0
NapTheUI 0.0.1 by MrDinoDuck for API(s) 3.8.0
SETVIP 2.3 by MCPEVN TEAM for API(s) 3.0.0
EC-Table 1.1.0-pre by  for API(s) 3.0.0
menu 1.0.2 by HeraldicClaw597 for API(s) 3.5.8
Police 1.0.0 by nlog for API(s) 3.0.0
PointAPI 2.0.9 by onebone#editPhuongaz for API(s) 3.0.0
blockMCPE14 3.5.4 by https://vk.com/ifreeze_dev for API(s) 3.0.0
tradeui 1.12 by HeraldicClaw597 for API(s) 3.5.8
RichMC_Boss 1.0.0 by RealAstro for API(s) 3.2.2
MuaXuPro 1 by KaYuu081 for API(s) 3.0.0, 3.2.0, 3.2.1, 4.0.0
MuaFLY 1.2 by SableIamNoob for API(s) 3.1.1
Helper 1.0.0 by nlog for API(s) 3.0.0
Admin 1.0.0 by nlog for API(s) 3.0.0
PiggyCustomEnchants 1.4.2 by DaPigGuy for API(s) 3.0.0
CustomItem 1.0.0-NCD by  for API(s) 3.0.0
muakitpoint 1.12 by HeraldicClaw597 for API(s) 3.5.8
DropEklentisi 1 by lTooLl for API(s) 3.8.2
MuarankUI 2 by  for API(s) 3.0.0, 3.2.0
EnchantUI 0.5 by UnknownOre for API(s) 3.0.0
Dino 1.0.0 by xXNiceYT for API(s) 3.0.0
RandomBlock 2.1.1 by KhoaGamingPro - Editor for API(s) 3.0.0, 4.0.0
pointshop 1.12 by HeraldicClaw597 for API(s) 3.5.8
BuyFix 1 by phuongaz for API(s) 3.0.0
MuaCoinUI 3.5 by BlackPMFury for API(s) 3.0.0, 3.2.0
banggia 0.2 by HeralDicclaw for API(s) 3.5.8
FormAPI-FS 3.5 by Saehing for API(s) 3.0.0, 4.0.0
MuaDoUI 1.12 by HeraldicClaw597 for API(s) 3.5.8
EconomyAPI 5.7.2 by onebone for API(s) 3.0.0
CustomShopUI 4.0.5 by SaltyPixelDevz for API(s) 3.0.0
PickaxeLevel 3 by phuongaz for API(s) 3.0.0
AutoSell 1 by phuongaz for API(s) 3.8.2
PiggyCustomEnchantsShop 1.2.1 by DaPigGuy for API(s) 3.2.0
SClearLagg 1 by CuongDZ for API(s) 3.0.0
MapImageEngine 1.1.2 by FaigerSYS for API(s) 3.0.0
WingUI 1 by Array for API(s) 3.0.0
DanhHieuSystem 0.1Beta by phuongaz for API(s) 3.0.0
BuyEC 1.1 by Phuongaz for API(s) 3.0.0
Qua 3 by AmGM for API(s) 3.1.2
TradeUI 1.3 by xBeastMode for API(s) 3.0.0, 4.0.0
Sell 3.0.0 by Array, KairusDarkSeeker, JackMD for API(s) 3.0.0
SimpleWarp 4.0.1 by Falkirks for API(s) 3.0.0
AllAPILoader 2.1.0 by TheNewHEROBRINE for API(s) 3.0.0, 4.0.0
SkyBlock 1 by Wies and Exxarion for API(s) 3.1.2
AutoInv 0.0.9 by JackNoordhuis for API(s) 3.9.0
TapToDo 2.3.0 by Falk for API(s) 3.9.0
Seviye 1 by Thebarisgmgs for API(s) 3.9.0

----------------------REPORT THE DATA BELOW THIS LINE-----------------------

===BEGIN CRASH DUMP===
eNrNPYty27ayv4JxOzfNHUuW5Lc7uTOOJTc+sRwdS0n64JkMREISKpJg+ZCsdPrvd3cBkiDl2HKs
tKed1tKS3Ad2sS+A0J87ExUHPP20EHEiVbhz1tndSWUgds7ah0dHnc7JQetgd0fEsYp3zv7cSVcR
XNrpfbp41x9cXfc+9W5v393u7O4EIkn4FK+9GMeCz1+wUKVMhiydCfbCVyp6wVTMXiRLmbqzF8xV
YSruUnhyIn18LPKzqQyTPSdrtUR7vhr7yp3vJbG7118NfJXuJdnYVUHAQ2/v3PPeCD8S8TAbX2gY
IPJlCIgOD/7aNcg+yXCh/IUIRJgCBU/GwkWK+ipAhvPVayQDMFd5AgU8OAQ4s/6JRZrFIEaciR/h
voMj6/pfCDi2AHLCfvg+ncmk8X9TkQ6Izg8v9ZdYLaQnYvya8IVAmX74PoL/v3zJ/kREJzXK3yci
hAfgdvjb1+ObY09jHiY+T8UwjWU4/cHZ4Z43ozFpJpnrwt3Ozi777XsN+8/Ll8T8qc08E34iiPRh
axPSI9DXJVnL2dltr8ua7IvMkL04O5rqYbs2ZIcdC1Ab38P9GivmkQMAOyn+yxgZGN1cV9ZfmuBR
XRw0chQmHcnUF8AgWhk/9vWfsZN1Wp3OaEa2xwN2M4VP7XHLydrC8yS7wCtt3pbsA93SUgwBbbqB
7yuQlOge308XVHMVRllapys03ZsZofEiNtIMhGsM9DP61A5ZwWRO8+RLsobeSA18vgKTM+rUD6AN
wN8jW+f4PdcSDvcRauivHZhJoFsXJsZv/9ndmYpQxNzHWRJy9BA7A5g7Iu3DvGv0B/DYmCei9CQ7
+83TZgvBmfQ9cCjHx+3dHZl88sRi52zCwfpgLsYqVa4CrPtHcHUqcaaOvaNT9+jIa+0fn560Dybu
6eT05KTdPm4de/yw1fLa+63jgw4H3DGf+3IMz7Sa7Q5RywxzH2XoqWXCbkbsw2AIhvtG8XDKjpr7
jBhip0etFvshv20oYuCcdVrtDrvtsC5PQXDwUTHreTIFgV6y83736AD9xywC/MfNTvMEvn2GsSVh
NXm4+EklSP/q5mYEAPqyBH9T+KUEh/A8S9XPA2swDWB3pxzAdrNNOHmWzlQMj/228y/uzvvdHVAH
jyQC9pstuAe+i5CPfeEVI+uJCDhLtO4SNUm7NiDg5AE1OsfRxB2nj2BwpYqjTIN3w9HHd7fXXQAt
xTiRKTI6S9MoOdvbA13NsnETnPKeRrNnRABB0U+cD64s8XJIVb79uny/q9+VOMZ/KjJ2niFjidJx
DBfFh8dkRVn6qwTMYHUR81RYAlXAtlRHxhLWtba70+UDOf0pW21dgTY3z1VjRTIYgI8q9r1rwCVi
S34bWlVq628yWouDypdNlDrIYjEQcZDY7qyAVeU5aHaq8hwdXF6C7/gfBkH9d8gprsKJDGW6Pa1+
0hQcp2DJ+vgViqVnTYJV4oFhGKnog0orei1A9iDsryt1yP1Ahd3e1oTOETpOzkL5aROVvubhVSoC
S5QcYkvSAZ+zX5Xkuvvz1oQAXI5j6H71PAQkjf7FoLeXCwDSDWcc4tR5mMqLmeCpJWX9SlVvR83D
qrRdHs8/8sWDEmM2tqHABp3jDM8v6H+lvMPR+e3o/WBNUf/i0s4i6Gs9LLSrTM/USoZB+yBw1/iG
tPZZGitRO87vwIrjGIYe9yEgusrsuZNDqtIcNo+r0vDlZ77cmskRNseJNO3NjA7ZPw9Xy5mIxWtw
pxH8Z+ci9Ut1gWrqmasYbPBwvx1Uw/bpM8SycEJ+UmNoHbKJxF2xGCnl2z6/ANXyrrXEpMx12QjS
761NH0PfcSxOHpg/9zn3grO9Age6dsGHkUJ5Steeg6rCrqUrFyqG4nzQe1CXTxAyx1e3zYcEzJ9p
3q0+k+56H2QsK+IUoLo4tekWqSnWFeBD312KbSlOI3WcBbHgOFDUmE8WW484wqHPo6gSfHNIfb5t
liU/Z7olmvJXx6ySpb1cCIzJMaBxeVJNMWxoTdKqnL2F8ofA8LaUZhGGKF3hYgOTXC6XTQEcIfZm
Okf5LrIkVcG5L+LU9ioVcCX7+Lby2XQdp8bF10n4VojoKlxAKazilSViFV4rAKpSvp0p/hMPZDiF
fHlrYa+C1XEq/GweBN92b22hurf/UC0DlOl/m/AsQeAUyg5lzykLWE0A2/VgvfV0tyT9/IzXEgMd
pPwsdA/L9pElsK6ramK/tcIECV4jQUhwi8+baGroqli8yTyb+xxk8364rqVvZGc5+fLTRqWVzz/L
8AMPZTKz/bgNruvioCqPlJc+zFYZ4kNia3JV0YJTt1iqftuo1ZP5qaROgt3oKYGPpMEXn4U7G/Qh
C0N/+0HeyfnFr7jEka2yNMnmEj7PuS/lPNnaALhIMwog/QCPHyCrS2QVZqLN9lPnoyXJnoWIOgbK
vxURl9WeQQGsm0G7cU/v4Dx2RZb0ebq1yFdy8JQk05KYE0sBsmTaQz2oqFMpkp9rLaISbsvagkq7
1lcIpD9vHbQxG72F7HDB/UG/P9hWUh1rlFEQRFD8AV/C8KVbRTmXTx4Ii9W9qrg4LpCVc/8jBN1K
48yC1gr56ojcZslspHo8We2yruDeu/A1QAZvalaAruN5s0JztHkagNXTrUiE3VcpYdWAulYuXXJ/
vrX5DPfOZTzHyQz0Y6QPYlisbFDXp3IY8QCTLbukL6H19mb7b2hPcKCfAP0Ik7UqM49rh0+l+7HX
sZWTg6ph9Ljeqv1ZhJL7XR5u1Dd6wvS7I8QeD9HINC+OU+8/f6nwG6mor0Kxen9VbbzmwIqCaiXD
nXCzVC7OL7anIddxUhVtPluwJXsrljy2w6QFrCegrW+cgJakN09AwektsLNMjzUDNxLNgFY7cBHr
feTxaslqQx8qdrYlV18muJADiFWmyepFupKHx/2Av+SrBKbZ0m6a2NBqX7xTT9kGM+nLiA3hjw++
fWudE0KbGKwgI3GUIEebzyDKR0ytUF+UysH1tv9Jzc35MvNX25JKY3Mcyr4izcFXpiL9TMYTKXxv
L6LWHgaCRr4/JoVAvxdQ12KvIm2Rpl/6q7UcHWFVsz1pHv2DCfolDpXN2uPNdqr43ghu+xwL+JDL
DEVyeNg+3ZpMOULItAoG7M8bxTSagnYWlUNqs/LbdowMUbDUgvrX9YloI9X6hKyAH2mt4FLS69Vd
RTS9EoR/D5690mPzgtZX4WyjFeOLWWXlrQCtJVTt+xaMn2Z/1nL0mkyQcrq4JyXRCdTPkLKrLBn0
Gjl85wtrycht+WkLK8mEBjsdkRBebzKpat+GVhO1Tr008DOXd04ikT5zllZW8QdyOl3pNmgvdGeQ
gyLU7P0AMexxsnj96jZWIcTeubfgoSu8tzKl1ZhbHs7fR9bQGEC1hFxLxS9NNfDcQem5KlTBSu94
MQtGmGvu7FbNLK8tgbkMEsKCyUdnx08xH7/mU0vAHFJ1Zwd1vW8QhTeQ7xIC4gi3IU4geVgPylPg
ZcynX63XMiLnUun9BvMbcB9JdceBgT3i685DLxY8efPT27rojfPrwZvzducra2Bb1eVAlORod4Lm
cfOE33Y31pauihOqrd/X4tZIpLha633axvQ2vsuuIktRLa4cx3zZeEncnrVWzmyD/+v8mK1mi9Fv
4cTEWMap3QHOIdVJXrd2UP9MhnMRD2mDZKbCKf8MH68haH0EPvpQy24rN8spgfMqeHtU7zc8Gs1E
pRovQFUP3ap76H7claHqZm61BXTynNqvQOk4ORubz9Vhb/Thyt5YagC1aqgmxcWg9+GGjXrn/a1l
yRqn4wxF+kFuFER6F40RErKYL0Br+2IbUSy+zXKPO/PU8ubDVffq3HF6F6OnjH4gwsxin77WQ0HN
Nb7BXdWedC98vjw8ra7oH0LR+tVymLcbNmd+oHzpikpjlwCPxLLQV9OtWQ0igwyVCD+Fcxmm1Q3H
Bajum06r3EMaNIb/vhOeTAe5b9qWNJ6KcYkaJBE6LANWsCk7G3tUNnoTBidT+8ASz4ZW+22H9T5O
7uMXc/LvchIL8VnQNvxtyWlx4zhV1h6VL425JzJpyZZDanP+b5o3RH1z07uV7qx/8em1SuyUwYY+
Mn1uBffPk7S2NQIr/68udIEqpnebb4fuZ/znrJrdFaAHOitv+S9Z1jpp39Ncz9dJ8G/72aV7TgiX
NYGtJyzsZPzy+peqWAiobRmrb20GDq94cKPUuCIartJ/dTgEwliL3MjpLH3tc3fe7ZM4GzbA9Btv
liQG8Pc7Z034CRtNvUBWWtD0/e/nm+g+Iabck3Rb4eXelPzB1wa2/vJHjhDi5To3mwuqn6vtnbeA
a5pq3Fx0v0nqVRJ9QsaV8blMI4z2duJlQf+ZMJKT31ySbqyi3tzHdfzEDodV+APu2B8pde3X6pCv
DyPDLIp8/RpQ8iSPi+2jSjFVwr68GfJLIeQZ/hZpOo4pQzbl38yfCv8lrFoN1rarvg/noVqG7+Lt
LZ+UKCFtzLl4gklBIWlbEn59xPHe/XwDqfcvo+15KSD6hHSKh54K9GvZlW5pAa3m82sb5yr7QlmD
Xt9U8dZfG7E4+klAVPmJ3o6lVwEflZH8QjJTdj+4hP0z7ipC2pur6XW2upR3dudTAx7wTtG2iytN
8kme6QJGue6ZDKxWRFV5p3xt0L/M4tXON3BUv7oKM5OukiMpnpCijHk4nUpul4UGUvVT99lQV7qu
X9vn8xwDMpSh/CtYeLyvrDuYjcvh+pvCCHxQJ0MuZvdtS3juzAb6yTXMbscxFKzXhsdKpRuaWlfV
DY0g/8zsNtSfEAXLFoUVBu2+xYPbrkxTZWtT3eB7ThtF55ZD8HIVvVTAtlRoRGsW56ergbwTflcs
nujHausyD7wEa5HI3+HQ7C06YJI6QmyyvSlBVBGiak65LmjcOb8T12IhKqc42ODKjPvG/tsm7Dg5
+ifUlVmqhsL3a9u0CPTUOPScPLnkPCf/rCJzWE0MvnRH/aW39gbFZudbFZvDJyUPwwtf8PiaT+31
Ygv4gPIucKi7v25r+8tQxFOx+tQVcYo7OUse7M8o1qXy6ZiBKvTxfWp9Hl0FfCp64ZSOJ7I2sFYu
1Jc3OvV9AHIq4uEvw61NvgIjqs1mpf59E4Xi1u+KVzWALyuysnC2a20M395KIO1Hf0KpxMPZGymy
IZ5+YXdCaheqmVX7tUj5N/aTpX/JWdm0tXvP6u6vn99iEahT+N5FNYPvXdQNsb4jdPspvHA319G/
MzvXxW8PxKvz4Kd+rXv79T4ekAWO8+9RexM2R7iCUN3bbSAPvh1x91rwJO3jSWRfldNumGIYXhyn
ZOpxj10Ns2shdv+eNf9+9gdgQE7echlnCW7vGwoxJ7P9mtfbNk2hgLk3lL9vHI9kEPniI4+jymuG
BbCeFn6jTVqVTUz4drhaWl97SYIdQECjX8xfe18kIYaXwDC+pmgxv8FOcR/GdO2Enwq43nWpdY1G
M3Ejlm96t+9e317d9LbztoV9OoMOwHrroWHJ3vRRoQ6JmMX6JruwyQry0wAtGygPCPxiRvJRioSB
ubHe3R2n9/4f8jmPy/zFrXpWNUcnIuKhT/j3cckwLb0KF7U8GSH1zS2n6y+h3igVe7NMJls7auB3
wBrmWPU7DjJc6OxZM/W4h+XRSHXt1mYOqW/6f+xdrecIkvIoVZ4CT1oQ38CTLuRKVHwpAR6wMLDu
MVhWMg2m21MCIsMlMV7Qf4R17FvyGHhORf1ElEZ/0IxmHJ1Eo6G5aYDfkuSl6Vy9ZhSrCJJsfCHx
bOe7QfGNXahwIqcMTwF1Yif87jKW7DybsvYRax+eHZycHbTY+9EFHsx3ijf4PJxmkJy+Wkh6IFCp
9+oiFom8+xAiQBNs4OjeB49UnL5qn7b3Owicwl0BBNxXLcLF7xoR7eJPXrUJQm+lNMzrHKCcV402
gpczGJWGL5P0lZpMEGKk/iMT8eqVCi1QDPPZQPBjM+JJsgTjf/W/9I8T8jBUWegKQ7rB3ZkU+tTS
xDw4UTFcL5g1NGHEPXyJO/8eLSJzvycnE+lmUP+/In710Y2pihuJSFPMi1/RWGLlrUdKvzRcwBIh
POsWPPb1Vbd3ef7+eoRQnLINPMXU0ANdLBseDAduF3x1gqC7sbproBGbW3DnX/E2S3MV+GgHDD0z
ngULJpABgzDCZAkMBGYV+wLLYDAPEsFyCRiPBZ0uC84xgQ88ZS4OZcrGgsnQ9TNPeHgC7ZoFIq6h
CuDJCSKo40z4ROwyhftVE0SpzxtlK5XFBhee8wqKkBNJFEAHeLKsv0LEEIcKdHuemHDQQsKWKnyR
MjwWhccMRy8AYV3u+yt9Rq5MtNzLmQhZFk0hMwMETSdEu9XIzpyQse8+zmgjLUsVw0M9GaBgCR27
CmOQn8Pq6cvEKoQvDohhPH2R0njhSTWuYFC3ez6NYICYtYnls+uMkS/BC8ksSz0Fs8Ac8XvGnB1z
WKbrq0R4zg5xBiFXLRnOCWCGmdeV2EJy9m+cFHgPzY78TaYzOvOVHh3O4EmOdpAoYMkQ0oPBDSqW
JaBmcG0w1CQiBEi4E5yklyCS8koDWBsDYxaBHk3FHBMGa5w3DEwCRh3ZHa+Y0RXeb2Zucdkaje8+
ShhxFYLiuOcx8C9av8gqaHQOLPEki2n2MtDqWOCowOiLPzLuo16mcgH3LrifCfaDIQre7SVi1xTB
Zwh0Uw3Q6xSK9DO4TLRvsmAMww5me56sQnfEkzlYVgwZddKkG96DOmju5JLibbMYEooMzANuT3YZ
zXRmPAJMuF0YiwDGLsHgQ2MDXh9hQRaCieItGvmQ7AdkAjOO1Z0EExYwDCASTY2wYA7H1jB0NcHJ
gPeg0e8ymb6A4UtjeswT6FXJJmsPsx9ABlA469CwkBgNI+kZoapPBk7WF2dhiOr00GupiJRAh70m
TQa5pPnMAtyCw9yYJ7Nde3Yby8QRieMsSjVUDxgOTAC8GblIuWBwMEx4ti7NOL5Q0gO27+eA0XFl
LFIw0GBdTcvQ4OaGvqmwNAhG4OvjlZ71P/lqDNaDsZxpOEy0QNIB24GY8vEqhRFnQz3ULRpcmSBu
enyEWltKGnmyKPAKy4ZGlBuZzmEnElgElyfwIB1Eg3sFc5LayEFbGU3PqQJFKfQDaBVIaEpsNoi1
M9ZCKYA6+fh0BsPs/ddLgMnRQ/xjyH0e/0mqImLB+OeCJYMuYeA+MEcAx5ozhFRzrtqtzoFhjJzA
R5oVhr/kxRY4pHlBLKHHYG4G0S2E6MaEfvUcrFtplvWMxGhY3C3uXEgdklIi7bjejXpnbPTmasiu
r/pXI3Deg+ur3pANercMks23vdtdBjex0Tu4q8c+vnl33WOD23cXveGwWXcBlfHoHB6Z4RgIqL4o
4qMjTlBAdybIJdNoFM62DWMPscYj30K3NHDlXrtZQgVJKcgJDhqsCeX9krFpI4NsECNsiLcZYoRZ
IwHXWzpyHZGIxjuMIZhI0APN9bvRFkxqD2qLhIv5hh5ZZFfrVT9byADmJaKkFHW/ZWRNXt7PkpF8
30g+5fEYZkbDVb6vM15yQPePLk01ZMc8xcxT4LsDHmaU3dicQOaXgQ2+3M1jQt0IczPU4ZVexdPy
BuUUbLJ32udrg4f0RGW+V/AiIYgsQ1byn2jEEbEPgh61WkZWoHZJzmItSJLpaAyFbJNYBXmw1U+b
Oxq2adoaRmmMJtdsg91jUhXrGOYZKaosVvSqfG7IXhZEOn3TOSIzFxp4IddXF28yDxDvxGYuAXyD
MA+Tnd8zwBC0IfABhQUYWZJkAh1DOgOtTfN0Fp0WUiu52s0VqXMEk7U2NTd46xfHCasud5aF8yTn
/YJHCJVBFkCMxaPrWV5coCKZLpQ0F+W44nwxQ0kzZt3GIJuPDEdEsIFpdgZB96DQWFfpS3WbxtwI
vZ7Gr2/Op5DGZW60JaPMoeFCQScK2brACuUqkD7i6AF3OsHQWPAoU4GVDD6jJSylg8fMeGp5csp4
c5nt4gDiIlWO92FUD9mhE4YiRYWdmRABqdlM+TrFHPPUnVGqTyxD1gQmZIIM+TZdWpmrOrSMRZFs
6vD2na2l/BK61XiVIvJd1mhbCiTlEeFGmjNjQgB57TKPpboVU0hPS47FEiX6+DAADVtN9gZyQbCl
V5TcsYvB+114FngYw/xaSg/MnnIF7T0L/A3Cf8aO87S7zMgTGh3r3iY798BRzbg/2YNaVZcJngAb
NqSAKMPmCxqYNRHLsGchs0uR3h16NUwxub+rnSaSNr9o0GTgfQT5Msyk3w/CQZ6Hl8Unlhn4EJ2d
AjizKIwa5nut8OmbCZnIz6JQNWbsuYaxPZ1nU5DRa8uxou7BaUc/9LLJBuYZn8dTeoCbKtiYCVGc
xHyK0oG6QKwk8imZwdI2AObRD/AYVXjhS+yVUK0eQ50lkpT1R++J0wREQrHHWUq/SENaLsnpuqOZ
u6EgzRr41BlxixPAE+NsepbXMv/H2ljDmEwOq1a6nlesSf6DN6aSxceMobQRmfZbGtvFTEGNisaZ
lzAiL1LJuXk85Szhi9yJYrcl7xDhtXK+48lK4AkET3MfA5zqVmCeMlO5BSZE6UqCL7pT+hIqFw94
oWdhHPt8BWOIxhKoRV7Bovs3PpP8ViO/pkkmpbfIO0d2u2JE/QZtAPqXhnSnhu412s4SU+q7YPWp
9gvmmYZ+5oxFkFAspI9ktM8z89lQQafNw2mRVIf4mF+PHbv5XZV21b0tIl3lnQcqQ5ueaOdsTByH
UjcJKRjhdKbaHRSDnymawMO3FFush0nwUOhacSw0srGYoEVSn5HCwSy3AFI6tR8rUUqLj4QK8WFm
Ml5nFWRxyc0yAQHgPi5b97PJY8DkUd+FDBGYzR/GvwU3+2TdWEk39AlFieUtXAxARIi6pFYr5qpL
xOgdsYSmJI6niFHTkNfiplpmpGOm85BHO3qmIjrga7AO+45NoWZJyuEpuxvFCDXXh8hM1iWXVNSA
44CMX+smUlHm58ZovqDbp3uMizhBepQMNyIzq9G54kQ9Y3maSZ1S3c45MwEPu09UYmmwjhdGXbjb
sOgLeOWwobk38DeqaqBitlXB0Qwys4myFAKTrKF3AxR3zhQqhlhp4imCTamI41CFqwBLBJgfKbbz
3KRkHesec52V10kE8lh8Oo2h2NSNpaJzh4kU/pLQvC4f8QcT+F333RmMh1k8MKEAfcJS6DyUw8xZ
EsWEGC8FIFjT6i1D5ClG3pyddXbvoII+9XVjSxD0woZx3XY6RXBlDx1kqCGaidXl2QX3GM34LoBh
GDBepUXGAp53IqCKBhWCAwoxHuireVzRPSNe6RqZ5SAr3mSQnUFoIyeW+wqDkDSvr+c01jStZbVV
ncqgdNUmICFSvD/PG1Cz6C+RILXDzEN567NZEjBXbAr5aD4c8ozX1trVs8LqMuRt4RR/u6tp9xNm
BkgOAwsCk2Mah4HtWUjjPUqy5KRABJk6CKKb/eiA8iJbuzjAZzxkHti4L3liMnhIujgurZtvmAMA
j0ZXZ7nS9DWwW+z2nLHfKHhD+Nyl9s9/ECkl52WUtBchSAxMpGLpmQI7X7+hyvm+gEXxnAJ0Qrkk
FWZ4cCvwaqKtzb6mSzzojwxXfDAo6OBVUjxjl9fno7POj8e7h6d37d39u/3dzo/tHz3hKu1if8Aj
yVz0ra9OWtoT628Hhy911qP7/XZdq2c4hhYYY9N2osyD+kagNXeFyxqZm2Zx7pPzZD4uGvnkcQAP
RCqXVmKSfMAa+SoD2IJO7767JFdDpOj+CpKMEgXzs4EWpEG5VrPskKmISkFxB44vMXWQO8d0OaGc
H0ZkLCFRXemSme5DeYEVyNJ1FNFzRktJ+CEXiQtfvbO7I+5SESZ0jtPZn/jrCcL6vbGxCxnRzALg
+k7o8dgGmd9pLL5nsW999eiXrIqvE+nTYYcFYBrYP3A243josznpUMIkWlgXf0/MXqYjuhyM9WKU
dQdmWR4dFVmAIrci0a2YmBLbfowcelKBQOIRWIDh4Nr6FqySP3z6KTbziR3iVp0OdtdZA9ePD1sH
rWP4+P0VNoJOJoJ3Diadk4PjCT8+bJ+2Wu2x2D9tuacnXLS4yydi/+SYfQ+4UzUXIQR9e5BWnNYw
O+ZAh88y0jvmDmlb12f9q3T5zfDtLqioQKEknVZrv93u4K4LmMhhkti3VB+ITMPLHKl5jG/v7+4M
ZqT3nIkyCn6iHCdLJf7aCe5T1NqbjmXI8Rx/egRPACSMuH8Yv5Cj8PTP6ekdxW68ilJFAH0UGw2u
tNUCX1OxX0D++uv/ARJF+tw=
===END CRASH DUMP===
