PocketMine-MP Crash Dump Mon Aug 19 14:59:33 UTC 2019

Error: file_put_contents(C:\Users\Ongtrum\Desktop\cresix skyblock\plugin_data\EconomyAPI/Money.yml): failed to open stream: No such file or directory
File: src/pocketmine/utils/Config
Line: 241
Type: ErrorException

A PLUGIN WAS INVOLVED IN THIS CRASH
BAD PLUGIN: EconomyAPI v5.7.2

Code:
[232] 					$content = serialize($this->config);
[233] 					break;
[234] 				case Config::ENUM:
[235] 					$content = implode("\r\n", array_keys($this->config));
[236] 					break;
[237] 				default:
[238] 					throw new \InvalidStateException("Config type is unknown, has not been set or not detected");
[239] 			}
[240] 
[241] 			file_put_contents($this->file, $content);
[242] 
[243] 			$this->changed = false;
[244] 
[245] 			return true;
[246] 		}else{
[247] 			return false;
[248] 		}
[249] 	}
[250] 
[251] 	/**

Backtrace:
#0 (): pocketmine\utils\Utils::errorExceptionHandler(integer 2, string[142] file_put_contents(C:\Users\Ongtrum\Desktop\cresix skyblock\plugin_data\EconomyAP, string[98] phar://C:/Users/Ongtrum/Desktop/cresix skyblock/PocketMine-MP.phar/src/pocketmin, integer 241, array[1])
#1 src/pocketmine/utils/Config(241): file_put_contents(string[73] C:\Users\Ongtrum\Desktop\cresix skyblock\plugin_data\EconomyAPI/Money.yml, string[2567] ---.version: 2.money:.  heraldicclaw597: 1000.000000.  zahnsev yt: 1000.  elasti)
#2 plugins/EconomyAPI_v5.7.2/src/onebone/economyapi/provider/YamlProvider(143): pocketmine\utils\Config->save()
#3 plugins/EconomyAPI_v5.7.2/src/onebone/economyapi/EconomyAPI(337): onebone\economyapi\provider\YamlProvider->save()
#4 plugins/EconomyAPI_v5.7.2/src/onebone/economyapi/task/SaveTask(34): onebone\economyapi\EconomyAPI->saveAll()
#5 src/pocketmine/scheduler/TaskHandler(159): onebone\economyapi\task\SaveTask->onRun(integer 24000)
#6 src/pocketmine/scheduler/TaskScheduler(199): pocketmine\scheduler\TaskHandler->run(integer 24000)
#7 src/pocketmine/plugin/PluginManager(689): pocketmine\scheduler\TaskScheduler->mainThreadHeartbeat(integer 24000)
#8 src/pocketmine/Server(2569): pocketmine\plugin\PluginManager->tickSchedulers(integer 24000)
#9 src/pocketmine/Server(2345): pocketmine\Server->tick()
#10 src/pocketmine/Server(2205): pocketmine\Server->tickProcessor()
#11 src/pocketmine/Server(1784): pocketmine\Server->start()
#12 src/pocketmine/PocketMine(274): pocketmine\Server->__construct(object BaseClassLoader, object pocketmine\utils\MainLogger, string[41] C:\Users\Ongtrum\Desktop\cresix skyblock\, string[49] C:\Users\Ongtrum\Desktop\cresix skyblock\plugins\)
#13 (1): require(string[96] phar://C:/Users/Ongtrum/Desktop/cresix skyblock/PocketMine-MP.phar/src/pocketmin)

PocketMine-MP version: 3.9.0 [Protocol 361]
Git commit: bd69c66d0379814fc9f98811707da500d130742a
uname -a: Windows NT VPSForHoang 6.3 build 9600 (Windows Server 2012 R2 Datacenter Edition) AMD64
PHP Version: 7.2.8
Zend version: 3.2.0
OS : WINNT, win

Loaded plugins:
PortalWings 1.3 by RushToEasy, DeadOnBushPH for API(s) 3.0.4, 3.0.0
ScoreHud 5.1.1 by JackMD for API(s) 3.0.0
MSpawns 2.2 by EvolSoft for API(s) 3.0.0
AntiSpamPro 1.4.1 by awzaw for API(s) 3.0.0
ShadowAntiCheat 3.6.5 by DarkWav for API(s) 3.0.0
CustomAlerts 2 by EvolSoft for API(s) 3.0.0
TopMoneyUI 1 by ExecutivAC for API(s) 3.0.0
MagicWE2 5.7.2 by XenialDan for API(s) 3.0.0, 4.0.0
WorldProtect 2.3.8 by aliuly for API(s) 3.0.0
PurePerms 1.4.2 by 64FF00 & ProjectInfinity for API(s) 3.0.0
VoteReward 3.1.0 by LDX for API(s) 3.0.0
BlazinFly 1.8.6 by iiFlamiinBlaze for API(s) 3.0.0
AlwaysSpawn 2.2.4 by Philip Shilling for API(s) 3.0.0
AnywhereBackpack 1.5.1 by korado531m7 for API(s) 3.9.0
WorldLoader 1.0.0 by JackMD for API(s) 3.0.0
DEVirion 1.2.7 by poggit, SOFe for API(s) 3.0.0
KeepInventory 1.0 by KhoaGamingPro for API(s) 3.0.0
ToolRepair 1.0.1-3.0.0 by ArceusMatt for API(s) 3.0.0
TopVoter 3.0.0 by SalmonDE for API(s) 3.0.0
FormAPI 1.3.0 by jojoe77777 for API(s) 3.2.0
Parkour 1.5.7 by awzaw for API(s) 3.0.0
BlockProtect 1.0.0 by DarkByx for API(s) 3.3.1, 3.3.4, 4.0.0
MultiWorld 1.5.1 by CzechPMDevs, VixikCZ, fuyutsuki, kaliiks for API(s) 3.0.0
BlazinVanish 1.0.4 by iiFlamiinBlaze for API(s) 3.0.0
Slapper 1.5.0 by jojoe77777 for API(s) 3.9.0
PlayerHead 1 by Enes5519 for API(s) 3.0.0
TeaSpoon 1.2.0 by CortexPE for API(s) 3.9.0
SizePlayer 1.0.3 by  for API(s) 3.0.0
Jail 1.3.1 by hoyinm14mc for API(s) 3.0.0, 4.0.0
AutoXP 1.1.0 by JackMD for API(s) 3.0.0
iProtector 3.1.1 by LDX for API(s) 3.0.0
AutoUpdater 1.0 by  for API(s) 3.0.0
PureEntitiesX 0.6.3 by milk0417, RevivalPMMP for API(s) 3.9.0
MineReset 3.2.0 by Falk for API(s) 3.0.0
Broadcaster 1.5 by EvolSoft for API(s) 3.0.0
KDR 1.0.0 by JackMD for API(s) 3.0.0
BanItem 2.3.3 by LDX for API(s) 3.0.0
MysteryCrate 6.2.0 by JackMD, DaPigGuy for API(s) 3.0.0
DevTools 1.13.0 by PocketMine Team for API(s) 3.0.0
AdvancedKits 5.2.3 by luca28pet for API(s) 3.0.0
RankUp 0.4.1 by Falkirks for API(s) 3.0.0
SpeedEffect 5.2.3 by luca28pet for API(s) 3.0.0
PureChat 1.4.11 by 64FF00 for API(s) 3.0.0
FactionsPro 1.3.12 by Tethered_ for API(s) 3.0.0
BankNotes 1.0.0 by AndreasHGK for API(s) 3.0.0-ALPHA12, 3.0.0
GrabBag 2.4.3 by aliuly for API(s) 3.0.0
Helper 1.0.0 by nlog for API(s) 3.0.0
SETVIP 2.3 by MCPEVN TEAM for API(s) 3.0.0
banggia 0.2 by HeralDicclaw for API(s) 3.5.8
PointAPI 2.0.9 by onebone#editPhuongaz for API(s) 3.0.0
MuaXuPro 1 by KaYuu081 for API(s) 3.0.0, 3.2.0, 3.2.1, 4.0.0
NapTheUI 0.0.1 by MrDinoDuck for API(s) 3.8.0
Qua 3 by AmGM for API(s) 3.1.2
BuyFix 1 by phuongaz for API(s) 3.0.0
blockMCPE14 3.5.4 by https://vk.com/ifreeze_dev for API(s) 3.0.0
Dino 1.0.0 by xXNiceYT for API(s) 3.0.0
SClearLagg 1 by CuongDZ for API(s) 3.0.0
MapImageEngine 1.1.2 by FaigerSYS for API(s) 3.0.0
EnchantUI 0.5 by UnknownOre for API(s) 3.0.0
CustomItem 1.0.0-NCD by  for API(s) 3.0.0
MuarankUI 2 by  for API(s) 3.0.0, 3.2.0
MuaFLY 1.2 by SableIamNoob for API(s) 3.1.1
PickaxeLevel 3 by phuongaz for API(s) 3.0.0
MuaDoUI 1.12 by HeraldicClaw597 for API(s) 3.5.8
RandomBlock 2.1.1 by KhoaGamingPro - Editor for API(s) 3.0.0, 4.0.0
muakitpoint 1.12 by HeraldicClaw597 for API(s) 3.5.8
EconomyAPI 5.7.2 by onebone for API(s) 3.0.0
DropEklentisi 1 by lTooLl for API(s) 3.8.2
EC-Table 1.1.0-pre by  for API(s) 3.0.0
PiggyCustomEnchantsShop 1.2.1 by DaPigGuy for API(s) 3.2.0
tradeui 1.12 by HeraldicClaw597 for API(s) 3.5.8
RichMC_Boss 1.0.0 by RealAstro for API(s) 3.2.2
DanhHieuSystem 0.1Beta by phuongaz for API(s) 3.0.0
PiggyCustomEnchants 1.4.2 by DaPigGuy for API(s) 3.0.0
pointshop 1.12 by HeraldicClaw597 for API(s) 3.5.8
WingUI 1 by Array for API(s) 3.0.0
Admin 1.0.0 by nlog for API(s) 3.0.0
MuaCoinUI 3.5 by BlackPMFury for API(s) 3.0.0, 3.2.0
Rebirth 2.0.0 by Array for API(s) 3.0.0
FormAPI-FS 3.5 by Saehing for API(s) 3.0.0, 4.0.0
menu 1.0.2 by HeraldicClaw597 for API(s) 3.5.8
BuyEC 1.1 by Phuongaz for API(s) 3.0.0
Police 1.0.0 by nlog for API(s) 3.0.0
AutoSell 1 by phuongaz for API(s) 3.8.2
CustomShopUI 4.0.5 by SaltyPixelDevz for API(s) 3.0.0
TradeUI 1.3 by xBeastMode for API(s) 3.0.0, 4.0.0
Sell 3.0.0 by Array, KairusDarkSeeker, JackMD for API(s) 3.0.0
SkyBlock 1 by Wies and Exxarion for API(s) 3.1.2
AllAPILoader 2.1.0 by TheNewHEROBRINE for API(s) 3.0.0, 4.0.0
SimpleWarp 4.0.1 by Falkirks for API(s) 3.0.0
TapToDo 2.3.0 by Falk for API(s) 3.9.0
AutoInv 0.0.9 by JackNoordhuis for API(s) 3.9.0
Seviye 1 by Thebarisgmgs for API(s) 3.9.0

----------------------REPORT THE DATA BELOW THIS LINE-----------------------

===BEGIN CRASH DUMP===
eNrtPYty27ayv4JROvc4ZyRZL7/UcWccW058Yjs6lpL0wU4GIiEJNUmwBClZ6fTf7y4AkiD9km2l
vXem7bQWl+C+sbt4EPyjNhVxQJMvCxZLLsJav1OvJTxgtX57Z3e309nd2+vWaz6VySCORVzr/1FL
VhHcrqnrwY3LogQfrNcCJiWd4a0p99mXKE2+uCJMWJjIreO+43yUQMNxPoSzJE4Dxzlh8joRkeO4
MZP8hsjr1cQX7rXjRH464+EXjybUcQaARASro+HZ9oUI2aq5CvzXfTKlQMQjiSAiYiGRScxo0CeX
gsjUnRNkgYiYeDxmbiLiFTA4TX3/FODAYTSncX97+7i/rbjaNkxtG562KyxtD+F/LLngIWtcDJv4
9LaM3e1IgQMAb6cJ9+X2sQinfAYNIqSnaT3QEBr5AAOt99qg95i68PuX2qsW2QIRi4ccRz0FOsQ/
/T4r6f4dDT2fxVsclD1jMenUUR08nP3S7nV+Jd/GGjmNg/1fyabVWSe5LKAYQuOYrn5p//oa9PWq
TR5Q6Ba0R+e4JbJhdq/7K9mwL+aK6Ozs7v1KGo1G03SmPuk0A2zWbxIyZzH1Pe66Pl3uHOz1SbvV
ajVb6h+4/ZXOQ8kWZJWYO4Qw7HVcydwhmg25XXDwZbHT3Gt2lOKAyAT+22b6Lo34dhSLBfdYvP0T
Dfyhudhq97p3O5ZWX+MHSRdsS9HsPp1m0XCr290DQqaN4xSNQKOGGcexWbNJ955OOqHyensEGMbw
Y6vbu494gVATPPJ9TXOn6lbSnTMvhX61jSizPtbeObgPNbLgOBkPjR9EeJWGRafsgVUVpd2HKY2y
q632wUHFWHlLx7GYavwQ30lor0pIa3V7qP5c0BCidby1u/8IlZyhxg8B5eF4DpHWe8donEwYTe6g
u1+lO2IxdIkt6CBVUpojxymx1Pgh4W5BVt5B4uA+Et3eToWEvqNxalO3W/c93Wk99DS4qgs5TsQG
TfseNO29/d49aGQCajOPd6qPF1Fxq7N3H4YvGNMg4qRusiUmv0FyI2+oZMcQLOS5oNCT6sTA7+jm
F2DAczGbYSsTtnrtp4bE4tGD50VTaKtV0CVbGK5j9nsKeToL0ge7m88or2u//lmvsf//NcyTagoQ
2fDBw4XwFywASeBxHmqctew+6iLnEaCu8BjqqdPtwC0nyf79zmiDHBLQBKc+/8q2vkvmXDZ+cBX5
19/D451ut/TYBAS71jd61g0XHJdorvv9weXHi75qsnMfSR5EPjC25dQcB4JT6NRMbfDlmq1khQ/D
yO59jOxZNzw2pamfaPL7pSeSeSyWJGRL4jhn4QIk9kYJTVjuNcCNFoGgUxEuSRpeh2IJRcycShKK
hEwYWpclaEy89lgCymeeUzNMHuQk/8TrXguu1Y92fuO2Pxpx8UadZFrSCHudDEFhh0w7cxrOwOkO
wft8yXTzXta8UH3MkjQOCbi5aZMp8k8Gj/2hQHvV1hbKTItaIC2g+r2TCbejhdv+979rf/5T/P5T
/P5T/P5T/P5T/P5T/P5T/H6D4rdem7EQozBWdSHFCb5a6TFgaQKqLCYCa93mQbOF4JT7Xq3f3ttr
12tcfvHYotZXmR6qx1gkwhWAtbsLd2ccq8uJt3vg7u56re7ewX67N3UPpgf7++32XmvPozutltfu
tvZ6HQq4Y3rt8wk802q2O4paapj7DDWqWEpyOSafhqNTEb8TULiQ3WaXKIbIwW4LKoWsmfYQ0mmB
Z111yAlkLBdyH4AGHsc64TU5ujjZ7WHFO48AP4TT5j5cfWWhp4TV5OHmFyGR/tnl5RgA6mIJFXJe
S0tU4VDECfWB+kyWNFpA67VCle1mF65pmsxFLLHIuUrlfCwGVK7q5AQiyofwDUCG79BQEE+xSbfZ
aiK7+LeFcBbSCQwXan2syeo1j8GYwUNscE+KaXJiAzBY5Qxp18eBAfQRhH4YjT9/uDo/AdCSTSRP
kHmUcOSKmL1LPUumHGQLtNNsN9tlkf5D3euLk4oAz2ZcY4Oeb6gXv9YR42IU0WVoWyaD2EJ0mp2y
CAMYI42AoU0JYYiC+nPqhvXR+Ohq/HFYYnyeJJGEbr9cLpsMOEGszeQa5TkKEw4oAgjClkw2tOxt
vapx6PIrXW5KLIXMcSiQl0AeYoDjlHl53M/mFLotPnQ8hzxqu1vlji1Yt7nb3CkLdkLj6890sSnR
DDrwtqNj9b+HTYaiHKcyEcER5OrEdrgSuOR139bnbLpQ2Za5eJ73jUWkCv6PZ5Z8FrDkexXpbpgL
2XcBityU87lQbGJ6XTekXdAZdz8POnYwyEDlkLZXjQc/spBT/4SGt5iv13ovEeJGIfZoiGJoXhxH
FzCPO9xnEfse9DOcQ7CEKoHLYa6rMp0dDnye+quNmURhc5wlchBpDqr2ecjloGqYp5OmK4LtCyiF
ppz5nlUaNrLxUBIzth3AuBAGCyVpQSnDNGZDFgelbJzDqtGxYufd3ukpFBP/QwAhFo9nMBwMebIx
BX3RBKDSzziyfj7mw3doST1rlFLgAS18An1csSWN7QRuAcvBtK0c2dLD+cmPmxIZUDlOQXm97oqi
gqQLeCxWjzUDN2JNkAJke+PTrzw8BbctRCtgZQvvN3fLknF+6tOA8xCfYJsSsozVcXJ2rJ/rhKgj
f0lXUtUIdnq3oJWyRRWGlnjDOfd5REbwx4fic1PyRQqtNFgh4yuOJHK0frg6ClfLOdjzDVR0EfxX
KmAqt8pW3KlWMdcihuJgp9sO9koiHjxfRAslFjFlfm5D1rGmCk1GO5XwnOvMFrNV7YbfppK2GChd
rCPSyeATjxW/uTw5qCxMp7lXFiaCATfHhDT6cLqxjqeROs5CseA4MCQ1vyy2HvHL94xFZ+ECBom4
slIIVoZXTFWW7f1c0LcQAMIZlr0bkq2E1HFK7Kxf9YyF8K9YRHlcqtlyYNUF243ubUc8il2Wygua
bKw6LTh4ZoFAFUsBsqQrU8wxZRkNqJzrbsk2on4gwpPBpiTL8DlOxkHxax2DnYo4wLW3QpIMUplI
qArym/hNsD38pyRK5/miFBgdxzCR/1hHlCEMokRqGyWDVOP73rcfpUaa9Po95w1Oqd0ur0vgRwI4
jiLfrG5KknRVMsO/vZeOHmxWsNIoMfb4eCj1E67ivz0iKoCP5ODjr8ydDy9O2AIr10/8hl8f/6w2
163SRKbXHH5fw4iAX8tNWdJFklEAQR7q5gA5VSMNMKnN9VOLaEuQbQtRXml+oiGX81vFpgFXPaD3
99WbmqPy1VpzMD6NolLszCBVF1gv4rygCpOa8PqjhIotC462MxkwDvl0xeJ3jNqebgEfmrcImdzZ
aR9synIZPlzsyejbv9dK6YyOIlEqwnJQtQirWOxYxAm7GQ42Za8M31OSePZM82b1Vbkf/8q0AmwP
LIDVHlaeQd9U1kZ650jPcYrf61jjP5TbaynqspqpK041FyseBu1e4G56PqnA7Di/ASeOY/h5fOiZ
JuLHoT0m04CyKO2/ZoiiaT87Cmg020YCEI6btChsF7OA1emQ9redDikoP1tEwNO4OB4Oti0pjBU/
Rh4tl8I29KFxzKZWO7hMICkBXpFqqtqiBQuPV45pzAZhwhPO5I+VmbwCbsvSau5W19YC7l+3em2s
La9gXLig/vDiYrip0BdrlFEQRFBcAl/M8KWn9DIunzywsVjdLouLNRsP2RWTzC5IC1jZjW8F/1Pq
X2/Kj6eAi8fXWIcB+RjJgy9bnDxeXsfQwlWTuHZtZUEr1ce3XS6xCEMFVeLieYsl70+u7MkEuPpb
ZnuAsPrfWiah4VnCAtscBlJdRuh+2wBpyL48Omb8Y9dZoTlXxzFNmN17bLAt5u7tDmQsVIdx3ZDP
3qarTRvLZual2a8kGE7dsQVOutjrIjmokuRvTS0UG0QIVJrBxhZZDX3cK5Nz8rRoWXC2nePAPOgt
aOgy7z0vrcWWwOU1v07Vp/3UpZ39iL0wwpQWn8BrZiu9FDsIcQOuYiObUSkUY/P5bD/IBdguiQ3a
uaLh9cfI0osBlPPprb0Dpybmv1Ahpf3lxn64gFyzF++sPAu8pZBicx4fH89GjHmD6bQ8b2ND/6+Z
fuintsgWq9/A+sjV8by01yIH3do90r5rgfRJaikbtaKhU+riniypd4v8CKWPSOVw0MjgtXvWTpHZ
4tcGVk4VGpx9tRiyZmBLbFbGdpU15DFLcKHI+7IB5zHC2XtqCoVYTDmOuVh7bhM60yWMG2Q51xvY
I4XKUejFjMp3b99XRWwcnQ/fHSmNvDAyWLEwp6bqAs3i+rO4b2M6eUNnlpwZpFzT9KpBYBNbI8BG
MhlDBJNTqCRvb5SYASsTOnt2Jy92SWRCgcTvmF+ezTOAR6wa+mJj68WIy3E03SfsORyMP53ZUxAG
UCk+y2xjmffpkowHRxcb262nUOJm4+QTXyvjTGg4m3FqsZ5Byim1Eire4T7cE/02RIn5neb+c5k3
hB2n4ODx0bbgYVJec8pBZeW3mgdlEcw7AK+Yx5PhPBXhjH7dlB08EVO9b/vudxfWW+SgP6blYJ6D
Hpj2fU9/StPWfvuO+blsYI1/2y+dr8vo4BIGcLV+X7mk0XjOShvxclDZ51rVMu4iPuGhOEnd8mTA
/gs6TI7RcTIu1hflv6ndcfCqNI9RyT3B23I/b0OneibbgAuGmP8dt9fKmOnqlN/Y6VIDHnCiaMP9
QVNcX7HqnQAMZu2eHZksaHnCaKe6eJVlnMW1yjZ8GjP2lal9/xsSyWIGIlaJs8f3ooDP2YNZvHwk
x938eMld9tN4YwNYoPmE/HbsMxqf05ldjVjAB1zpGD3p5OeN7VFg8YytvpywOMGtpwUP9m8U61T4
aptQGfr4npoLGp0FdMYG4Uy9gmztuC3dqK4udKojTj5j8ein0aYEzxGi1WxOqtfr2NOM40pBuICV
o3Bl9vKjfjP4Q7yxJeECI6TIjIn1fVOPTCuzfxbwVsdqXB6ffIvFg4LmE3Z2pxRnCUqGKGD377m/
L7k/Nw1qko5j6scnsH96/lOZdwRU1nKr25aAvzMaXAoxqSTE9gsEUHtWL/lsnrzxqXt9cqEqkzW3
rw65e01v2DlbsNLrZTb4gdy+6Xxp03WcDPuT7HIiqk6lIJWwdVdZ73H3WL/kvKnK3hBfn/8rGnoi
UNuCynN9ObRc3N9a9yztQCQN9QadiDe9Zm0x9JZBNnqr3k9M1grBQUqveRLhYMUS0Yb+LabKqK9v
K2tUYyUTe6jz4AsqZhi2qZ7zyEvja1VnsYgG1z4uikpul2kl+AMljz8W4tyvDFGeXeuP0ijy9WLI
EyaPBseNMdKybZKBbm2MaEQx+yZbU9y5J5aXn85Ozo7ACsfjp8SAO6adR3MRlaLz3S2qO4na1a2N
dyyBdV7ywp3G5zj3MLS+zElMPZbaTpdB/pZgoIg/IWpzd35x/OWNkPbkrA19ZJBzxah/JJPKRvTO
8/sOEsVe84TXBGg4f8dZOsI1SLuirNwo18jtNyyh37YkKIqAjJN1xbpj9vXnr+9xzHl3L3u4hz32
ItqmF5gf7F3r+6ZKarIcPwrY39K7Ivmk2ICv5JdKOgO4PxGVJszq1gv7tV83ZBx1TMD6Ihx5AS+9
Hqau//LZfUX2ScX0MXhKtZw2sMpEVJl3NRIZXpym8aq2+SHbz65AOU4EH3P2BIGu2ITHib0vPINU
p8xbFX8az3l4zeKROmXCxLd67Vyk8jOgvzjemGNlhBynYG3d908ap6Pbr6Ag8EFTjSib3/Xe4QuH
CEBensMwAQ8WUgSs91EmQqy13yxgYWqPEfCy2mn+mpA1ul690QfBrL1cm64Gx+W558FxNd5W3wTd
+OQzc59Qdwqfu6y0oKQAf3mY0nSfEF3TRIyY71e2zyrQU+f6XzBeKQqVjPpT5/KwZi5F2xLYFgW7
5q1+7CerIb9h/glbPM2HKqv4D7wmZ1HIDqjQ3C060NF1RbHOa+ISUUWIqjmj6gUJrLjLh1QYyINn
8dy8YVQmF3ji5XPi15qCG1Ycp+Dp8ZWDskPecsbuHVnmIv0dMCAn7ymPU4nvoo0Yu1al7jP2mq5r
V+DtnQrVay+LmHBoC5iBHuhxnzmTBAiRwc0NVW/6vmhZ8P5taVa1sBr6Aid11N813nj3fUB36w3w
Erg6BVcJiOM5u2TLd4OrD2+uzi4Hm0ms9sZPvcKjt0IZluwCokQdgpHF+jrv/Oj3e4LIZ59pHJXe
78mB1VD0bXYdlnbi4DtvYmldDmCEGyac+lK/G3Vrl7tU/C6BX3w/yOL98be1aDQWJ/ZKZQapbqp+
bLv+C15WSGiUCE/gUYYZ7bUy4Vm4qCRChFQ3GBzc3iZ9KUTszVMuNyXBb4A0zJDql0t4uNDpUfO0
RhRd8BUrxVEFeCDIQAeYQHCRs2C2MUkQFw6faE7+Ec5x4E1jYDlh1e3Y2TF/8ESjoZlpgFNzFaHV
SXjNKBYRi9WrKP3aq2F+Zc5bVqfEOrETvjqNOTlKZ6S9S9o7/d5+v9ciH8fHeJTeATbwaThL6Ywd
Lrh6IBCJd3isTiD8FCJAE2ygcu+CRyJODtsH7W4HgTNoFUCqPWwpXPSmEanX/eRhW0HU4SINc4gQ
2Oaw0Ubwcg5aafhcJodiOkWIkfr3lMWrQxFaoBgiuoHgz2ZEpVyCBx3+W/3jhDQMRRq6zJBuUHfO
mT4bW5oHpyKG+zmzhiZo3MNT6LLraBGZ9h6fTrmbQkFyqPjVhy0mIm5IliQ40D9UusQ1Ka0p/Qpz
DpOMeVYTPEr68GRwevTxfIxQ9PsGHtlq6IEtlg0P1IFbfA/3EXQzETcN9GHTBIeZ+RlKeFYv+gHB
2E30CdkpMAga1seMg8Ck5F/gGQS6gWQkk4DQmJFkzvAAWAk/aEJcVCWeb0146Pqpxzz4QW55IOIa
iQCenCKCKk5Jp6xOBO6flYiSqFO6yUqkscFF+JSAIfiUKwpgAzy93F8hYshUObptc5C3JEsR/ish
+CowjQlqLwBhXer7K+QQj8LWci/nLCRpNIOiDBA0nRD9ViPrOyEhrz7P1cZePKQdcoVHAIU5ARR0
gJnEp4k+w92wCgUM1ee2+yxR+sLTSVxG5urAWoQEiFm7WNa7+vrsbLwh52niCegF5jD6PnFq5nhL
1xcSjw1XnEFSFkuCfQKYyQ4NJgtOyX+xU2Ab1Tuy87P66jBv9ShU2UtC0Q+kAJYMIa0MalCRVIKZ
IbSBqpWIUAFAS4iRnkQkxZ0GsDYBxiwCA9UVM0xYrmG/IeASoHVkd7IixlbY3vTc/LaljVefOWhc
hGA46nkE4ou2L7KK59ICS1Smseq9ePj6hKFWQPvs95T6aJcZX0DbBfVTRrYMUYhurxG7pggxg2GY
aoBd8XjYPtxWtC/TYAJqB7c9kqvQxQOBwbNiKKZlUzX4COZQfSeTFJvNYygpU3APaC7rRPV0YiIC
dLg66CIA3UnMPUo3EPURFqQhuCg20chHyn9AJnDjWNxwcGEGagCRVNcIc+ZQt4ahs6k6aB7aoNPX
CU/+BepLYvWYPnde+WTlYbIFMoDBSUepRYnRMJL2FapqZ6DK++I0DNGcHkYtESkjqONZZZNAtWl+
kwB3FhA3pnJet3u38UzUSBynUaKhWmGomAB4M3Ip44LDgZqgG+oeRxeCe8D23RwQdXITiQQoGryr
aTkaNG7oRrmnQTKCWB+vdK9/64sJeA/mcqLh0NECnmDwCNiMTlYJaJyMtKpbSrlcIm71+BittuRK
88qjICosGxpR5mR6FDPlwCKEPIYn/CAa3GyXkdRODtZKVfecCTCUwDiAXoGEZorNhmKtT1ooBVBX
MT5RJ1X/n5cAi6OH+MeU+zL+ZSIixYKJzzlLBp0kED6wRoDAmjGEVDOu2q1OzzCmgsBn1SsMf/Jf
G+BQ9QvFEkYM4qaQ3ULIboTp0zPBu4VmWfdIzIZ5a3bjQukgC4l04PowHvTJ+N3ZiJyfXZyNIXgP
z88GIzIcXBEoNt8PruoEGpHxB2g1IJ/ffTgfkOHVh+PBaNSshoCSPjo7u0YdQwbjb5XxMRBLFNCd
MxWSlTbyYNsG3UOu8VRsUU0auCKvw6xCBUUpyAkBGrwJ5b3P2bSTQTWIGTbEZoaYwqyRQOgtArnO
SIrGB8whWEioB5q3W6MvmMoezBYxF+sNrVlkV9tVP5vLAO7FIlmI2m0ZWeXru1kykneN5DMaT6Bn
NFzh+7riVQHobu2qrobsmKeIeQpid0DDVFU3NidQ+aXgg6/rWU6oOmHmhjq9qjfPtLxB0QWb5IOO
+drhoTwRqe/lvHBIIsuQFPxLjThS7IOgu62WkRWonapgcStJKtfRGHLZprEIsmSrnzYtGrZr2hZG
aYwlb/kGucOlSt4xyipSNFks1ImHmSN7aRDp8k3XiMTcaOCNzF4n2Mg8oHhXbGYSwBWkeejs9A4F
Q9KGxAcUFvj9GJkyDAzJHKw2y8pZDFpIreCqnhlS1wimam1qbrDpvXrCUZc7T8NrmfF+TCOE8iAN
IMdCesWPDunBBRqS6IGS5qLQK/YXo0rVY277GFTzkeFIEWxgmZ1C0u3lFjsR+lbVp7E2wqin8evG
WRfSuExDWzJVOTRcGNCxXLYTYEXVKlA+ovaAO11gaCx4qiPDkQw+oyUspIPHjD61PBllbFxUu6hA
3Ced4X0Y1UN+6IQhS9BgfZMioDSbC1+XmBOauHNV6iuWJX4nhpgko2KbHlqZuzq1TFhebOr09sq2
UnYLw2q8ShB5nTTalgGV8RThRpIxY1KAitpFHavGrVhCelpyHCypQh8fBqBhq0neQS0IvnSoijty
PPxYh2eBhwn0ryX3wO1VraCjZ46/ofD3yV5WdhcVuVTasdo2yZEHgWpO/Sl+LUUPEzwGPmxIAVGC
ky/oYFZHLNKehcweigxuMKphiUn9ug6aSNp8g6BJIPowFcuwkv44DIdZHV4MPnGYgQ+pQ3EBZxqF
UcNcVwY+F6ZDSv6V5abGij2zMM5dZtUUVPTac6ys2zvo6IdeN8nQPOPTeKYeoGYUbNxEUZzGdIbS
gblALBn5qpjBoW0AzGMcoDGa8NjnOFeixur4+QomE3Ix/qg4lSASij1JE/WtK2XlgpwedzSzMBQk
aQOf6itusQN4bJLO+tlY5gfSxjGMqeRw1KruZyNWqQfzLBvJ4mPGUdqITMctje14LmCMis6ZDWFY
NkhVwQ0/ckQkXWRBFGdbshkivFf0dzz4HiIBo0kWY4BT/UGMrGRWwy1wIVWuSHyvW5UvoXDxnF71
LOjxgq5Ah+gsgVhkI1gM/yZmqrjVyO5pkrKIFtnMkT1dMVbzDdoB9Kd99UyNamusnUoz1HfB6xMd
F8wzDf1Mn0RQUCy4j2R0zDP92VDBoI3fEcuK6hAf86u5o561Kk1X3TlFpEd5R4FI0aenOjgbF0dV
6klClYywO6uxOxgGf6tsAg9fqdxiPawED5keK06YRjZhU/RINc+o0sE88wBldDX9WMpSWnwklIsP
PZPQKquR/kAOUGOQAO7isnU3mzQGTJ6ad1GOCMxmD+PfnJuu8m4cSTf0+UrSihYuJiBFSM2SWlMx
ZyeKmHrLSn+ODvXJYrQ01LW4CZsY6YiZeciynXqmJDrga5AOeUVmMGaRhXqK2Y1cQ83bKjKddUm5
GtRA4ICKX9smElHqZ85oLjDsqzYmROwjPVUMNyLTqzG4Ykftk6zMVDOlejqnbxIezj6pIZYG63xh
zIWbSvJ5Aa9QG7p7A7+CWAHlva0MjuZQmU2FZRDoZA29eTBvORdoGMVKE8+PanKhOA5FuApwiAD9
I8HpPFcWrOO4x9wnxX0lgopYdDaLYbCpJ5bymTsspPCLetdV+RR/0IE/nHzATw+ZxQOTCjAmLJmu
Q6n65iFSlIrxQgAFa1pzy5B5cs2bk7/6dyoV7KnvG1+CpBc2TOi2yykFF7bqoEIN0U2sWZ46hMdo
TusABjVgvkryigUi75TBKBpMCAEoxHyg72Z5Rc8Z0dKskVkNsvJNCtUZpDYVxLJYYRAqy+v7GY1b
ltay2qZOeFCEapOQECm2z+oGtCzGSySopsPMQ9nUZ7MgYO7YFDJtPpzyTNTW1tW9wpplyKaFE54Y
fWbzCXMDVAEDBwSmxjQBA6dnoYz3VJHFpzkiqNRBED3ZjwEoG2TrEAf4TITMEhv1OZWmgoeii+K6
q7nCGgB4zD8yaH7oe+C3ONvTJ7+o5A3ps66mf35FpKo4L7KkvQihxMBCKuaeGWBn6zdq5HxXwlL5
XCVoqWpJNTDDY2SBV5NtbfY1XcWD/klwxQeTgk5eBcU+OT0/Gvc73+/Vdw5u2vXuTbfe+b79vcdc
oUPsFn4Iw8XYerjf0pFYX/V2XuuqR8/32+Na3cMxtYCOzbSTqjzUvBFYzV0R/WG1NM5iclbMx/lE
voo4gAcylatWYmSmsEa2yoBfq9U+c6pCjSKl2peQpKpQsL4vaSANVWs1ixkyob7ySdgNBD5pxkHu
NZbLUtX8oJEJh0J1pYfMqh3KC6xAla6ziO4zWkqFH2qROI/VtXqN3SQslOrkmf4feLops74QNnGh
IppbAFzfCT0a2yDzQeH8Oo1969JTh4/ll1Puq+PvcsAssD9JNqd47rA5ppFDJ1pYN3+TZhfTrrod
TPRilNUCqyxPfQIkB0VuSaIrNjVDbPsxFdBlCQKFR2ABRsNz6ypYyd999fE084vs4DaODs6ukwau
H++0eq09+PndGU4E7U8Z7fSmnf3e3pTu7bQPWq32hHUPWu7BPmUt6tIp6+7vke8AdyKuWQhJ31bS
iqo1zI7ZsPmVR3oD5I7a0PVVf0cuawxXN0HJBAIl6bRa3Xa7gzsX8JPLUtpNyg9EZsLLnA26h6+/
12vDubJ7xkSRBb+oGkd9aVC/1aCtN5vwkOL3BdQj+FUShRHfrMELFSg8/QE8/a6NG6+iRCiAPkBW
KZfbZoHLhHVzyJ9//i/zLqXU
===END CRASH DUMP===
