PocketMine-MP Crash Dump Mon Aug 19 15:27:50 UTC 2019

Error: 'break' not in the 'loop' or 'switch' context
File: plugins/ákyblock/src/MyPlot/subcommand/AddHelperSubCommand
Line: 54
Type: E_COMPILE_ERROR

THIS CRASH WAS CAUSED BY A PLUGIN
BAD PLUGIN: SkyBlock v1

Code:
[45]             return true;
[46]         }
[47]         if ($this->getPlugin()->getProvider()->savePlot($plot)) {
[48]             $sender->sendMessage($this->translateString("addhelper.success", [$helper]));
[49]         } else {
[50]             $sender->sendMessage(TextFormat::RED . $this->translateString("error"));
[51]         }
[52]         return true;
[53]               }
[54] 			  break;
[55]             });
[56]             $form->setTitle("§l§b•Thêm Người Chơi Vào Đảo");
[57]             $form->addInput("§l§e•Nhập Tên Người Muốn Thêm");
[58]             $form->sendToPlayer($sender);
[59] 
[60]         
[61]     }
[62] }

Backtrace:

PocketMine-MP version: 3.9.0 [Protocol 361]
Git commit: bd69c66d0379814fc9f98811707da500d130742a
uname -a: Windows NT VPSForHoang 6.3 build 9600 (Windows Server 2012 R2 Datacenter Edition) AMD64
PHP Version: 7.2.8
Zend version: 3.2.0
OS : WINNT, win

Loaded plugins:
AnywhereBackpack 1.5.1 by korado531m7 for API(s) 3.9.0
ShadowAntiCheat 3.6.5 by DarkWav for API(s) 3.0.0
AlwaysSpawn 2.2.4 by Philip Shilling for API(s) 3.0.0
Parkour 1.5.7 by awzaw for API(s) 3.0.0
TeaSpoon 1.2.0 by CortexPE for API(s) 3.9.0
MysteryCrate 6.2.0 by JackMD, DaPigGuy for API(s) 3.0.0
BanItem 2.3.3 by LDX for API(s) 3.0.0
SizePlayer 1.0.3 by  for API(s) 3.0.0
iProtector 3.1.1 by LDX for API(s) 3.0.0
Jail 1.3.1 by hoyinm14mc for API(s) 3.0.0, 4.0.0
BlazinVanish 1.0.4 by iiFlamiinBlaze for API(s) 3.0.0
PureEntitiesX 0.6.3 by milk0417, RevivalPMMP for API(s) 3.9.0
BlazinFly 1.8.6 by iiFlamiinBlaze for API(s) 3.0.0
Slapper 1.5.0 by jojoe77777 for API(s) 3.9.0
AutoXP 1.1.0 by JackMD for API(s) 3.0.0
FormAPI 1.3.0 by jojoe77777 for API(s) 3.2.0
AntiSpamPro 1.4.1 by awzaw for API(s) 3.0.0
PlayerHead 1 by Enes5519 for API(s) 3.0.0
TopMoneyUI 1 by ExecutivAC for API(s) 3.0.0
CustomAlerts 2 by EvolSoft for API(s) 3.0.0
KeepInventory 1.0 by KhoaGamingPro for API(s) 3.0.0
DevTools 1.13.0 by PocketMine Team for API(s) 3.0.0
DEVirion 1.2.7 by poggit, SOFe for API(s) 3.0.0
VoteReward 3.1.0 by LDX for API(s) 3.0.0
WorldProtect 2.3.8 by aliuly for API(s) 3.0.0
WorldLoader 1.0.0 by JackMD for API(s) 3.0.0
MagicWE2 5.7.2 by XenialDan for API(s) 3.0.0, 4.0.0
KDR 1.0.0 by JackMD for API(s) 3.0.0
MultiWorld 1.5.1 by CzechPMDevs, VixikCZ, fuyutsuki, kaliiks for API(s) 3.0.0
ScoreHud 5.1.1 by JackMD for API(s) 3.0.0
MineReset 3.2.0 by Falk for API(s) 3.0.0
Broadcaster 1.5 by EvolSoft for API(s) 3.0.0
PortalWings 1.3 by RushToEasy, DeadOnBushPH for API(s) 3.0.4, 3.0.0
BlockProtect 1.0.0 by DarkByx for API(s) 3.3.1, 3.3.4, 4.0.0
TopVoter 3.0.0 by SalmonDE for API(s) 3.0.0
ToolRepair 1.0.1-3.0.0 by ArceusMatt for API(s) 3.0.0
AutoUpdater 1.0 by  for API(s) 3.0.0
PurePerms 1.4.2 by 64FF00 & ProjectInfinity for API(s) 3.0.0
MSpawns 2.2 by EvolSoft for API(s) 3.0.0
FactionsPro 1.3.12 by Tethered_ for API(s) 3.0.0
GrabBag 2.4.3 by aliuly for API(s) 3.0.0
RankUp 0.4.1 by Falkirks for API(s) 3.0.0
PureChat 1.4.11 by 64FF00 for API(s) 3.0.0
AdvancedKits 5.2.3 by luca28pet for API(s) 3.0.0
SpeedEffect 5.2.3 by luca28pet for API(s) 3.0.0
BankNotes 1.0.0 by AndreasHGK for API(s) 3.0.0-ALPHA12, 3.0.0
MuarankUI 2 by  for API(s) 3.0.0, 3.2.0
MuaDoUI 1.12 by HeraldicClaw597 for API(s) 3.5.8
SClearLagg 1 by CuongDZ for API(s) 3.0.0
Qua 3 by AmGM for API(s) 3.1.2
MuaXuPro 1 by KaYuu081 for API(s) 3.0.0, 3.2.0, 3.2.1, 4.0.0
muakitpoint 1.12 by HeraldicClaw597 for API(s) 3.5.8
SETVIP 2.3 by MCPEVN TEAM for API(s) 3.0.0
DropEklentisi 1 by lTooLl for API(s) 3.8.2
PointAPI 2.0.9 by onebone#editPhuongaz for API(s) 3.0.0
pointshop 1.12 by HeraldicClaw597 for API(s) 3.5.8
BuyFix 1 by phuongaz for API(s) 3.0.0
Dino 1.0.0 by xXNiceYT for API(s) 3.0.0
MuaFLY 1.2 by SableIamNoob for API(s) 3.1.1
Rebirth 2.0.0 by Array for API(s) 3.0.0
Police 1.0.0 by nlog for API(s) 3.0.0
EC-Table 1.1.0-pre by  for API(s) 3.0.0
menu 1.0.2 by HeraldicClaw597 for API(s) 3.5.8
MuaCoinUI 3.5 by BlackPMFury for API(s) 3.0.0, 3.2.0
PiggyCustomEnchants 1.4.2 by DaPigGuy for API(s) 3.0.0
Helper 1.0.0 by nlog for API(s) 3.0.0
RichMC_Boss 1.0.0 by RealAstro for API(s) 3.2.2
blockMCPE14 3.5.4 by https://vk.com/ifreeze_dev for API(s) 3.0.0
Admin 1.0.0 by nlog for API(s) 3.0.0
EconomyAPI 5.7.2 by onebone for API(s) 3.0.0
FormAPI-FS 3.5 by Saehing for API(s) 3.0.0, 4.0.0
RandomBlock 2.1.1 by KhoaGamingPro - Editor for API(s) 3.0.0, 4.0.0
EnchantUI 0.5 by UnknownOre for API(s) 3.0.0
DanhHieuSystem 0.1Beta by phuongaz for API(s) 3.0.0
banggia 0.2 by HeralDicclaw for API(s) 3.5.8
PickaxeLevel 3 by phuongaz for API(s) 3.0.0
AutoSell 1 by phuongaz for API(s) 3.8.2
PiggyCustomEnchantsShop 1.2.1 by DaPigGuy for API(s) 3.2.0
BuyEC 1.1 by Phuongaz for API(s) 3.0.0
WingUI 1 by Array for API(s) 3.0.0
Sell 3.0.0 by Array, KairusDarkSeeker, JackMD for API(s) 3.0.0
tradeui 1.12 by HeraldicClaw597 for API(s) 3.5.8
MapImageEngine 1.1.2 by FaigerSYS for API(s) 3.0.0
TradeUI 1.3 by xBeastMode for API(s) 3.0.0, 4.0.0
CustomItem 1.0.0-NCD by  for API(s) 3.0.0
NapTheUI 0.0.1 by MrDinoDuck for API(s) 3.8.0
CustomShopUI 4.0.5 by SaltyPixelDevz for API(s) 3.0.0
SimpleWarp 4.0.1 by Falkirks for API(s) 3.0.0
AllAPILoader 2.1.0 by TheNewHEROBRINE for API(s) 3.0.0, 4.0.0
SkyBlock 1 by Wies and Exxarion for API(s) 3.1.2
TapToDo 2.3.0 by Falk for API(s) 3.9.0
AutoInv 0.0.9 by JackNoordhuis for API(s) 3.9.0
Seviye 1 by Thebarisgmgs for API(s) 3.9.0

----------------------REPORT THE DATA BELOW THIS LINE-----------------------

===BEGIN CRASH DUMP===
eNrNPYty27ayv4JROzfNHUuW5Lc7uTOOLTc+sRwdS0n64JkMREISKpJg+ZCsdPrvd3cBkiDl2HKs
tKed1uSS3Ad2sS+C0J+NiYoDnn5aiDiRKmycdncaqQxE47RzcHjY7R7vH7V3GiKOVdw4/bORriK4
1Oh9On/XH1xd9z71bm/f3TZ2GoFIEj7Fay/GseDzFyxUKZMhS2eCvfCVil4wFbMXyVKm7uwFc1WY
irsUnpxIHx+L/Gwqw2TXydpt0Zmvxr5y57tJ7O72VwNfpbtJNnZVEPDQ2z3zvDfCj0Q8zMbnGgaI
fBkCooP9v3YMsk8yXCh/IQIRpkDBk7FwkaK+CpDhfPUayQDMVZ5AAfcPAM6sf2KRZjGIEWfiR7hv
/9C6/hcCjiyAnLAfvk9nMmn+31SkA6Lzw0t9EquF9ESMpwlfCJTph+8j+P/Ll+xPRHRco/x9IkJ4
AG6Hv309vjn2NOZh4vNUDNNYhtMfnAb3vBmNSSvJXBfudho77LfvNew/L18S8yc280z4iSDSB+1N
SI9AX5dkLaent70L1mJfZIbsxWloqged2pAddC1AbXwP9mqsmEf2Aeyk+C9jZGB0c11Zf2mCh3Vx
0MhRmHQkU18Ag2hl/MjXf8ZO1m13u6MZ2R4P2M0UjjrjtpN1hOdJdo5XOrwj2Qe6pa0YAjp0A99T
ICnRPbqfLqjmKoyytE5XaLo3M0LjRWykGQjXGOhndNQJWcFkTvP4S7KG3kgNfL4CkzPq1A+gDcDf
Q1vneJ5rCYf7EDX0VwNmEujWhYnx2392GlMRipj7OEtCjh6iMYC5I9I+zLtmfwCPjXkiSk/S2Gud
tNoIzqTvgUM5OursNGTyyROLxumEg/XBXIxVqlwFWPcO4epU4kwde4cn7uGh1947Ojnu7E/ck8nJ
8XGnc9Q+8vhBu+119tpH+10OuGM+9+UYnmm3Ol2ilhnmPsrQU8uE3YzYh8EQDPeN4uGUHbb2GDHE
Tg7bbfZDfttQxMA567Y7XXbbZRc8BcHBR8Ws58kUBHrJzvoXh/voP2YR4D9qdVvHcPYZxpaE1eTh
4ieVIP2rm5sRAOhkCf6m8EsJDuFZuFrORCxec3cewX/WsK5d2mmUg9ppHbQ6AOFZOlMxoPqtMVcx
99TBXic4aoCeeCQRqkcfzkXIx77wiiH3RAQsJ1qpiZqkFzYg4OQaLZyOU2doHYLuV3Ech8G74ejj
u9vrCwAtxTiRKYqEwg9ngHF5FqbyfCZ4aglcv2LLu9c6bB1U5b3g8fwjX1RkbddkRX+yoagGneMM
z87pf6Uww9HZ7ej9YE2UM3/JV8kw4svQ1psFtUXogmnsV0UYzKQvIzaEPxC2ptsSJSK0icHqOJw4
SpAjx7kGmUT8uHADGA+VxfY8N5C6HR5VheLLz3z5oChPsUDC5jiRpu04fQRvYGYjwYeRUrZiClBV
AD1hLQHOVQxJyaD34Cx6gjpyfHXm7xv5WZpGyenubv5M6271GcXprxJwQqvzmKfCEqkCtsU6XBfr
XzBB+zhQF3wgpz9lq63pSGMG8SxuNtNULi44/Fk2bkFmt6uR7VYkgwF4zcOrVASW7DmkOsf2WntV
sa8vft6aoIDLcQzdrxYQkDT754Pebi4AOkX5WegobfvDEli12HZNxm2JRwSvkSA4wOJ4k9kmIa9N
Ia1WNv8WsOrKO/XQtXUdlaSfryZLDJD0X1zauQ+dVrWzV5duplYyDDr7gbsmJCTjzxK2RO04vwMr
jmMYelRjr33+WYYfeCiTmT2pbHDd6mrRS8pLnwdShviQ2JoCq2hhvlksVc82kXOQxaIHKUUqRfKz
HcwqcFvSNqQaNR8SSH/e3u9goLsVC7ng/qAPqe6W4kOsUUZBEEGgA76E4ctxbC43CxyWBVus7lbF
LfR/6a/WlI+wquaPW4f/oOaBH+twoxTT51FUdaUGUk9daiHyd/W7Ekf4z9Yy6ERT/mo3VLK0mwuB
mWeWqp8HdtKpAVX5Ol9IAbYd9zXx50Z8IwJIh+2Fs8GVJV4OqXvazfTXfYaMJUrHMVwUB5vYIpYz
UAsEEEQqtV0Jrcq0X48e3ySd5kAf6oEA6m6s4mxmHveolJK8EXhb6U5LYEWeqiy9UCQHB52TrYmT
IwRPWTBgH29UKaior0Kxem8bnAV8SJ474WapXECxuDUFQSRPVbR5oXOeJakKznwRp4klQAVcSZFr
IiyUPwRetlV72nQdp8bFBvFruVy2BPCE+FvpHCV8K0R0FS4gKqrYDldVeC1ZqUr5dqb4TxBawika
+bZ0VcHqOBV+NlfghViMFAhsSVaAav58zeGVrTcG1W2wtV6Ioe84FidPSz5KznYLHChs74OMZaUs
L0D1srzWV4jUFPuCEN7fXYqttUoIqeMsiAXH8UR+ZLH1SKfkA5QHt2LJY9shWsB68dP+xsVPSXrz
kAzKW8BjMT3WCtxItAKquz+q2PdMBWSJVwHXK/DjWgTzZeavtqUxjc1xlshBpDl4SmfFstF+JuOJ
FL63G5G1BtjCzt9ApZCH7wYcuxC7FWnzQTGNtNqYFO21aun09yRiFgeVk03cUJ9Ppfux17W7SznI
luagddSqxZCfRSi5f8HDjerbJ+j6jhB7PEQFa142b2C+vbi1g8XF7T+kFKBM/9tICZmfSlKcrYYS
+MgrgPPPwp0N+uBw0WF/kHdyfv4rvlzNVlmaZHMJx3OYQHKebE1MF2lGAThOCBcBskozEzRms/3U
msCSZNdChMWdq2LxJrMHqABV7XStzfSNFJyTL482UjU4m1uRCNurlrBqzFjr5V5yf741OeDeuYzn
qD6gHyN90J7FyuPNpBjucMlX2u0EC1oz3G+bg1qEHafKxddloAMVp9z/CIleUnnvWUJrhWlVvtss
mY1UjyerHXYBVcm78DVABm9q8mJ77Xma1BxtnnrSsof14F4BP+I08bXZ69VdRRTdAcW/+8/ucNq8
YBuowtkmtR1mQ3G1stOg6hRbE2zI/UCFF72tTbMcoePkLJRHm8mi/FsRcVmVpgDWFdVp3iPVWeyK
LOnzdGuTreTgK7MwTiwFyJLpbL2PPF5Vmg19qNDblq76MsFXWIBYZZqs7nKVPGzUeB6IOEhqTWcN
qzd9ahnV4f7lZbvN/oeBrf8Otn4VTmQo0+29svukKegOM7FkHX5FvKZnTeZc4sEwRy/C7UHIIbV3
4982JBiiYKIF9a8LBZfcxWUgSbWfZ0PX3gbVRBuJFNdMeJ+eqUyypvMZLZSwW3il0BZXjmNONg0N
P8V8/JpPLRlzSFVv+/Vgt0G1t4FslxCwR7igbAKzbb34mwIvYz796pZzWfnlUoHItzycv48siQ2g
+nJorUF7adKn54rcc1WogpXuK5v2CbYgG7Yvsd4aAXNZ5DgFkxt5JLKXqkMyJlRrQnfuc0hPE7HK
9pqC7Rnzs1hIlSWDXjOHN77gq5Db8mgLnorQYODxFjx0hfdWVvqoFXC1vujWTd/PXN49jkS6jZmd
e+KBnE5Xuo/aC90ZD4mP/A1EOUo2o189LwoJdityY9kVCeH1JpNqpmhD/+sGB7Rsm5HF6zcYn9cw
DW8glUuqK1QM7JEk+iz0YsGTNz+9rQ9O8+x68OaMQshznYplKgU5Ws2iedy8auhnHJ1P5X1JCfvy
u4b15tDzXs0Zmo5zPuh9uHkS/xeqzj1Bau32WuB+g+tePeme+3x5cFJ9xXjQOn6OHEh9cwGG577g
8TWf2uHZAj7wxuo8U+H04tdtpVVDEU/F6tOFgLozdJySB/sYxbpUPjUlq9DHm3j/zrglI55Vyrba
NAp+6lck60Ba+bVaAWSB4/x71NnQpH7OqilhAXpAG2/5L1nWPu40vjQ19N/Os6vonBB25YCtzU0t
yPhcppGSoe32beg/M2dy8k+YNL3Rhyt7yYQB1F5eVNnvk2tho95Zf2ulV9+4q6FIP8iNEreLWEW9
uY/LghJpvzmrwB+wMx+K9Gu/IsHxM6bGMIsiXy/NfELYGKC+qss6ClBVCe3WSZV/SIPH8N93wpPp
YIYujH/emj48FeM7XCj3hQ6WgNVxKtn4o7KRLSYzZVcPJeyfmSIR0n5CLzBbXco7O3vRgAfMKtq2
KjTJJ7w6l6Htcun0kVTr7ucb6YpfRlvjGYk+Kfe4vP6lGiYQUHv3XW9FAltXPLhRalyLb53nZB20
su5GTmfpa5+784s+hYcNF9ndirGMU3vtaA6pT+aqBn5rjGYynIt4SJ/JGAvaaVxD/fcR0PfPG//Z
lm5ySlAlF7xt4Kd86YqKlyLAI4YV+mq6NaNCZFDlEuHNjat33hwhMYv3ArS2MrAZxeLbrCJ3Z55a
3ny4urg6Az96PnpKahuIMLMTDTytD/zf5D/zz0KfNLnPwenXSwsDq75vqL0Cowk46F9m8arxDeqk
X13gwXEulBxJET4hZt9TX1sT497q+8HG9ta/PckRwmxZ52ZzQfWHxJZsBvD3T3pNeHPOb6U7659/
eq0SWzU29BEZbgX3z5K0ti6u+4z8EKliZrj54hP6zBsT486+JYQNrc2e+rcIea9mMac+jZzEQnwW
9I3pttRjceM4VdYeXwXsBbLyjSCd//3GRXSfEFDKJNgKKXZm/OC6IJO2b00Gg+85ibppDTYvh+ur
yxH4oJMecjG77zPN51bnQD+55iEuINEUrKXmY6U2etN9C8+rQO9jUHmDUUCradna4pjKYlbWpO+d
Vbx1WS2OfsJI9BN9Tk5fLz5ujtqtV+JrCau+pqmp7n04D9UyfBdvzxpLlGCEORdPqF14OHsjRTbE
Dx3t7xprF6pidV6LlH/jKixHCPmCYWVTV35Px/zXz2+xKkMfz8PpVNrtvBxSFfG+9O5Cuq5f+wzi
ObmdoQzTq2Bhg1zInfM7cS0WorL7gQ1+oDm5dTXZhB2nVNqmBojrGYbC92vLLAj01KL/Od2kkvOc
/LPy02G1C/OlO+qLzTsb5Kndb5WnDp/aqemdVxs1vfN6gVffaGD7nRrhbs4yLpKruG0D+LKd/dbo
x9haucgodJVL6LbXHaCVe09oIFfnyto82bun1dHP/gAMyOFbLuMswdVyQyHm5Eq/Zjlq7YXel9/L
+P4byig2lS6NwcFndnc5h/wz3Uui/oTSm0dXAZ+KXjil/Z+sNeyVC/U2SLe+lkNORTz8Zbi1iVJg
RFlsVurnGy0BxEGpfqdmIA+uP717LXiS9nFvq69K5zY0OsOL45RMbfj1Wm1nBwu4ViI1b84vvknb
qiS6udXd8Gg0qyqkAFWTmnbdI1verRpIn9HnKVA6Ts7GU78jxEhUkacCtmVCu1mrj/x0NZB3wr8Q
i8/fxrFVSOQfGGr2Fl0ooHRs3+R7pwRRRYiqNeV6E44g8sVHHkeVTTgKYF36b7QOrLL0DT9mV0vr
tJck+L4P0OgNatbW8CfE8BIYxk08LOYfTwh9H0Z/7bOmCrheRNZaFmBzN2L5pnf77vXt1U1vO98D
2Z9D6nUEev2WYclu91eoQ0Jpsb7J6mSygnw3QMsGyg0Cv5gWf5QiYRBxWe/ujtN3gw8tRHhc5i+u
BrTmO+2IiNvu4N/HJRuBT1AX9guzHFL/gO+xr02esyFCyqNUeQqiREF8o1LlKlzUKhWE1L3syfoX
PzdKxd4sk8nWRPgdsIY5Vr1KXIYLXb9opjZIJhdyJSrpJAEesDCw7jFYVjINptsTBZFhW5AX9B9h
HV928xh4TkX9E+Rmf9CKZhydRLOpuWmC35Lkz2lfvVYUq0jEtJvJaeO7QXHGzlU4kVOGu4A6sRN+
dxlLdpZNWeeQdQ5O949P99vs/egcN+Y7wRt8qNszyJ1eLSQ9EKjUe3Uei0TefQgRoAk2cXTvg0cq
Tl91Tjp7XQRO4a4A0qNXbcLF75oRbSGQvOoQhLZOa5qPTUE5r5odBC9nMCpNXybpKzWZIMRI/Ucm
4tUrFVqgGOazgeBhK+JJsgQTevW/9I8T8jBUWegKQ7rJ3ZkUetfSxDw4UTFcL5g1NGHEPfzuLD+P
FpG535OTiXQzCHOviF+9dWOq4mYi0hSrn1c0lthB0COlP90rYIkQnnULbvv66qJ3efb+eoRQNPwm
7mJq6IEulk0PhgNXRr46RtDdWN010YjNLfjOt/jWtrUKfLQDhp4Z94IFE8iAQRhhsgQGArOKfYFl
MJgHiWC5BIzHgnaXBeeYwAFPmYtDmbKxYDJ0/cwTHu5Au2aBiGuoAnhyggjqOBM+ETtM4Vr9BFHq
/UbZSmWxwYX7vIIi5EQSBdAB7izrrxAxxKEC3a4nJhy0kLClCl+kDHdx4THD0QtAWJf7/krvkSsT
LfdyJkKWRVPIowFBywnRbjWyUydk7LuPM/qIgKWK4aaeDFCwhLZdhTHI92H19GViFcIXB8Qwnr5I
abzwS3dXsBnELJ9GMEDM2sTy2XXKyJfghWSWpZ6CWWC2+D1lTsNslun6KhGe0yDOIOSqJcM5Acww
8zE1W0jO/o2TAu+h2ZF/Z31Ke77So5C7LRlHO0gUsGQI6cHgBhXLElAzuDYYahIRAiTcCU7SSxBJ
eaUJrI2BMYtAj6ZijgmDNc4bBiYBo47sjlfM6ArvNzO3uGyNxncfJYy4CkFx3PMY+BetX2QVNDoH
lniSxTR7GWh1LHBUYPTFHxn3US9TuYB7F9zPBPvBEAXv9hKxa4rgMwS6qSbodQo15ClcJto3WTCG
YQezPUtWoTviyRwsK56DobbohvegDpo7uaR42yyGhCID84Dbkx1GM50ZjwATbgfGIoCxSzD40NiA
10dYkIVgoniLRj4k+wGZwIxjdSfBhAUMA4hEUyMsmMOxNQxdTXAy4D1o9DtMpi9g+NKYHvMEelWy
ydrD7AeQARTOujQsJEbTSHpKqOqTgZP1xVkYojo99FoqIiXQZq9Ji0EuaY5ZgCtfmBvzZLZjz25j
mTgicZxFqYbqAcOBCYA3IxcpFwwOhgn31qUZxxdKesD2/Rww2jCVRQoGGqyrZRka3NzUNxWWBsEI
fH280rP+J1+NwXowljMNh4kWSNpgOxBTPl6lMOJsqIe6TYMrE8RNj49Qa0tJI08WBV5h2dSIciPT
OexEAovg8gRuZoJo8HVqTlIbOWgro+k5VaAohX4ArQIJTYnNJrF2ytooBVAnH5/OYJi9/3oJMDl6
iH8Muc/jH6rWiFgw/rlgyaBLGLgPzBHAseYMIdWcq067u28YIyfwkWaF4S95sQUOaV4QS+gxmJtB
dAshujGhNz0C61aaZT0jMRoWd4s7F1KHpJRIO653o94pG725GrLrq/7VCJz34PqqN2SD3i2DZPNt
73aHwU1s9A7u6rGPb95d99jg9t15bzhs1V1AZTy6B4dmOAYCqi+K+OiIExTQnQlyyTQahbPtwNhD
rPHIt9AtTXwRqd0soYKkFOQEBw3WhPJ+ydi0kUE2iBE2xNsMMcKskYDrLR25jkhE4x3GEEwk6IHW
+t1oCya1B7VFwsV8Q48ssqv1qp8tZADzElFSirrXNrImL+9nyUi+ZySf8ngMM6PpKt/XGS85oPtH
l6YasmOeYuYp8N0BDzPKbmxOIPPLwAZf7uQxoW6EuRnq8Eof7Gh5g3IKttg77fO1wUN6ojLfK3iR
EESWISv5TzTiiNgHQQ/bbSMrULskZ7EWJMl0NIZCtkmsgjzY6qfNHU3bNG0NozRGk2u2we4xqYp1
DPOMFFUWK9rPOTdkLwsinb7pHJGZC028kOvrAm8yDxDvxGYuAZxBmIfJzu8ZYAjaEPiAwgKMLEky
gY4hnYHWpnk6i04LqZVc7eSK1DmCyVpbmhu89YvjhFWXO8vCeZLzfs4jhMogCyDG4tb1LC8uUJFM
F0qai3Jccb6YoaQZs25jkM1HhiMi2MQ0O4Ogu19o7ELpS3WbxtwIvZ7Gr2/Op5DGZW60JaPMoelC
QScK2S6AFcpVIH3E0QPudIKhseBm6gIrGXxGS1hKB4+Z8dTy5JTx5jLbxQHEb21yvA+jesgOnTAU
KSrs1IQISM1mytcp5pin7oxSfWIZsiYwIRNkyLfp0spc1aFlLIpkU4e372wt5ZfQrcarFJHvsGbH
UiApjwg305wZEwLIa5d5LNWtmEJ6WnIslijRx4cBaNhqsTeQC4ItvaLkjp0P3u/As8DDGObXUnpg
9pQraO9Z4G8S/lN2lKfdZUae0OhY97bYmQeOasb9yS7UqrpM8ATYsCEFRBk2X9DArIlYhj0LmV2K
9O7Qq2GKyf0d7TSRtPlFgxYD7yPIl2Em/X4QDvI8vCw+sczAh2jPMMCZRWHUNOe1wqdvJmQiP4tC
1Zix5xrG9nSeTUFGry3Hirr7J1390MsWG5hnfB5P6QFuqmBjJkRxEvMpSgfqArGSyKdkBkvbAJhH
P8BjVOG5L7FXQrV6DHWWSFLWH70nThMQCcUeZyn9Ig1puSSn645W7oaCNGviU6fELU4AT4yz6Wle
y/wf62ANYzI5rFrpel6xJvkP3phKFh8zhtJBZNpvaWznMwU1KhpnXsKIvEgl5+bxlLOEL3Init2W
vEOE18r5jlt6gicQPM19DHCqW4F5ykzlFpgQpSsJfg5L6UuoXPwVAnoWxrHPVzCGaCyBWuQVLLp/
4zPJbzXza5pkUnqLvHNktytG1G/QBqB/aUh3auheo+0sMaW+C1afar9gnmnqZ05ZBAnFQvpIRvs8
M58NFXTaPJwWSXWIj/n12LGT31VpV93bItJV3lmgMrTpiXbOxsRxKHWTkIIRTmeq3UExeEzRBB6+
pdhiPUyCh0LXimOhkY3FBC2S+owUDma5BZDSqf1YiVJafCRUiA8zk/E6qyCLS26WCQgA93HZvp9N
HgMmj/ouZIjAbP4w/i242SPrxkq6qXdKSSxv4WIAIkLUJbVaMVcXRIyW0SY0JXE8RYyahrwW1wgy
Ix0znYc82tEzFdEBX5N12XdsCjVLUg5P2d0oRqi1PkRmsi65pKIGHAdk/Fo3kYoyPzdGc4Jun+4x
LuIY6VEy3IzMrEbnihP1lOVpJnVKdTvn1AQ87D5RiaXBOl4YdeES0KIv4JXDhubexN+oqoGK2VYF
RzPIzCbKUghMsqZepFfcOVOoGGKlhVuQt6QijkMVrgIsEWB+pNjOc5OSdax7zHVWXicRyGPx6TSG
YlM3lorOHSZS+EtC87p8xB9M4HcX705hPMzLAxMK0Ccshc5DOcycJVFMiPFSAIK1rN4yRJ5i5M0e
Pqf3DiroU183tgRBL2wa122nUwRX9tBBhhqimVhdnh1wj9GM7wAYhgHjVVpkLOB5JwKqaFAhOKAQ
44G+mscV3TPila6ReR1kxZsMsjMIbeTEcl9hEJLm9fWcxpqmtay2qlMZlK7aBCREivfneQNqFv0l
EqR2mHkob322SgLmik0hH82HQ57x2lq7elZYXYa8LZzib3e17H7CzADJYWBBYHJM4zCwPQtpvEdJ
lpwUiCBTB0F0sx8dUF5kaxcH+IyHzAMb9yVPTAYPSRfHV+vmDHMA4NHo6jRXmr4GdovdnlP2GwVv
CJ871P75DyKl5LyMkvZLCBIDE6lYeqbAzt/fUOV8X8CieE4BOqFckgoz3D4ReDXR1mZf0yUe9CHD
Nz4YFHTwKimessvrs9Fp98ejnYOTu87O3t3eTvfHzo+ecJV2sT/ghqku+tZXx23tifXZ/sFLnfXo
fr9d1+oZjqEFxti0nSjzoL4RaM1d4WuNzE2zOPfJeTIfF4188jiAByKVS29iknzAmvlbBrAFnd59
d0muhkjR/RUkGSUK5mcDLUiTcq1W2SFTEZWC4g4cX2LqIHeO6XJCOT+MyFhCorrSJTPdh/ICK5Cl
6yii54yWkvBDLhIXvrqx0xB3qQgT2gzn9E/8FSFh/d7Y2IWMaGYB8P1O6PHYBpnfaSzOs9i3Tj36
LaHidCJ92nStAEwD+wfOZhx/KMTsuCZhEi2si78nZoXWIV0OxvpllHUHZlkebZFcgCK3ItGtmJgS
236MHHpSgUDiEViA4eDaOgtWyR8+/RSbOWIHuFSni9111sT3xwft/fYRHH5/hY2g44ng3f0J/sLl
hB8ddE7a7c5Y7J203ZNjLtrc5ROxd3zEvgfcqZqLEIK+PUgrTu8wu+a7xM8y0isLD2gR3mf9q3T5
zXB2F1RUoFCSbru91+l0ce0CTOQwSexbqg9EpuFltpI+wg+cdhqDGek9Z6KMgp8ox8lSiduL4+cD
WnvTsQw57qVOj+CPexBGXAeNJ+QoPP1zenpltBuvolQRQG/uSIMrbbXAaSr2Cshff/0/NsT63w==
===END CRASH DUMP===
