PocketMine-MP Crash Dump Sat Aug 17 18:04:16 UTC 2019

Error: Trait method initEntity has not been applied, because there are collisions with other trait methods on jasonwynn10\VanillaEntityAI\entity\hostile\Drowned
File: plugins/VanillaEntityAI.phar/src/jasonwynn10/VanillaEntityAI/entity/hostile/Drowned
Line: 9
Type: E_COMPILE_ERROR

THIS CRASH WAS CAUSED BY A PLUGIN
BAD PLUGIN: VanillaEntityAI v1.0.0-alpha4

Code:
[1] <?php
[2] declare(strict_types=1);
[3] namespace jasonwynn10\VanillaEntityAI\entity\hostile;
[4] 
[5] use jasonwynn10\VanillaEntityAI\entity\AgeableTrait;
[6] use jasonwynn10\VanillaEntityAI\entity\ClimbingTrait;
[7] use jasonwynn10\VanillaEntityAI\entity\ItemHolderTrait;
[8] 
[9] class Drowned extends Zombie {
[10] 	use ItemHolderTrait, AgeableTrait, ClimbingTrait;
[11] 	public const NETWORK_ID = self::DROWNED;
[12] 
[13] 	protected function applyGravity() : void {
[14] 		if(!$this->isUnderwater()) {
[15] 			parent::applyGravity();
[16] 		}
[17] 	}
[18] }

Backtrace:

PocketMine-MP version: 3.9.0 [Protocol 361]
Git commit: bd69c66d0379814fc9f98811707da500d130742a
uname -a: Windows NT VPSForHoang 6.3 build 9600 (Windows Server 2012 R2 Datacenter Edition) AMD64
PHP Version: 7.2.8
Zend version: 3.2.0
OS : WINNT, win

Loaded plugins:
AlwaysSpawn 2.2.4 by Philip Shilling for API(s) 3.0.0
MineReset 3.2.0 by Falk for API(s) 3.0.0
BlazinVanish 1.0.4 by iiFlamiinBlaze for API(s) 3.0.0
AntiSpamPro 1.4.1 by awzaw for API(s) 3.0.0
TopVoter 3.0.0 by SalmonDE for API(s) 3.0.0
ScoreHud 5.1.1 by JackMD for API(s) 3.0.0
PortalWings 1.3 by RushToEasy, DeadOnBushPH for API(s) 3.0.4, 3.0.0
BlockProtect 1.0.0 by DarkByx for API(s) 3.3.1, 3.3.4, 4.0.0
Jail 1.3.1 by hoyinm14mc for API(s) 3.0.0, 4.0.0
PurePerms 1.4.2 by 64FF00 & ProjectInfinity for API(s) 3.0.0
MagicWE2 5.7.2 by XenialDan for API(s) 3.0.0, 4.0.0
KDR 1.0.0 by JackMD for API(s) 3.0.0
MysteryCrate 6.2.0 by JackMD, DaPigGuy for API(s) 3.0.0
TopMoneyUI 1 by ExecutivAC for API(s) 3.0.0
ToolRepair 1.0.1-3.0.0 by ArceusMatt for API(s) 3.0.0
iProtector 3.1.1 by LDX for API(s) 3.0.0
PureEntitiesX 0.6.3 by milk0417, RevivalPMMP for API(s) 3.9.0
TeaSpoon 1.2.0 by CortexPE for API(s) 3.9.0
DevTools 1.13.0 by PocketMine Team for API(s) 3.0.0
VoteReward 3.1.0 by LDX for API(s) 3.0.0
FormAPI 1.3.0 by jojoe77777 for API(s) 3.2.0
MSpawns 2.2 by EvolSoft for API(s) 3.0.0
Broadcaster 1.5 by EvolSoft for API(s) 3.0.0
WorldLoader 1.0.0 by JackMD for API(s) 3.0.0
SizePlayer 1.0.3 by  for API(s) 3.0.0
Parkour 1.5.7 by awzaw for API(s) 3.0.0
BanItem 2.3.3 by LDX for API(s) 3.0.0
ShadowAntiCheat 3.6.5 by DarkWav for API(s) 3.0.0
BlazinFly 1.8.6 by iiFlamiinBlaze for API(s) 3.0.0
PlayerHead 1 by Enes5519 for API(s) 3.0.0
MultiWorld 1.5.1 by CzechPMDevs, VixikCZ, fuyutsuki, kaliiks for API(s) 3.0.0
Slapper 1.5.0 by jojoe77777 for API(s) 3.9.0
WorldProtect 2.3.8 by aliuly for API(s) 3.0.0
AutoXP 1.1.0 by JackMD for API(s) 3.0.0
CustomAlerts 2 by EvolSoft for API(s) 3.0.0
DEVirion 1.2.7 by poggit, SOFe for API(s) 3.0.0
VanillaEntityAI 1.0.0-alpha4 by jasonwynn10 for API(s) 3.0.0
FloatingTextParticles 1.1.2 by XenialDan for API(s) 3.9, 4.0.0
AutoUpdater 1.0 by  for API(s) 3.0.0
BankNotes 1.0.0 by AndreasHGK for API(s) 3.0.0-ALPHA12, 3.0.0
AdvancedKits 5.2.3 by luca28pet for API(s) 3.0.0
GrabBag 2.4.3 by aliuly for API(s) 3.0.0
FactionsPro 1.3.12 by Tethered_ for API(s) 3.0.0
PureChat 1.4.11 by 64FF00 for API(s) 3.0.0
SpeedEffect 5.2.3 by luca28pet for API(s) 3.0.0
RankUp 0.4.0 by Falkirks for API(s) 3.0.0
AutoSell 1 by phuongaz for API(s) 3.8.2
FormAPI-FS 3.5 by Saehing for API(s) 3.0.0, 4.0.0
muakitpoint 1.12 by HeraldicClaw597 for API(s) 3.5.8
EnchantUI 0.5 by UnknownOre for API(s) 3.0.0
MuaDoUI 1.12 by HeraldicClaw597 for API(s) 3.5.8
PiggyCustomEnchants 1.4.2 by DaPigGuy for API(s) 3.0.0
CustomItem 1.0.0-NCD by  for API(s) 3.0.0
Admin 1.0.0 by nlog for API(s) 3.0.0
menu 1.0.2 by HeraldicClaw597 for API(s) 3.5.8
Qua 3 by AmGM for API(s) 3.1.2
SClearLagg 1 by CuongDZ for API(s) 3.0.0
MuaFLY 1.2 by SableIamNoob for API(s) 3.1.1
blockMCPE14 3.5.4 by https://vk.com/ifreeze_dev for API(s) 3.0.0
RandomBlock 2.1.1 by KhoaGamingPro - Editor for API(s) 3.0.0, 4.0.0
DropEklentisi 1 by lTooLl for API(s) 3.8.2
Rebirth 2.0.0 by Array for API(s) 3.0.0
Helper 1.0.0 by nlog for API(s) 3.0.0
PickaxeLevel 3 by phuongaz for API(s) 3.0.0
NapTheUI 0.0.1 by MrDinoDuck for API(s) 3.8.0
BuyFix 1 by phuongaz for API(s) 3.0.0
Police 1.0.0 by nlog for API(s) 3.0.0
EconomyAPI 5.7.2 by onebone for API(s) 3.0.0
DanhHieuSystem 0.1Beta by phuongaz for API(s) 3.0.0
RichMC_Boss 1.0.0 by RealAstro for API(s) 3.2.2
Sell 3.0.0 by Array, KairusDarkSeeker, JackMD for API(s) 3.0.0
tradeui 1.12 by HeraldicClaw597 for API(s) 3.5.8
MuaXuPro 1 by KaYuu081 for API(s) 3.0.0, 3.2.0, 3.2.1, 4.0.0
SETVIP 2.3 by MCPEVN TEAM for API(s) 3.0.0
pointshop 1.12 by HeraldicClaw597 for API(s) 3.5.8
MuarankUI 2 by  for API(s) 3.0.0, 3.2.0
MuaCoinUI 3.5 by BlackPMFury for API(s) 3.0.0, 3.2.0
PiggyCustomEnchantsShop 1.2.1 by DaPigGuy for API(s) 3.2.0
ReviewComment 1 by KaYuu081 for API(s) 3.0.0
WingUI 1 by Array for API(s) 3.0.0
PointAPI 2.0.9 by onebone#editPhuongaz for API(s) 3.0.0
banggia 0.2 by HeralDicclaw for API(s) 3.5.8
Dino 1.0.0 by xXNiceYT for API(s) 3.0.0
MapImageEngine 1.1.2 by FaigerSYS for API(s) 3.0.0
BuyEC 1.1 by Phuongaz for API(s) 3.0.0
CustomShopUI 4.0.5 by SaltyPixelDevz for API(s) 3.0.0
TradeUI 1.3 by xBeastMode for API(s) 3.0.0, 4.0.0
AllAPILoader 2.1.0 by TheNewHEROBRINE for API(s) 3.0.0, 4.0.0
SkyBlock 1 by Wies and Exxarion for API(s) 3.1.2
SimpleWarp 4.0.1 by Falkirks for API(s) 3.0.0

----------------------REPORT THE DATA BELOW THIS LINE-----------------------

===BEGIN CRASH DUMP===
eNrNPYty2ziSv4JTtm6TK0mW5LfmvFeOJCfe2LHWdh4zy60UREISRnwNQVpWtubfr7sBkiDt2HKs
zOxUZSw2iX4AjX4BBP/dmEZJwNMvNyJRMgob/V6zkcpANPrd3b29zt5uZ3ev2RBJEiWN/r8b6SqG
W43Rl8HF+fj0bPRldHl5cdloNgKhFJ/hveuEy5QFIp1HHpOhTEdhKtMVm3PFwihlEyFCxuPYl8Jr
wpXLMyVYOheJYBz+uZHvS+RFsaVM5yzCWyy1sCoWhexXrqJwuQrDbsdxPvJQ+j7XlI5PHUfQL8eZ
RyqVvnCcYRItQ+EBp1O4BjZjP5vJUG3VmrbjOU+2VOJuWQTqD21p9FsG+1aJ3JchID/8vWnwf5Hh
TeTfiABaAFFPJsJNG/ldgNQwwy038gR2dRfu/u//xfMYYD1sK1wf+uelShPppl9wJNRR99VPcHsb
bocchiDmrnhaz2DzHWgOf3bhDw7Feu2PZ4JPfEGjjUj2ntR64MtgIsNZ0Xz/Sc1PUxG8jXxPJAWC
Ay3EIfyBflKKmUFh4jYVIejMLxFQFOzf8FC3A085KdKrYWoyW64mu8Nnt0tN42ziSxd0NVQpez+6
/nRx+e7L6ZAdMSX8ab8/vLz49H40pBY9zVl3W7dMohR0ABibZqGbgp7TZFi9SfgNyPbyFeuzm0h6
mtEdauOkcvryv/6SzqVq/U2qDyGwu+SpSF6+eqWf2zXPAX7QkTDt96tIiZE989DveLFPF/QTu+73
BugsTDIXdO+f/2o2ZiIUCfdREVGz4Ilx5C5Eeg4K3jofQ7MJV6I0G43t9mG7g+BM+h5Yj/39brMh
1RdP3DT6U+4rAVoPskcwvxv97T24O5M4Jybe3qG7t+d1tvcPD7o7U/dwenhw0O3ud/Y9vtvpeN3t
zv5OjwPuhC98OYE2nXa3R9Qyw9wnGXrRUrH31+zj+OokSt5GPJyxvfY2I4bY4V6nw17mj12JBDhn
vU63xy57bMhTEDyEDmUjT+KYvGLH58O9HZypMAH7jf12r30AV19BlUhYTR5ufokU0j99//4aAHSx
hJldWACFXXjsL/lKXcV8GVo9akObjbIre4AdSfMMrF0CCP7ZGM+lL2N2BX/AxMwaMEI8lnhnu90B
VuBahKi3wF2aZNDXnohR7fVoqmiaDm1AwMn6xIRWGayOw4kjhRw5zlnEQc/QqMEPePjq+vjy+gMO
/VJMlExRBJQTVeJSKJFaopUwW7C82yzBTri/eFAaozpriQPPLmSyUI4TAP0E6TuOzYqRZHxxhTP2
bHhHltc+/ypDtDtqbolTAdsSdYHf2lBJeeLzQMoQG4mNyVZF6zg2S9WrdeQ8BkMKiheMk8hWSAta
lXKn3a1KyZdf+XJjwhE2UD+gD8oXgJ0AB1Nh5lGJrqP4I1jWxBKnAFV1sFPXwSvuB1E4HG1MnByh
4+QslL/WkeXKjRLxNvMsWQqQLctuu1sfl79zd3E+3JgkGp3j5OTLX+vIMY6SlPtgdGeq4khKaFXL
tquyXGZqfh2NuFo12VBw7yJ8DZDx25p0OP+eJ6XmCEwFXq5lJcAXjrUjr1gJC1y3EjWdG/Jk8Xp1
WxFlmwYT/6JIO88SyeYFzUOFs0cF/DuXtuuny9pQ1RVvHq1kGHR3AveO8j1XlhK14/wKrDiOYehx
BcwSMRZJUFG/AlY3cb2qRHs7JycQNPw3g477FTruNJxiOrPa2OT6oik4TsGS9fMx8eZpGqv+1hYE
UfNs0najYIvamrSmxIMems+k+2nUsx10Dqrak/16J3wWoeT+kIdrjeoTQo9bQuzxEKed5mX9kOPd
8NKSBa8emW4/yCwCZfrfOrp4vlJg/leDhKfCHggbbEuxdzdYMlI0wXqM5exNttq4QDY369nDe/RQ
I9uqSKY99HkUitWH06qPzoGVIawKProVbpbKm+PB5kIOMCZpFK9v9K+jyL8UMZfVEKMA1jWw27on
1DhOXJGpc56mmwrhSw7qotw3ee4ZLU4sBcgSSCmNl4hsKS1gNZS6E36cDT9vbIQAl+OUpL9bHQFP
63wwHm1ZYhjfQJUFKdTnmn8o4ba8nfZePUQJpL/o7EAy3Wxciht5w/3xOWTHdhccfv/YJhplHASg
pzHwJQxf2k/kXD55yC1Wt6riop4LfhVHkZ2oFqCqjt+xTwOIo8TteLQp+XN8T9HsvE37dvUVxRmK
G5widgRQgKridLfr8pQlDwZdEGxqyub0Hcfi5GkjWHK2VeAAYTHDuBRLntipgwWsz97OD569Jen1
Zy8IeoOJEjVrB24s2gH5j5MoCY7HtvPIIfXQtCbWr9GvkdjH/yrS9Z4hXYnScQwXxY+1ggGq+thK
mUNqhaCaH7yJ/CtgaVOaaIjC4BTU19DD5XLZFsAJYm2nC8qIEmjmclVNwG1odYx2f6xcFmFIfipc
fJ98n6LE90x0WspnQ/+cANTioHKxVpVBfoV0ga8qIlnAukRV17exWgkSPEOCjlP+Xiu5gxQ6ymzm
c0hN19r7f0DtKta0n1BE4CEuPtjTxUCqJmC7HnNs3Eobus8PsHIBULnm3IuWWMMbzAW3qyT1O1Wf
tFc3DVgo+cRvNuZ7NTrQteMB/e/xZFPXVk/81Z2CMMKqunbQ3vsTq8HAj/VzrTlEU/2t4HbAYAEf
yslCoXZ3u4cbkylHCMFtwYD9ey2/mvmpJDtou9YSWLcMNZkGX4U7H59DSIWu8KO8lYvBL7hmnK2y
VGULCb8X3JdyoTYmtos048ADmo4TIKtLZBVmo832U+ekJcmWhQhnps/juGrzDaTeOeuFUYfPkF1p
yt9teUqWtnIhcmd9tzxbAddt7EHNRfgy81ebMjoam+PQwMZ5Ufa7svXzTCZTKXxvK6YUABe6Wvle
hhQyxK2AIp2tirS44pOl0eexvdijAbUc6A+KWzTx51aYjAgg3SBTaRQc+yJJ7aC6Aq4M+Y+NP226
jlPj4vsi0OHoo0xkJS0vQPW0vBbvxNEMl9ph6l+ciI0tHRNSx7khFhwH7Jf5ZbH1iGetb36xctY7
22Jq0XWL+/Gc15Zerc0jzxOzVgSy8r4Ht6dY7D4i+QncT3FfibhNIWpNpesLW3Hvv1+fq2vV6g+f
vf5ilerv5etu3f6BhWeYsh9ij1cTRRtaG+ofknScS4X1bUAcZZqsNkklD+uE74v3YF1VNYA3sEey
wePQSwRXb9+8q+tp6/hs/Pa42/vONc3GyI3CKFhhGaIUtyRHwb7mcf1M5di74aErvHeyYlwr4Ooy
Uq+es/iZy3sHsUif6Ukqq3djOZuttHEdhe6ch8RHXoWxxLcY/W6XU0iwVZEbuudNwiev+czqmRxS
DTJ26p2yRpCxRo+cgL+/TniopqC4d2OOGfAy4bPvlrsMOHKp0Hxx2rmmqttHbOid1eKarboWtOPT
+7IJhRjMKY+0d4yUHWFxBfZLX6yr+QXy6vKAoVfbINO9b/n4aeJZ6n3fQNvd+xn8bZSp8aiVwxvf
WFlGbstfG1hXJjSYScRCeKPptBpm29D/OKsAYtj9ZPH6AwzDJZjaD7HVNQZQXVPauW9LHO5ie26n
WK6gmS9l4FJro1lVs3yxCZjLYscpmFzLl18J3685cgI9UDiI51kUzvjXinwHEMx8rzfPEWofjuTX
921GL1onV3fXFRBYrU7t1jeOifl9uzGfG3ABfXXGQ9xtpSlYiwyTKFprC0+Q8YVM40iG9uS0obVo
smag3+L2X0+6A58vdw+rKf8upMvfK1tOfv0hMrO4sm2ghFUnU22APoSLMFqGF8nmKm8lSoz3DRfr
C3Oe8WFUESWH/DnDYaivL8B95tXyjvca3we3WW18L0uOEHzeXW7WF1S3q5XoLeDdlPT9YPhDspWS
6FNi9kBW9prT9SNpSehHs40NAyIDi4x012c7EGFmmyu8rDP9B82Mq8WKtk2uz/w/Mm7xjlcV71FL
AYM35xVeu8/wgIAMdOMf19211v0GvuDJGZ/ZKYsFfMB1D9DRDn/Z3EZpkczE6stQJClWF0om7N/Y
/Sf0ik4dusa7CRk/Ofu5am0RUKuY1d06SHLKg/dRNKkNUfc5hpaWZ97L2Tx97XN3MTzHGj9fc6Vm
grqIq2z4TlAhjg2thSr19xLy0PVmQWGrnCZCfBX0fs6mhtPiBgKVCmuPygdhpxcFNOOqEXMBrWbT
d7aevZtH/A0HazODBIm16E2eKNl4bGZx9EaAzr6hF6Vo7+ajMg6TKB4tfNzFpaRdyK3AH5h//nUU
nfkbC5yvMnxJjDZoPsExXoqJTFL79ZgcUh2hunuBpB9i2YVIrujNKZMENBtnkMZ+AvTng8a/NqWJ
OSVIZwreHhXsrfCrC2MG8Md7TU34KUGZu+C34kzciMorezb4AV90b0b2rBcqLMKOU+Zn68rznsfX
c1EJkwtQNeDv1M3AeTKUYTTM3EVtmjyjWlygBPNt2HjCPo9sdSJv7SqxBjw1Q37W2yBE8gn6FPnS
FZV3dgjwx88ETfgJyWJZ9LCyRbsS8uDrDlEoJvBvY0IYfI4jNAuAFNJGm53HnQYP52+lyK5wO72d
i9RuVOdF97VI+Q/WqnJe56ysuxJ0Txntl6/vYJKRf5Hu/Hzw5XWk7MzShj6ihpeC+8cq1VVga7vn
9ztKpPq0da5aXexOTWz7Hvd4nv0GGJDJd1wmmcK9SldCLIji9yzE11aDvh2F+/5bKjetO8vSBPoh
s0OYHPLnVDGI+pOKMJ+z6tpFAXrALL/jP2dZ56B7T0yZv9mMf7vPjjFzQpQffM7WF+xqdP3x1N7k
YQC13S41jwkx+sf37Hp0fL4x06BxQr4m0o9yrWIyFQXVPLLr5SXsz1GrGGk/Sa2wiF6v7hnYt7ef
fEudnpFqIk3HMYPwBP4H0ON1/g3swUo4JbTj85MsWTV+gDi/uBFWkYaRvJYifFax8qqqYt96or6l
prtG0bL3o4qWV09SQ3y7RywHUaAPnbGyNBv+PXbu+fbscu33CmkjHyTzFW00gG/zXon/m9Yb5JtL
LenF9aeE0mDDquFoAarny4f3BqMvhCfT8aaDNy9KsFjyrNB0wsPZTNpFzxxSDUbvM9dD6bp+bRv+
c2y1oew4JQuPh9YYcVoBNV4+Elvefn4P+cjP15tbrQCiTzDRPD4N+EyMwhmdNGW9z1258chOsRMu
ZyK5+vlqY2IUGFEWm5X69Zop82hQzZhHg7pM9QNyNp8yC/epq0VoqCsGqwK2BcAA8c5qsp+uxvJW
+ENx8/XHRPoVEvnOVM3eTQ/CNe361nlHTyGqGFG1Z5zeG8UYvPput4E8eMjH7WvBVXqOh559V6l2
TckNL45TMvX4GprvA9Y7b31VwPWidM1cXM/Fe7F8O7q8eH15+n60oWq0/QarXhnR23MMT3YZtELe
cWze19mBTkmFWQiz04oc9EAU8UkKxSCrZKPbW077gZ+32vXt/SxWqLga+xFuLaC/a4gmg9gXn3gS
V16BK4D1Gdv9MTt1Klv48A2NaGldjpTClQFAo9+svnPYlSKGl8AwvkJnMf+IhmPWBZlCIFJRf9+5
dT6mkxChRaulRWkBQ5KmGB2e1o6TKBYJvX/eb7wYF1dsEIVTOWN4zqKTOOGLk0Sy42zGunusu9vf
OejvdNiH6wGevnaID/jgsDPwD0cQnuJ1EKXe0SARSt5+DBGgCbZweO6Dx1GSHnUPu9s9BM7gqQCs
yVGHcPHbVkxvEKmjLkHocLOWeQkDRvao1UXwcg690vKlSo+i6RQhRurfMpGsjqLQAiWgiAaCP9sx
V2oZJd7R/9B/TsjDMMpCVxjSLe7OpdCHQCrTcBolcL9g1tCEHvfwfKX8Or6JzfOenE6lm4HNPSJ+
9fl8aZS0lEhxR7Y6or7EirvuKf0WUQFTQnjWI3h85NFwdHL84ewaobgVuqX4jTD0MFVoedAduKPt
6ABBt5PotoXabx7BVZziHZT2KvBRDxjaFDwXEVQgAwbxfEPUBAYCs4p+gWYwsE9KsFwCOv4znQsG
s1rBD54yF7sSzwxlMnT9zBN4pCi7o4GI6yoKoOUUEdRxKj4VTX2QqEKUbJIIvmCrKEsMLianDAZC
TiVRgDHAgzr9FSIGC1qg2/LElMMoKLaMwr+meHSj4AnD3gtAWJf7/go5xKMatdzLuQhZFs/A7QCC
thOi3mpkfSdk7MWnudAnnEZABcwloGB4xicyn6IV8DmeFkm3iVUwvBwQQ3/6IqX+wncvXMEgV/R8
6sEAMWsVy2dXn5EhwhtqnqVeBLPAHNraZ07DnIjo+pESntMgzsBZREuGcwKYYeYlI3YjOfsHTgp8
hmZH/v5Rn+GLFdQUAokl43Q+ZgQsGUK6M7hBxTIFwwx2EbqaRATLnp/wikjKOy1gbQKMWQRGNBVz
TOhmcN4wUAnodWR3smJmrPB5M3OL21ZvvPgkocejEAaOex4D+6LHF1mFEV0AS1xlCc1eBqM6Edgr
0Pvit4z7OC4zeQPP3nA/E+ylIQrW7RVi1xTBZgg0Uy0Y1xnEyX24TbTfZ8EEuh3U9litQveaqwVo
VrIARW3TAx8UnhQK1HJJ8bF5Ap4wA/WAx1WT0UxnxiLAhGtCXwTQd0rR6aLQN2D1ERZkIagoPqKR
X5H+gEygxkl0K0GFBXQDiERTIyyYw741DJ1OcTLgM6j0TSbTv0L3pQk18wRaVdLJWmP2EmTAA1d7
1C0kRstI2idU9cnASfuSLAxxOD20WlFMg0Aneqo2gyjI/GYB7qpgbsLVvGnPbqOZ2CNJksWphuoO
w44JgDcjFw0uKBzVRzw94zidxJqp+zlAHUGdi6CjQbvalqLBwy39UKFp4IzA1icrPevf+NEEtAcD
AabhMNECmaLxCMSMT1Yp9Di70l3doc6VCnFT82sctaWknieNAquwbGlEuZLp6Gsq8VzlkAH3IeHC
fR85Sa3kMFoZTc9ZBAMVoR1ArUBCM2KzRaz1WQelAOpk49M5dLP3Hy8BRksP8Y8u93n8QwoVEwvG
PhcsGXSKgfnAGAEMa84QUs256nZ6O4YxMgKfaFYY/tRfN8AhzQtiCS0Gc7MEzwiGmS70uVqg3ZFm
Wc9I9IbF0+LWhdBBlRJpw3VxPeqz67enV+zs9Pz0Goz3+Ox0dMXGo0uGpyGPLpsMHmLXF/DUiH16
e3E2YuPLi8Ho6qpdNwGV/ujt7pnuGAvIG8jjoyFWKKA7F2SSqTcKY9uFvgdf45FtoUdauKlFm1lC
BUEpyAkGGrQJ5f2Wsmklg2gQPWyIjxlihFkjAdNbGnLtkYjGBfoQDCSoQfvu06gLJi+AYYuFi/GG
7llkV4+rblvIAOolYlWKut0xsqpX97NkJN82ks94MoGZ0cJj1XXESwbo/t6lqYbsmFbMtALbHfAw
o+jG5gQivwx08FUz9wl1JczVULtXetFCyxuUU7DNLrTN1woP4UmU+V7BiwQnsgxZyb/SiGNiHwTd
63SMrEDthIzFHSdJqqMxFLJNkyjIna1ubZ5o2appjzBKY0byjm6we1Sqoh1XeUSKQ5ZEdOJyrshe
FsQ6fNMxIjM3WngjH68hPmQaEO/EZi4BXIGbh8nO7+lgcNrg+IDCDSiZUpkwZ+srMcvDWTRaSK3k
qpkPpI4RTNTa1tzgo9/sJ8y63HkWLlTO+4DHCJVBFoCPxfPLWZ5c4EAynShpLsp+xfliupJmzF0d
g2g+NhwRwRaG2Rk43Z1ixIaRvlXXaYyN0Opp/PrhfAppXOZBWzKKHFouJHSikG0IrFCsAuEj9h5w
pwMMjSXmmPQw3UZLWEoHzUx/anlyyvhwGe1iB+K+1xzvw6ge0kMnDEWKA9Y3LgJCs3nk6xBzwlN3
TqE+sQxRE6iQcTJk23RqZe5q1zIRRbCp3dsLe5TyW2hWk1WKyJus1bUGkAaPCLfSnBnjAshql3Es
5a0YQnpackyWKNDHxgA0bLXZW4gFQZeOKLhjg/GHJrQFHiYwv5bSA7WnWEFbzwJ/i/D32X4edpcR
uaLesZ5ts2MPDNWc+9MtyFV1muAJ0GFDCogyLL6gglkTsXR7FjI7FRndolXDEJP7TW00kbQ5tr7N
wPoIsmUYSX8Yh+M8Di+TT0wzsBEdugY4sziMW+a6lvicmwmp5FdRDDVG7PkIY90pj6YgoteaY3nd
ncOebvSqzcamjc+TGTXgJgs2akIUpwmfoXQwXCCWin0KZjC1DYB5tAM8wSEc+BJrJZSrJ5BnCZWy
8+sPxKkCkVDsSZbS90RolEtyOu9o52YoSLMWtuoTtzgBPDHJZv08l/kb62IOYyI5zFrpfp6xKp3M
izyTxWZGUbqITNstjW0wjyBHReXMUxiRJ6lk3Dyecqb4TW5EsdqSV4jwXjnf8Rx0sASCp7mNAU51
HTEPmSndAhWicEXha4wUvoSRi98JoLbQj+d8xfT3VYLoJs9g0fwbm0l2q5Xf0yRVaS3yypFdrrim
eoNWAP3tGF2poWfNaGfKpPouaH2q7YJp09Jt+iyGgOJG+khG2zwznw0VNNo8nBVBdYjN/LrvaOZP
VcpV95aIdJZ3HEQZ6vRUG2ej4tiVukhIzginM+XuMDD4m7wJNL4k32I1JsFDoXPFidDIJmKKGkl1
RnIH81wDaNCp/FjxUlp8JFSIDzOT8TqrIItLZpYJcAD3cdm5n02eACaP6i6kiMBs3hj/Ftxsk3Zj
Jt3SpyIoy1q46ICIEFVJrVLM6ZCI0X5//Ykf7E+R4EhDXIvb5ZmRjpnKQ+7tqE1FdMDXYj32gs0g
Z1Fl95TVjaKH2ne7yEzWJZeU1IDhgIhfj00cxZmfK6O5QLNPzxgTcYD0KBhuxWZWo3HFidpneZhJ
lVJdzukbh4fVJ0qxNFj7CzNc+PZmURfwym5DdW/ht35qoGK2VcHxHCKzaWQNCEyylt5HWTyJ3/Tp
a1baeGhsW0bEcRiFqwBTBJgfKZbzXFWyjnmPuc/K+yQCWSw+myWQbOrCUlG5w0AKPxezqMtH/MEE
vhhe9KE/zOKBcQVoE5ZCx6EcZs6SKCpivBSAYG2rtgyep+h5c15H/95OhfHU940ugdMLW8Z02+EU
wSO76yBCDVFNrCpPk9EZM/iNKugG9FdpEbGA5Z0KyKJhCMEAhegP9N3cr+iaEa9UjcxakuVvMojO
wLWREctthUFII6/v5zTujLSW1R7qVAalqTYOCZHi83ncgCOL9hIJUjnMNMpLn+2SgLljU8h782GX
Z6y2Hl09K6wqQ14WTmVq+jOvJ8wNkAwGJgQmxjQGA8uzEMZ7FGTJaYEIInUQRBf70QDlSbY2cYDP
WMjcsXFfcmUieAi6OK6ZmSuMAYBHM1b9fND0PdBbrPb02T/JeYP7bFL551+IlILz0kvaixAkBgZS
ifRMgp2v31DmfJ/DIn9ODlpRLEmJGZ7kBrwab2uzr+kSD/onwxUfdAraeZUU++zk7Pi63/tpv7l7
eNttbt9uN3s/dX/yhBtpE/sSDxJz0bYeHXS0JdZXO7uvdNSj6/12XqtnOLoW6GNTdsq/7Abszri7
wmWNzE2zJLfJeTCfFIV8sjiABzyVSysxKu+wVr7KALqgw7sXJ2RqiBQ9X0GSUaBgvsJmQVoUa7XL
ClkUUyoobsHwKZMHuQsMlxXF/NAjE+njF+woZabnUF5gBaJ07UX0nNFSEn6IRZLCVjeaDfoIGX3U
DheaBxAgWB+VmrgQEc0tAK7vhB5PbJD58l5xnSW+denRRwWKy6n06YClAjAL7K9YzTl+3cicriRh
Et1YN39VZqPGHt0OJnoxynoCoyyPzpguQLFbkehSTE2KbTcjg64qEAg8AgtwNT6zroKV+s2n722Z
X2wX1+B7WF1nLVw/3u3sdPbh519OsRB0MBW8tzPtHezsT/n+bvew0+lOxPZhxz084KLDXT4V2wf7
7C+AO40WIgSnb3fSitMaZs+8Y/xVxnqn0S7tWfmqPz2WPwxXt0FlCCKUpNfpbHe7PdzJBxM5VMp+
pNogNgUvcxb3Pr6J2WyM5zTuOROlF/xCMU6WSjzLHN/w0KM3m8iQJyvTBE8fJYy4ZxUvyFB4+ptp
eherm6ziNCKA/ogLda60hwUuU7FdQH7//f8BZLOFaQ==
===END CRASH DUMP===
