PocketMine-MP Crash Dump Sun Aug 18 00:14:19 UTC 2019

Error: Call to a member function getGroupPermissions() on null
File: plugins/SetVip-master/src/MCPEVN/SetVip
Line: 160
Type: Error

THIS CRASH WAS CAUSED BY A PLUGIN
BAD PLUGIN: SETVIP v2.3

Code:
[151]                     $all[$name]["current-vip"] = implode(",", [date("y-m-d"), $i[1], $i[2]]);
[152]                     $this->time->setAll($all);
[153]                     $this->time->save();
[154]                 }
[155]                 if ($i[1] < 1) {
[156]                     $p = $this->pp->getPlayer($name);
[157]                     if ($p !== null && $this->getServer()->getPlayer($name) !== null) {
[158]                         $p->sendMessage("§7[§eVIP§7]§6 VIP " . $i[2] . "Của bạn đã hết hạn , nếu muốn tiếp tục có vip xin hãy nạp thêm!");
[159]                     }
[160]                     $vperm = $this->pp->getGroup($i[2])->getGroupPermissions();
[161]                     $this->pp->setGroup($p, $this->pp->getDefaultGroup());
[162]                     $pcfg = $this->time->get($name);
[163]                     unset($pcfg["current-vip"]);
[164]                     $this->time->set($name, $pcfg);
[165]                     $this->time->save();
[166]                     if (isset($pcfg["holding-vip"])) {
[167]                         if (count($pcfg["holding-vip"]) >= 1) {
[168]                             $lastest = $pcfg["holding-vip"][(count($pcfg["holding-vip"]) - 1) ];
[169]                             $is = explode(",", $lastest);
[170]                             $group = $this->pp->getGroup($is[1]);

Backtrace:
#0 plugins/SetVip-master/src/MCPEVN/SetVip(18): MCPEVN\SetVip->tick()
#1 src/pocketmine/scheduler/TaskHandler(159): MCPEVN\TickTask->onRun(integer 1)
#2 src/pocketmine/scheduler/TaskScheduler(199): pocketmine\scheduler\TaskHandler->run(integer 1)
#3 src/pocketmine/plugin/PluginManager(689): pocketmine\scheduler\TaskScheduler->mainThreadHeartbeat(integer 1)
#4 src/pocketmine/Server(2569): pocketmine\plugin\PluginManager->tickSchedulers(integer 1)
#5 src/pocketmine/Server(2345): pocketmine\Server->tick()
#6 src/pocketmine/Server(2205): pocketmine\Server->tickProcessor()
#7 src/pocketmine/Server(1784): pocketmine\Server->start()
#8 src/pocketmine/PocketMine(274): pocketmine\Server->__construct(object BaseClassLoader, object pocketmine\utils\MainLogger, string[41] C:\Users\Ongtrum\Desktop\cresix skyblock\, string[49] C:\Users\Ongtrum\Desktop\cresix skyblock\plugins\)
#9 (1): require(string[96] phar://C:/Users/Ongtrum/Desktop/cresix skyblock/PocketMine-MP.phar/src/pocketmin)

PocketMine-MP version: 3.9.0 [Protocol 361]
Git commit: bd69c66d0379814fc9f98811707da500d130742a
uname -a: Windows NT VPSForHoang 6.3 build 9600 (Windows Server 2012 R2 Datacenter Edition) AMD64
PHP Version: 7.2.8
Zend version: 3.2.0
OS : WINNT, win

Loaded plugins:
MineReset 3.2.0 by Falk for API(s) 3.0.0
MysteryCrate 6.2.0 by JackMD, DaPigGuy for API(s) 3.0.0
Slapper 1.5.0 by jojoe77777 for API(s) 3.9.0
DevTools 1.13.0 by PocketMine Team for API(s) 3.0.0
MultiWorld 1.5.1 by CzechPMDevs, VixikCZ, fuyutsuki, kaliiks for API(s) 3.0.0
Jail 1.3.1 by hoyinm14mc for API(s) 3.0.0, 4.0.0
PureEntitiesX 0.6.3 by milk0417, RevivalPMMP for API(s) 3.9.0
AutoXP 1.1.0 by JackMD for API(s) 3.0.0
CustomAlerts 2 by EvolSoft for API(s) 3.0.0
BlazinFly 1.8.6 by iiFlamiinBlaze for API(s) 3.0.0
BlockProtect 1.0.0 by DarkByx for API(s) 3.3.1, 3.3.4, 4.0.0
TeaSpoon 1.2.0 by CortexPE for API(s) 3.9.0
WorldProtect 2.3.8 by aliuly for API(s) 3.0.0
PlayerHead 1 by Enes5519 for API(s) 3.0.0
Parkour 1.5.7 by awzaw for API(s) 3.0.0
VoteReward 3.1.0 by LDX for API(s) 3.0.0
Broadcaster 1.5 by EvolSoft for API(s) 3.0.0
BanItem 2.3.3 by LDX for API(s) 3.0.0
ShadowAntiCheat 3.6.5 by DarkWav for API(s) 3.0.0
TopVoter 3.0.0 by SalmonDE for API(s) 3.0.0
ScoreHud 5.1.1 by JackMD for API(s) 3.0.0
PurePerms 1.4.2 by 64FF00 & ProjectInfinity for API(s) 3.0.0
MagicWE2 5.7.2 by XenialDan for API(s) 3.0.0, 4.0.0
TopMoneyUI 1 by ExecutivAC for API(s) 3.0.0
MSpawns 2.2 by EvolSoft for API(s) 3.0.0
PortalWings 1.3 by RushToEasy, DeadOnBushPH for API(s) 3.0.4, 3.0.0
AutoUpdater 1.0 by  for API(s) 3.0.0
iProtector 3.1.1 by LDX for API(s) 3.0.0
BlazinVanish 1.0.4 by iiFlamiinBlaze for API(s) 3.0.0
FloatingTextParticles 1.1.2 by XenialDan for API(s) 3.9, 4.0.0
SizePlayer 1.0.3 by  for API(s) 3.0.0
AntiSpamPro 1.4.1 by awzaw for API(s) 3.0.0
KDR 1.0.0 by JackMD for API(s) 3.0.0
DEVirion 1.2.7 by poggit, SOFe for API(s) 3.0.0
ToolRepair 1.0.1-3.0.0 by ArceusMatt for API(s) 3.0.0
FormAPI 1.3.0 by jojoe77777 for API(s) 3.2.0
AlwaysSpawn 2.2.4 by Philip Shilling for API(s) 3.0.0
WorldLoader 1.0.0 by JackMD for API(s) 3.0.0
FactionsPro 1.3.12 by Tethered_ for API(s) 3.0.0
BankNotes 1.0.0 by AndreasHGK for API(s) 3.0.0-ALPHA12, 3.0.0
RankUp 0.4.0 by Falkirks for API(s) 3.0.0
SpeedEffect 5.2.3 by luca28pet for API(s) 3.0.0
AdvancedKits 5.2.3 by luca28pet for API(s) 3.0.0
GrabBag 2.4.3 by aliuly for API(s) 3.0.0
PureChat 1.4.11 by 64FF00 for API(s) 3.0.0
ReviewComment 1 by KaYuu081 for API(s) 3.0.0
RichMC_Boss 1.0.0 by RealAstro for API(s) 3.2.2
Qua 3 by AmGM for API(s) 3.1.2
SETVIP 2.3 by MCPEVN TEAM for API(s) 3.0.0
MuaFLY 1.2 by SableIamNoob for API(s) 3.1.1
FormAPI-FS 3.5 by Saehing for API(s) 3.0.0, 4.0.0
Helper 1.0.0 by nlog for API(s) 3.0.0
DropEklentisi 1 by lTooLl for API(s) 3.8.2
Rebirth 2.0.0 by Array for API(s) 3.0.0
PointAPI 2.0.9 by onebone#editPhuongaz for API(s) 3.0.0
MuaDoUI 1.12 by HeraldicClaw597 for API(s) 3.5.8
EconomyAPI 5.7.2 by onebone for API(s) 3.0.0
Dino 1.0.0 by xXNiceYT for API(s) 3.0.0
banggia 0.2 by HeralDicclaw for API(s) 3.5.8
tradeui 1.12 by HeraldicClaw597 for API(s) 3.5.8
SClearLagg 1 by CuongDZ for API(s) 3.0.0
muakitpoint 1.12 by HeraldicClaw597 for API(s) 3.5.8
PiggyCustomEnchants 1.4.2 by DaPigGuy for API(s) 3.0.0
MuarankUI 2 by  for API(s) 3.0.0, 3.2.0
TradeUI 1.3 by xBeastMode for API(s) 3.0.0, 4.0.0
PickaxeLevel 3 by phuongaz for API(s) 3.0.0
MapImageEngine 1.1.2 by FaigerSYS for API(s) 3.0.0
MuaCoinUI 3.5 by BlackPMFury for API(s) 3.0.0, 3.2.0
pointshop 1.12 by HeraldicClaw597 for API(s) 3.5.8
blockMCPE14 3.5.4 by https://vk.com/ifreeze_dev for API(s) 3.0.0
EnchantUI 0.5 by UnknownOre for API(s) 3.0.0
WingUI 1 by Array for API(s) 3.0.0
BuyEC 1.1 by Phuongaz for API(s) 3.0.0
Sell 3.0.0 by Array, KairusDarkSeeker, JackMD for API(s) 3.0.0
PiggyCustomEnchantsShop 1.2.1 by DaPigGuy for API(s) 3.2.0
Police 1.0.0 by nlog for API(s) 3.0.0
CustomItem 1.0.0-NCD by  for API(s) 3.0.0
AutoSell 1 by phuongaz for API(s) 3.8.2
NapTheUI 0.0.1 by MrDinoDuck for API(s) 3.8.0
menu 1.0.2 by HeraldicClaw597 for API(s) 3.5.8
Admin 1.0.0 by nlog for API(s) 3.0.0
DanhHieuSystem 0.1Beta by phuongaz for API(s) 3.0.0
MuaXuPro 1 by KaYuu081 for API(s) 3.0.0, 3.2.0, 3.2.1, 4.0.0
RandomBlock 2.1.1 by KhoaGamingPro - Editor for API(s) 3.0.0, 4.0.0
BuyFix 1 by phuongaz for API(s) 3.0.0
CustomShopUI 4.0.5 by SaltyPixelDevz for API(s) 3.0.0
AllAPILoader 2.1.0 by TheNewHEROBRINE for API(s) 3.0.0, 4.0.0
SimpleWarp 4.0.1 by Falkirks for API(s) 3.0.0
SkyBlock 1 by Wies and Exxarion for API(s) 3.1.2
TapToDo 2.3.0 by Falk for API(s) 3.9.0
KeepInventory 1.0.1 by  for API(s) 3.9.0
AutoInv 0.0.9 by JackNoordhuis for API(s) 3.9.0
Seviye 1 by Thebarisgmgs for API(s) 3.9.0

----------------------REPORT THE DATA BELOW THIS LINE-----------------------

===BEGIN CRASH DUMP===
eNrtPWtz2za2fwWrdHadO5IsyW/3ujOOJSfZ2onWcpK2YSYDkZCEiiRYPmQrO/3v95wDkATpl2wr
2/thM7u1eEicB3DehKB/NyYqDnj6dSHiRKqwcdhrNlIZiMZhd2d3t7O/19s5aDZ8nqSDOFZx4/Df
jXQZwe2Gvm42ApEkfIqQE+77LFWMs0AEYxGzSRa6KWBlU5G+jlUWDUUcyAQJJRsvGdwIM98HHBP4
cyp9QnLoOB8S4MZx3ofTNM4Cx+mLZJ6qyHHcWCTymiXz5dhX7txxIj+byhCeHYn0o4xaATAqYsdJ
Ytdxzk+Gg4/v8nvtaBYhKU3GDNysjNuEYZt6lLkBA3wZ4mzsdmBiYu7C58+NFx22IoKN7v7LQ1bl
pPVTKt35xktA/qLLcEgEwog0AEqbiTsTXuYDrkuezN/w0IPPG92dAwvNJQzHu62fVHiRhRsyTMUU
5rtLKHv3oxzlVxvdA0RaPgjTlt8DGiX11k/xDSJbdSJ6PjaH9Oech6AS8cbu/gMUCmZaPwVchpez
WHDvjeBxOhY8rdHcrtMciRj0dqO3s1sno7lxnAo7et4LkkkN/c5d6Le2d2ro9R17HXfvGtzr3Dd4
GCsX7EfFGsveHVi6e/vbd2BJUpgsPXq/PnpIH8/h40Zv7y4EX7+6YI5gaG66oca/Czdlr3giTsDm
kzPFPRE3mYHbw7NU+mB357BqZ2o6xacAiQynn7e7X9jjrLgcevDYoYUDoBk4YBtdEDMWf2QyFhsG
68HuFxbNeHy4uXlyuEm4Nw3qTYN5s4bYmrrW+bCNozcrk/uy8eXPZkN8T5/4ZEcFjOlRX2W4UP5C
BCJMAZUHc+KmjfwuQEaDy49vhwBxlSdQju5OF8Dsln8/gCCffwh5IL58dhpuFseAtLWQkdP4wo6Y
DCIfcGw4jSb8j332eIoXy1bQ8pzGyyb7QX7ufqE/vS9fXv4INLs7vbtopTOZoIEEAhRcpMe+v4H0
zbCtlYbxhdgwA7ZvGfAn3dm55Y6csA3ilv0veAb2b3pw9y6aEQhvCEfg2WFVhz5fgs3SXBkG9u4Y
TaQi9rejI1p19ve/57gAj7H9lzeRFgNy7vbvwK85xDkMvXOtk7AoTtbp8L29z/qvAA0wkC/67y4D
EHMarK2XC/46jRMn6wqxx9kYP/BuyODhbreLQ8QWmyF0PEn1B7zdZKGGZSzI8JMHwFRqWMRSwrfj
MhcxTLYYqBK7liEiQIxLPZx34VEN4sHfQJP0hB7cITCt6m7nrsVaRGBsNxaMzHCDRH1ZAip2SVR3
u/crXkQznaOLmjUyfTHhmW9uvzQo7zSByJ1MS061TgMSW6127zKELEzwSURxw1bN0O0VTU/Ta2p+
zNidR9rf7u496g9TbPE6U74HLjvn1ej37t49+o1IXJWFdyJhPx0Vdrx7n6WQDJjqiiTFqb8V3ecH
iLWQ1hct98FDxGQCdMR1xXXmHOi52+s8hGOK+nSnTifgxwDTn/9NXv+bvP43ef1v8ponr83GVIQi
5j5mfejiwc1UhgFHY5jJsjHQ2GoftDsIzqTvQaK5t9dtNmTy1ROLxuGE+4mAzDJWqXIVYN3ahbtT
iXnn2Ns9cHd3vc7W3sF+d3viHkwO9ve74Nv2PL7T6Xjdrc7edo8D7pjPfTmGMZ12t0fUMsPcJxl6
6iph7y7Zx+HoVMVvFA+nbLe9xYghdrDb6bCN/DGtIKzX6fbYRY/1eQreDywmZgNPYv79kh2f9yEM
As+zCPDvtXvtfbj6BqkSCavJw82vKkH6b9+9uwQAXVxB9lxk2QlOIc7ahYBQZs1nCWs27GnUmHmW
zlScoEc+5f4cl4RHEi+32h14Aq5FyMe+AHZgtWFyPREBczgC7iVqAhmFBUAXBOhhIeYynoNSoarH
SB4U3eLEB7PAxX4/uvz0/uKsD6ArMU5kiiyjVOdLjAbLk5inwpbGBtsC7d4U6J/cnZ8j5j4fyunr
bLku6TRiEMhiRtvxQ5LN0jRKwIhAJWfZuO2qYFMj26wIBvKPfB5BnmiJnkNsqbvtnbrUv6vfldjD
fxVxD54ubqIJP1nCkqPNXAYQsC8Wl0r5iSVhAaqK2N2qy1j6CHYJGfm61jWnj96y4MRIO7o8vrj8
MHxI1pKzzQIHajOk3PKTitFllbpcAutr2q3Ke/JNuLPhOWBEjj7Kazk/+Y06lsssTbK5hM9z7ks5
T9Y1Fy6SjAJwq2jEyOkVcgpKYHP9WFWwBNm0EMEM/ZNLOwrQZXVWtuqzMlNLGQbd7cC9IXSzsf0c
4UvMjvM7cOI4hp8H3dYwi8UgTMG5i+QXO6pV4LZgnTZEj6pggfTnne3uHkAvxEIuuD88h1i4JnOO
NcooCCAbiIAvYfiCXM/i8tGqb7G6WRUX5uU4S9UvQ2tCDKBm6Xe48DX7bU37uR7bSADCnWRJqoJj
SIhT251VwLagvaqQg4XyR8DyusS06TpOjYsV1vTq6qotgCfE307nKOErn3+T4am/tMQrYdVF3G/v
VuWT8tTngZQhjhDrkrKK1XEKdqyPq1jsK0xWoYhIsStpS2eBqwJ26lra5/H81fK6Ipn2Vvh3+7ne
yGYFhasw9qB8ECBHkULWC9kKUFWuGwnUiYpTcT0crMvz5PjqlnefMuZj2tfLbygOBYyby1UBV2wN
VmC/KhYEysxfWzKosTkOhccoX6XVBbQcyzmUXBMpfM+qQFt5lyQFR71peiQVaTHqUF8Win47vbCA
lXWuOZ9QJDs73YN1TUeODxsHOX3780pBFOxJZXbum0PqedJebWWvvvGrtS0sIoMIqUmvFi2Q+4+w
LBfiisf2YljAahl2I+Sd9X9ZlwSAynFKyqsHPFDLBQyLaVg7cCPRDqgqeRXDUJeU0PaVFrS2Qt83
0lmEwTFWuHhinOPh21QEtmwGUvcpW9931QzZJ+cogKSFvc7NnH8sKWfcU1fHkJadzAS3vWf9TlVF
d+vLiPHuE1+srezS6BxndHxC/7l/+SioqQj12lbCAlRl/kawHnE/UGF/sC7uc3yOk3NQflrFXYxc
FYs3me0sCpAtChSF9QLo+2THOfXy06qFD76sSmpFj4ZVvcJ2u5YB726fnnY67O8MYhq2Sd+GExnK
9P4YbZp9K8n2VVPQFQ6xZH18gnnRWBOYSzxY6POpdD8NenaZn4Oqq7lXn4RfRCi53+fhuqvZa0Ls
8RC9iebFcXRfeiVLO1ehWH54W7W1HHhfanEt3CyVCzDodYVkqMepib1qLD4fRfwqtHUyh1T9+Xeu
yAxR4Lug/rT4NIRsmPufZDit2JkFrfVMqnJdZMnsUg14smyyPiRj78NXABm+qcm5TZXLM+TVDK2+
TFhKf4hwt0ZcaxHk0FoFVhFrXYskE2zjAl6Vaaq6U1Cy8KAc0uTkyhbDAtZTv+73TSJKys/PIywp
in7ARx7KZHajJWDA9aJ5+6/rCmiOqlerrOcpPJGCWV2K6xRKkFS6vrAN7/b79Z7WSn7+YI1e/la2
brr8e3IS+U3oks3OSkpgfWm3voc9Er0zpAeZSPF5JXcCiSw42gBU1nYnFrSej3S/fx3JgXwC5KNY
gV+p8PKgQD/3LyxB8OqBjtT3yQyBMP1nFZb7g48ylpW2UwGqt51qVXykpvjKFtTw/enaHING6jgL
YsFxPJF/sth6MBdS/oWIuKzWHQWwvijd1i31x3Hsiiw55+nasouSgyf2nTixFCBL6PRUHBwP7XQv
h9Tfx6z25rH3dMlKjODUNBPFh5UcgX/FlwnlXLYjsKC1NLAepIYz6cuIjeCPDw51bcpIaBODFXwD
cZQgR6tn5tQENA/XGqEFir/ASVgMVC5WirecdiUnVcdtQ2+8EqwF10uRzkQsvK/PE4tK15MZtUJs
X12KazEFKqkvVk13X/Fw/g6yqaTaZzKwB1btOPRiwZM3r3+ui9g6Phu+OaYZeYrIA1eFKliiaZVi
ltSoJ6VZXD2xv4AhHyJLTAOovgDdvm0rCm4feeYiWhI18z0DWLY27HaF9WIUeMuguCx4fDhPioTw
BpNJ9V2EDa3W/L16QeZnLu/tRyJdg7rmvYyhnE6X+q3fIHRnkHcg1HjNoZ/ZIlusPrlEKGTYPPYW
PHSF97NMqRlSubb8rw3+/zZBtu5bfH6H2Xkd8/ErPrUmJodUg9J2fU7W8f4KTCxJL0Hjkwm45ptv
s6bAyphPnyx2+SorF8r0CMmpVluExs/WMvLubS3CRwldNfIb8ttB5RfIBlWWDAetHN64o3mIzJaf
1tA6JDR/6p0e4upEBfp7MqXHrMDvabf9zH/Nss5+d10BPceHDnHV/W0kiHRn5ydfX6nENnob+kCE
uxDcP05SHW6tNLL35NdEQPRxBfC/Mm7xjleV1k0tIgevzyusdp/OKuAKHOdfl92Vwo/+4pQVefJv
UlXeVVW51Tvg2eXg+Hxt7c3K3vyV+rIZPz37tbIXjgC1yrD+5gY4e8uDd0qNa/PdfTLrQBf93Ts5
naWvfMhh++e4x42vuHvERI3W6ehmvYTAasdvpy6QmN1WVTyzEwTkkzMe4gscTcAqnsZKrbRr5I3w
q7tPDeAB0w19tbYiCXE5jqa7uvfpxyoazH3c05ZIu/lQgd/jRn0op8/8ihD7T7fnURZFvt7V+5i0
WYxlnM4qUUBDqqZdn3+of2C95yIe0abxTIVT/g0+nkFs+wToz08aX9bVdDCEIDoUrD38klDJMK32
FgpQXbKD6rJA3j6G/78QnkyHuWRrksVTMddfyRC6YgCkjlOpHlbxaH1VeUmWQ2rt4JpTe4Nff/Ck
e+Lzq52Daudkp73/DL+GxFdXOUvaUoTKFNz78tIsz7pWxKB7zoL0ZWg3EejyAe91/cs76YpfL9e2
sQForr4CYx5Op9LOO3JItVq+TYH60nX9Wsv6GdpjCEO4KDh4kP00huQqs11uDvlLDICIrz75oxNf
8PiMT+16zALeEzBO0Bn1f1vbfhIRT8Xya1/EKb7LKXmwP6NYp8qnHlsV+nDfMMj4XKYR+l1LVhv6
lyxYTn31NbutjrcCy61V/r3bUNb9PaEcH9SLN5l5xCaGjGNrqh5cDOzujeU308pnNeMNSccx2f6q
7F+iJVa3jxjIvXsVrl8JnqTneCTEU/LjWjvzzjRGs+I4JU8r6J0759fiTCxE5YuLNviecjFac/Zi
03WcHPsj1ItHbwM+FYNwSmd3WBuXKjceeK19yuUU8sFfR+uSq0CIotic1K9XtKET8C51GzKwe6s0
qgqH56dZvGys36R+cxV+y7qv5KUU4eqrRr4ymSm7uV7C/hIPHiHpR+Q7+EUGbB10t+2cx4LWlqX+
ci5vri3m1FiTk1iIb4K+CbwmFbSYgVyowtnDCbX28xWNK2HVlK6mcR/Ceaiuwvfx2vLpEiOk0TkT
qy8Vbi2rCGIAd2dFnxvnMaa//cyd49fYio1naytAabvb6iK8ypaDE/t9G13X7KT+8ne9jhpICvcR
Kanw7fBCl/fvbYZJz/4ADMjgz1zGWYJbq0dCzKlz84T3vStGUeTtDXWcnpG7jarO7K4n6ptHuivk
cL3vlMONHuXwhsqXrqj0PgjwH++pabqrM66Frn0xwgLeEKD17qT/PbaElTQft7e0ZkoF6J6q7tYs
7RmNwDIvy6mvLsI7Hl3Oqil0AaoGkk7dHCwvXBXk6TlLgdFxci5WFyUQYWZXnXhZV5//TLYymi9f
6QNQVtYkL5CVfUR0/R+3XiL7iIY4D2dvpMhGeMCEbcC1G1VF6r4SKf++dUtpETknq76hu+Wt6m/f
fsYGn870f8mqG4gK0FPenjaLs1K2TLTZXs9bVeLqUVtpPBWQylb30xTQagf9Rjrz80zx19jnnsJU
sBYdQaPidb98shh6jfXMazrgJxUr5min8rqapCHgsW76eTkaUHxsaMQ8oOKeK2CbfZzbG28B/XQ5
lNfC74vFt++SnlUo5EcCaO4WPccxedUqXwtNEFWEqNpTrrdY+kD9xjbECriumDUXCSHknbh6M7h4
/+ri7bvBejTSPkxGd0r1pgvDkv0iq0Id/KvF+iobavWG+SDyxSceR5UN8wWwrgLd77LfrbKnB48Q
UlfW5SBJ8O0n9xP9jf4bRzUlxO8V8Isb7i3eHy5VTCy1hc9B9xjvJykSBv6CDa6vOW3BftYuirv3
+1nZy3LoK+wx098VtnxDhqP6djDJIfUvBD90mtYzzk1IeZQqT+F5fznth78yIET0NlzAiqvYPrWj
Cr+xY/3OrP0Z7FdIPm5HGX4FLpLfll5CUT7P5wFbLZ1HSD0VPri53fmdUrE3y2SyrqX5HZCGOVL9
5TEZLnSSr3laoc5fyKWoVPoEuMdwwGeNwWCSaTBdmySIC5NLXpB/gHNsQvIYWE5F/VSu/MA/GNFq
aWZa4IckBSk6E68dxSoSMR00dNh4MSyu2IkKJ3LK8OBpJ3bCF6exZMfZlHV3WXfncHv/cLvDPlye
4KF6B/iAz8NpxqfiaCFpQKBS7+iEziL8GCJAE2zh5N4Gj1ScHnUPuls9BE7hqUB54qhDuPh1K6Kv
PCVHXYLQHv2WOeYD1uao1UXw1QxmpeXLJD1SkwlCjNR/ZCJeHqnQAsXgpQwEP7YjniRXoEFH/0P/
nJCHocpCVxjSLe7OpNDnZydm4ETFcL9g1tCEGffwK9v5dbSIzPOenEykm0HsPiJ+9bGLYI+tRKT4
VbHkiOYS3yHomdKnfRWwRAjPegRPGj/qD06PP5xdIhT1voWH7Rp6uGWx5cF04I7Xo30EXY/VdQt1
2DyCO1SKU07ay8BHPWDoHJhLKpABg3hEOWoCA4FZRb9AMxiYQSJYLgHjsWDpTDBw+Ql84ClzcSpT
NhZMhq6fecKDD+yGBiKukQpg5AQR1HEmfCKaTOEXCxJEycax4HO2VFlscOHxv7AQciKJAqwBnnHu
LxExJBcFuk1Pn76csCsV/iNleBgejxnOXgDCutz3l8ghHqKr5b6aiZBl0TTmeL5v2wlRbzWyQydk
7MWnGX3jAU93x/O1GZ70rg/thDnA4O9D8u3p28QqBGUOiGE+fZHSfOFXoVzBZnRULUICxKxVLLeu
Q0Zft8cbySxLPQVWYM6XP2ROwxx06foqEZ7TIM4gj1JXDG0CmMkP+2ULydm/0CjwGbKO/ISbQ4be
ioZCQnrFOOpBooAlQ0hPBjeoWJbAMoNrg6kmESHsw5PgI70EkZR3WsDaGBizCAzIFHNMmIKg3TBQ
CZh1ZHe8ZGat8HljucVtazZefJIw4yqEheOex8C/6PVFVvF4WmCJJ1lM1stgVccCZwVmX/yRcTqU
fyohNLIF9zPBNgxR8G4vEbumCD5DoJtqwbriObGHcJtov8voNH9Q2+NkGbp4HDBoVjwHRW3TAx9g
Och2cknxsVkMaVIG6gGPJ01Gls6MRwCDa8JcBDB3dOo4zQ14fYQFWQgqio9o5CPSH5AJ1DhW1xJU
WMA0gEhkGmHBHM6tYejtBI2BfosAlL7JZPoP/GmCmIZ5Ar0q6WRtMNsAGWDBWY+mhcRoGUkPCVXd
GDhpX5yFIS6nh15LRbQIdFBr0mZQIJjPLMDdn8yNeTJr2tZtNBNnJI6zKNVQPWE4MQHwZuSixQWF
o33anrY4vlDSA7Zv5wB1BHVOwUSDdrUtRYOHW/qhQtMgGIGvj5fa6l/7agzag7GcaTgYWiBTdB6B
mPLxMoUZZyM91R2aXJkgbhp+iat2JWnmSaPAK1y1NKJcyXRmPpHAIrg8gekbosGXbDlJreSwWhmZ
51TBQin0A6gVSGhKbLaItUPWQSmAOvn4lM6p/n8vASZH9/GPIfd5/EMpHhELxj8XLBl0CQP3gTkC
ONacIaSac9Xt9LYNY+QEPpFVGP6Sf6yBQ7ILYgk9BjMn+YOlC33AB2i30ixri8RoWDwtrl1IHZJS
Iu243l8ODtnlm7cjdvb2/O0lOO/h2dvBiA0HFwySzZ8HF00GD7HL9/DUgH168/5swIYX708Go1G7
7gIq89Hb2TXTMRRQU1LER0ecoIDuTJBLptkonG0X5h5ijUe+hR5pYctKu1lCBUkpyAkOGrQJ5b1L
2bSSQTaIETbExwwxwqyRgOstHbmOSETjPcYQTCRoQPvm06gLJrOHZYuEi/mGnllkV6+rHlvIAOol
oqQUdatjZE1e3s6SkXzLSD7l8Rgso+Uq39cZLzmg22eXTA3ZMaOYGQW+O+BhRtmNzQlkfhno4Mtm
HhPqSpiroQ6v9DU1LW9QmmCbvdc+Xys8pCcq872CFwlB5CpkJf+JRhwR+yDobqdjZAVqp+QsbgRJ
Uh2NoZBtEqsgD7Z6tHmiZaumvcIojVnJG7rBblGpinaM8owUlyxW9MXhXJG9LIh0+qZzRGZutPBG
vl59fMgMIN6JzVwCuIIwD8bOb5lgCNoQ+IDCApQsSTKBjiGdwapN83QWnRZSK7lq5gupcwSTtbY1
N/jonfOEVZc7y8J5kvN+wiOEyiALIMZCeI1ZXlzgQjJdKGkuynlFezFTSRZzU8cgm48MR0SwhWl2
BkF3u1ixvtK36jqNuRF6PY1fP5ybkMZlHrQlo8yh5UJBJwrZ+sAK5SqQPuLsAXc6wdBYIo5FD9Nj
tISldDDMzKeWJ6eMD5fZLk4gbhHN8d6P6j49dMJQpLhghyZEQGqGPz1CKeaYp+6MUn1iGbImUCET
ZMi36dLK3NWhZSyKZFOHtxf2KuW30K3GyxSRN1mray0gLR4RbqU5MyYEkNcu81iqWzGF9LTkWCxR
oo+DAWjYarM3kAuCLh1RcsdOhh+aMBZ4GIN9XUkP1J5yBe09C/wtwn/I9vK0u8zIE5od69k2O/bA
Uc24P9mEWlWXCZ4AHTakgCjD5gsqmGWIZdizkNmlyOAavRqmmNxvaqeJpM2vEbQZeB9Bvgwz6Q/D
cJjn4WXxiWUGDqLzIgFnFoVRy1zXCp9zY5CJ/CaKpcaMPV9hbDfn2RRk9FpzrKi7fdDTg1622dCM
8Xk8pQHcVMFGTYjiJOZTlA6WC8RKIp+SGSxtA2Ae/QCPcQlPfIm9EqrV8Ycs8Jd0zi8/EKcJiIRi
j7OUYW+AVrkkp+uOdu6GgjRr4ahD4hYNwBPjbHqY1zI/sS7WMCaTw6qV7ucVa6KLeZFXsjjMKEoX
kWm/pbGdzBTUqKiceQkj8iKVnJvHU84SvsidKHZb8g4R3ivtHU+aAU8geJr7GOBUn5aXp8xUboEK
UbqS4JfAKX0JlYvHXdBYmMdzvoQ5RGUJ1CKvYNH9G59JfquV39Mkk9Jb5J0ju11xSf0GrQD6Rz91
p4aeNaudJabUd0HrU+0XzJiWHnPIIkgoFtJHMtrnGXs2VNBp83BaJNUhDvPrsaOZP1VpV93aItJV
3nGAv7pEVSnFJ63iOJW6SUjBCM2ZandYGPxM0QQGX1BssQaT4KHQteJYaGRjMUGNpD4jhYNZrgG0
6NR+rEQpLT4SKsQHy2S8zmqkfycHqAkIALdx2bmdTR4DJo/6LqSIwGw+GP8W3GyRdmMl3dLnpyWW
t3AxABEh6pJarZi3fSJGuysTMkmcTxHjSkNei2+TmZGOmc5DHu1oTEV0wNdiPfaCTaFmScrpKbsb
xQy1b06RMdYrLqmoAccBGb9em0hFmZ8ro7lAt0/PGBexj/QoGW5FxqrRuaKhHrI8zaROqW7nHJqA
h90nKrE0WMcLs1z47c2iL+CV04bq3sLfS6yBCmurgqMZZGYTZS0IGFlLv2UpnpwpXBhipY2/DtCW
ijgOVbgMsEQA+0ixnecmJetY95j7rLxPIpDH4tNpDMWmbiwVnTtMpPCnwOZ1+Yg/MOD3/ff4I0Tm
5YEJBegTroTOQzlYzhVRTIjxUgCCta3eMkSeYubNyX6Ht04qrKe+b3QJgl7YMq7bTqcIruypgww1
RDWxujxNcI/RjDcBDNOA8SotMhbwvBMBVTQsITigEOOBvpvHFd0z4pWukXkbZMWbDLIzCG3kxHJf
YRDSyuv7OY0bK61ltZc6lUHpqk1AQqT4fJ434Mqiv0SC1A4zg/LWZ7skYO7YFPLZvD/kGa+tV1db
hdVlyNvCqUzNfOb9hJkBksPAgsDkmMZhYHsW0niPkiw5KRBBpg6C6GY/OqC8yNYuDvAZD5kHNu5L
npgMHpIujq/KzRXmAMCjWavDfNH0PdBb7PYcss8UvCF8Nqn98wWRUnJeRkn7JQSJgYlULD1TYOfv
b6hyvi1gUTynAJ1QLkmFGf7iCvBqoq3NvqZLPOiPDN/4YFDQwaukeMhOz44vD3s/7jV3Dq67za3r
rWbvx+6PnnCVdrEbeFQ9/T7h0X5He2J9tb3zUmc9ut9v17XawjG0wBybthNlHtQ3glVzl0z/wloW
5z45T+bjopFPHgfwQKRy6U1Mkk9YK3/LALqg07sXp+RqiBQ9X0GSUaJgfsDWgrQo12qXHTIVUSko
rsHxJaYOcueYLieU88OMjCUkqktdMtNzKC+wAlm6jiLaZrSUhB9ykbjw1Y1mQ1ynIqQfAcXXxCeQ
IFi/FTZ2ISOaWQB8vxN6PLZB5qeBi+ss9q1Lj35kq7icSJ9OYi0A08D+cbIZx0M/zTGsEoxoYd38
PTGbCXbpdjDWL6OsJzDL8uh0/AIUuRWJLsTElNj2MHLoSQUCiUdgAUbDM+sqWCZ/+PQzauYT28Ed
Dj3srrMWvj/e6Wx39uDjD2+xEbQ/Eby3Pentb+9N+N5O96DT6Y7F1kHHPdjnosNdPhFb+3vsB8Cd
qrkIIejbk7Tk9A6zZ3awfpOR/lLBDn2z7Zv+Rbn8Ybi6DipLoFCSXqez1e32cOcCGHKYJPYj1QGR
aXiZo2T38GsvzcZwRuueM1FGwa+U49BPDuoNnnr1pmMZctwgQkPwh1sII26sxwtyFJ7+KTy9+dGN
l1GqCKB/4oQmV9rLApep2Cogf/75f8DyunY=
===END CRASH DUMP===
