PocketMine-MP Crash Dump Wed Aug 21 06:14:11 UTC 2019

Error: Undefined property: pocketmine\network\mcpe\protocol\AddEntityPacket::$entityRuntimeId
File: src/pocketmine/network/mcpe/protocol/DataPacket
Line: 164
Type: Error

A PLUGIN WAS INVOLVED IN THIS CRASH
BAD PLUGIN: PiggyCustomEnchants v1.4.2

Code:
[155] 
[156] 		return $data;
[157] 	}
[158] 
[159] 	public function __get($name){
[160] 		throw new \Error("Undefined property: " . get_class($this) . "::\$" . $name);
[161] 	}
[162] 
[163] 	public function __set($name, $value){
[164] 		throw new \Error("Undefined property: " . get_class($this) . "::\$" . $name);
[165] 	}
[166] }

Backtrace:
#0 plugins/PiggyCustomEnchants/src/DaPigGuy/PiggyCustomEnchants/Entities/PiggyProjectile(73): pocketmine\network\mcpe\protocol\DataPacket->__set(string[15] entityRuntimeId, integer 1288)
#1 src/pocketmine/entity/Entity(1908): DaPigGuy\PiggyCustomEnchants\Entities\PiggyProjectile->spawnTo(object pocketmine\Player)
#2 src/pocketmine/entity/projectile/Projectile(270): pocketmine\entity\Entity->checkChunks()
#3 src/pocketmine/entity/Entity(1472): pocketmine\entity\projectile\Projectile->move(double 1.9225727306853, double -0.19420633322402, double 0.37030912177867)
#4 src/pocketmine/level/Level(848): pocketmine\entity\Entity->onUpdate(integer 25198)
#5 src/pocketmine/level/Level(786): pocketmine\level\Level->actuallyDoTick(integer 25198)
#6 src/pocketmine/Server(2445): pocketmine\level\Level->doTick(integer 25198)
#7 src/pocketmine/Server(2576): pocketmine\Server->checkTickUpdates(integer 25198, double 1566368051.3301)
#8 src/pocketmine/Server(2345): pocketmine\Server->tick()
#9 src/pocketmine/Server(2205): pocketmine\Server->tickProcessor()
#10 src/pocketmine/Server(1784): pocketmine\Server->start()
#11 src/pocketmine/PocketMine(274): pocketmine\Server->__construct(object BaseClassLoader, object pocketmine\utils\MainLogger, string[41] C:\Users\Ongtrum\Desktop\skyblock cresix\, string[49] C:\Users\Ongtrum\Desktop\skyblock cresix\plugins\)
#12 (1): require(string[96] phar://C:/Users/Ongtrum/Desktop/skyblock cresix/PocketMine-MP.phar/src/pocketmin)

PocketMine-MP version: 3.9.0 [Protocol 361]
Git commit: bd69c66d0379814fc9f98811707da500d130742a
uname -a: Windows NT VPSForHoang 6.3 build 9600 (Windows Server 2012 R2 Datacenter Edition) AMD64
PHP Version: 7.2.8
Zend version: 3.2.0
OS : WINNT, win

Loaded plugins:
VoteReward 3.1.0 by LDX for API(s) 3.0.0
DevTools 1.13.0 by PocketMine Team for API(s) 3.0.0
AlwaysSpawn 2.2.4 by Philip Shilling for API(s) 3.0.0
DEVirion 1.2.7 by poggit, SOFe for API(s) 3.0.0
KDR 1.0.0 by JackMD for API(s) 3.0.0
FormAPI 1.3.0 by jojoe77777 for API(s) 3.2.0
ScoreHud 5.1.1 by JackMD for API(s) 3.0.0
iProtector 3.1.1 by LDX for API(s) 3.0.0
PurePerms 1.4.2 by 64FF00 & ProjectInfinity for API(s) 3.0.0
TopMoneyUI 1 by ExecutivAC for API(s) 3.0.0
AntiSpamPro 1.4.1 by awzaw for API(s) 3.0.0
MagicWE2 5.7.2 by XenialDan for API(s) 3.0.0, 4.0.0
TopVoter 3.0.0 by SalmonDE for API(s) 3.0.0
Slapper 1.5.0 by jojoe77777 for API(s) 3.9.0
WorldProtect 2.3.8 by aliuly for API(s) 3.0.0
TradePP 1 by TungstenVn for API(s) 3.0.0
PlayerHead 1 by Enes5519 for API(s) 3.0.0
MultiWorld 1.5.1 by CzechPMDevs, VixikCZ, fuyutsuki, kaliiks for API(s) 3.0.0
ToolRepair 1.0.1-3.0.0 by ArceusMatt for API(s) 3.0.0
AutoXP 1.1.0 by JackMD for API(s) 3.0.0
MSpawns 2.2 by EvolSoft for API(s) 3.0.0
MineReset 3.2.0 by Falk for API(s) 3.0.0
AutoUpdater 1.0 by  for API(s) 3.0.0
Parkour 1.5.7 by awzaw for API(s) 3.0.0
Broadcaster 1.5 by EvolSoft for API(s) 3.0.0
MysteryCrate 6.2.0 by JackMD, DaPigGuy for API(s) 3.0.0
BlazinVanish 1.0.4 by iiFlamiinBlaze for API(s) 3.0.0
WorldLoader 1.0.0 by JackMD for API(s) 3.0.0
Jail 1.3.1 by hoyinm14mc for API(s) 3.0.0, 4.0.0
BanItem 2.3.3 by LDX for API(s) 3.0.0
ShadowAntiCheat 3.6.5 by DarkWav for API(s) 3.0.0
CustomDeaths 1.0.0 by ArceusMatt for API(s) 3.0.0
CustomAlerts 2 by EvolSoft for API(s) 3.0.0
AnywhereBackpack 1.5.1 by korado531m7 for API(s) 3.9.0
PortalWings 1.3 by RushToEasy, DeadOnBushPH for API(s) 3.0.4, 3.0.0
BlockProtect 1.0.0 by DarkByx for API(s) 3.3.1, 3.3.4, 4.0.0
BlazinFly 1.8.6 by iiFlamiinBlaze for API(s) 3.0.0
KeepInventory 1.0 by KhoaGamingPro for API(s) 3.0.0
PureEntitiesX 0.6.3 by milk0417, RevivalPMMP for API(s) 3.9.0
NoTP 1.0.7 by awzaw for API(s) 3.0.0
SizePlayer 1.0.3 by  for API(s) 3.0.0
TeaSpoon 1.2.0 by CortexPE for API(s) 3.9.0
AdvancedKits 5.2.3 by luca28pet for API(s) 3.0.0
RankUp 0.4.1 by Falkirks for API(s) 3.0.0
SpeedEffect 5.2.3 by luca28pet for API(s) 3.0.0
FactionsPro 1.3.12 by Tethered_ for API(s) 3.0.0
PureChat 1.4.11 by 64FF00 for API(s) 3.0.0
GrabBag 2.4.3 by aliuly for API(s) 3.0.0
BankNotes 1.0.0 by AndreasHGK for API(s) 3.0.0-ALPHA12, 3.0.0
menu 1.0.2 by HeraldicClaw597 for API(s) 3.5.8
MapImageEngine 1.1.2 by FaigerSYS for API(s) 3.0.0
muakitpoint 1.12 by HeraldicClaw597 for API(s) 3.5.8
Police 1.0.0 by nlog for API(s) 3.0.0
DropEklentisi 1 by lTooLl for API(s) 3.8.2
RandomBlock 2.1.1 by KhoaGamingPro - Editor for API(s) 3.0.0, 4.0.0
FormAPI-FS 3.5 by Saehing for API(s) 3.0.0, 4.0.0
Dino 1.0.0 by xXNiceYT for API(s) 3.0.0
WingUI 1 by Array for API(s) 3.0.0
EC-Table 1.1.0-pre by  for API(s) 3.0.0
SClearLagg 1 by CuongDZ for API(s) 3.0.0
tradeui 1.12 by HeraldicClaw597 for API(s) 3.5.8
AutoSell 1 by phuongaz for API(s) 3.8.2
SETVIP 2.3 by MCPEVN TEAM for API(s) 3.0.0
MuaDoUI 1.12 by HeraldicClaw597 for API(s) 3.5.8
CustomItem 1.0.0-NCD by  for API(s) 3.0.0
DanhHieuSystem 0.1Beta by phuongaz for API(s) 3.0.0
blockMCPE14 3.5.4 by https://vk.com/ifreeze_dev for API(s) 3.0.0
BuyFix 1 by phuongaz for API(s) 3.0.0
MuaXuPro 1 by KaYuu081 for API(s) 3.0.0, 3.2.0, 3.2.1, 4.0.0
MuaCoinUI 3.5 by BlackPMFury for API(s) 3.0.0, 3.2.0
Admin 1.0.0 by nlog for API(s) 3.0.0
BuyEC 1.1 by Phuongaz for API(s) 3.0.0
banggia 0.2 by HeralDicclaw for API(s) 3.5.8
PiggyCustomEnchants 1.4.2 by DaPigGuy for API(s) 3.0.0
MuaFLY 1.2 by SableIamNoob for API(s) 3.1.1
EnchantUI 0.5 by UnknownOre for API(s) 3.0.0
MuarankUI 2 by  for API(s) 3.0.0, 3.2.0
Helper 1.0.0 by nlog for API(s) 3.0.0
pointshop 1.12 by HeraldicClaw597 for API(s) 3.5.8
EconomyAPI 5.7.2 by onebone for API(s) 3.0.0
PointAPI 2.0.9 by onebone#editPhuongaz for API(s) 3.0.0
PickaxeLevel 3 by phuongaz for API(s) 3.0.0
Qua 3 by AmGM for API(s) 3.1.2
NapTheUI 0.0.1 by MrDinoDuck for API(s) 3.8.0
Sell 3.0.0 by Array, KairusDarkSeeker, JackMD for API(s) 3.0.0
Rebirth 2.0.0 by Array for API(s) 3.0.0
TradeUI 1.3 by xBeastMode for API(s) 3.0.0, 4.0.0
CustomShopUI 4.0.5 by SaltyPixelDevz for API(s) 3.0.0
AllAPILoader 2.1.0 by TheNewHEROBRINE for API(s) 3.0.0, 4.0.0
SkyBlock 1 by Wies and Exxarion for API(s) 3.1.2
SimpleWarp 4.0.1 by Falkirks for API(s) 3.0.0
TapToDo 2.3.0 by Falk for API(s) 3.9.0
AutoInv 0.0.9 by JackNoordhuis for API(s) 3.9.0
Seviye 1 by Thebarisgmgs for API(s) 3.9.0

----------------------REPORT THE DATA BELOW THIS LINE-----------------------

===BEGIN CRASH DUMP===
eNrtPYty27ayv4JROvc4dyRZDz/VSWccS058Yic6tpL0wU4GIiGJFUmwfEhWOv33u7sASZDyQ7aV
9szcdqaxuCQWu4t9YQGCf9QmMvJ58mUhotiVQa3XqdcS1xe1Xnv/4KB7cNTab9drHo+TQRTJqNb7
o5asQrhdU9f1mi/imE8R8jFwxMQNhMPCSIYiSlY9Fkp7LhIfoJYViGQpo7ll+XYIl/BQIm3pWdaJ
4wyCxE1WQ45P93rfCbq8SgOk5dyBbiap5525HvYTznjU29097e1+jIHs3Q/BNIlSf7cv4nkiw914
vhp70C+zIxG7N7tDouESaGhcDpvYejeO7N2CtF1N2S4StpvRtdvnCVcUQaMQaVD9P7IxNPTgOZDo
wR4IN+I2/P6l9qLFQi+dukG8O3Sn09VpGifSHwT2jAdJTBT2Odx5k65ufYAk5grdehjJ34SdAIE7
h92XG8q9oLHxw5cvsUh24iRyg+kv7f1fWWUI6swNEjEVEWt3jo5eAlMv2qwiCdVEUbbaaR+3joCS
jAnLuoULy8rY0LcLPho/xCFfBiO5I8cIKrE09PhKRERF5w4qwhzTriGczmGrIh31uCZk1fjBngl7
fjpLg3m8Qx10H2Bz77BzB8qCBKDYYMyXC7HjyHTsCdZuHnc6+4edw27r4Gi/W2ca3mg128d7ndZB
t9vtdPZanfxOq9k9bHVbx+1O+/Dw6OCQiNyrEumJhfB2L/DfnaO9oweYlsHH0OGJ2MkGubPfPlaj
vH8fZui/gpnuWhbdbvzA7STlnrfqy5Frz2/BflDFfi0i8EU7nb29/XsxO3dhPLwL4/5hlVZ1Rw85
olNCiMtYc8EXHrHZ7bba1NvRXb111+jPekuQbmp8fFfjTuu+xqBKNjhdGSks7dYdaNqHR3t3oIkT
HiW6+ZoZF/4SzOUuDF++2DIAd5HaSWagr3ksTiFUxBeSOyKqs1sMNwULAFu/5G5wIadTfEr7nL32
r+y0Z1nk0y1LO3VwUsqrW1bFrVtW0fT4sU2157UsJYIO22kDn5H4PXUjkXnB44Nf2bZjzcvar3/W
a+JvjqXPjmPAgxLhFzdYSG8hfOgFULqBAwK08Vl1H2C3uH24bUtHoATa+/vwDADAuuCHlVhJJJI0
Cth3YIv8e7pzSHf+pN9H2ePHBAzBNF2bTdIAnKsM2JcvU4hj3wXcFy//wOcOWhptMovkkgViycDv
ocB3rFvFbNVYkwGSLzbq8s53ycyNXwLIqvVAx76j2wo/EXfQLog76GjiDrp3EBdnxNXZdwvupRmR
e9+YyH2DSJTzn7U//8lF/slF/slF/slF/slF/v/mIvXaVAQi4h6GYgwXGK/NZkDSGERZ1Adq3eZx
s4Xg1PUcSAYOD9v1mht/ccSi1ptwLxYQ+7Vbr/W6B3B36mJuMHYOju2DA6fVPTw+au9N7OPJ8dFR
u33YOnT4fqvltLutw70OB9wRn3vuGNqA4+lQb6km7jNkGHIZs/cj9ml4fSajt5IHU3bQ7DIiiB0f
tFpsJ3tMaQjrtECsVx2GQcYGfwOggeNiSH7JTi77EH2BZpji92qHzU7zCK6+isAhZlX3cPOLjLH/
8/fvRwCgiyXkN3kmFKMIP8lEXIkljxxDoAawXjMF2SbcPE1mMooxDl/0f8Qx4aGLV91mCx6AaxFw
sHlACcMN0nVECNRhA7gXy0nSNwE+p6wLUFlW0bNSc0zhwB5wkD9cjz5/uLroA2gpxrGbIKWzJAlB
wxbQLKJmTQzTTeAC2OyLxUhKLzY4y0EmX+1mu1tlrNApNhLc3xaTWf9oXjklmsPr0cnV6ONwjb8Y
GASFnKXjpi19w0h2cxzA7Im35Kv4GqO+wa8JNVnugJrsVTieuZ4bsmv4A1nzdFsch4Q21lgtixNF
lJ1AOCJfd78IaCQHn9yIKC9GMgOVR7LTPCyzFYKjdDG9v/5wJrbGFCG1rAWRYFngSvQvg6wHeHrX
vzLYwasyJ62qSv4bks3L/rZYUNgsCzqmfx6yNCQZvJd/Mjw3yM4gZdLXrOk3+ZsUh/hfifzO08kv
MFqWJiL/sQkr17aMxNvU9Ho5yGRmH3xe+68Yh6z34tcmbLiQziSQJqjJuWbEAFbdd/vbuu+i583d
d8W9AZ7G5elwsGtwAYwO00gMReSbzryAldVvr9kps3mwd3YGQfZ/mJ5HnAcwO4XUfVu8f1EdwDwl
o8j4+QQZUNtsepvjASmMZHgpA7H6aNqgASzJoSyDwY2wIX9cnJxui2tuWxYliJuMNIUomC9BKPJh
FMwQZUCr41jhgS+/8uXWyEdkEI+ge4hGPmSAllWm5UGGLvnUtT8POgY3OajsRA6rKvmjCFzu9Xmw
xk69tvcctm4IscMDHBdFy+ZxFlQJM7CorF0KVHYla9Hpmnu+DPqDbQ1Phs+yMgqKXxs5eI+HYYmT
DFJWsv0NY9Xx01mJVcdPdokFRbsZD8DgZxl5jvaRBpclcDnl69JEwbQnz029rXlBhc2ylkhBqCio
8rxhjnsJM8mJKzzHmFk3soJfEgmx6/MYFGG3xC0qcASKPhya+qsh97jGURpMAVvwKdiWKBLC+CVR
fW/uIVVl7q3gZl5iAO/z74GI9/fbx9tiIcOXlQuxf/P3Rv4x9RKXhsj0kAWwaokVlk6/Cns2vIRZ
DgbRT+6NOz/9mVbWV2kSp3MXfs9B69x5vC2ubewy9CGfhxDuI6WkzTCCJtWPNWCDkV0DETlc6V2J
kLtll5sDq1OCduMW13sS2SKNL3mSbEsMBQVPNGBOJPlIEgb+NJE/mkapAZVJ+F8z4VF9P9kZKzS7
mgNUcppdm3lpBqlMuCv2upDeNZC6LfZ0p8BX3vsGQ7ZcLpsCKEGszWRO/ICvvRKxMINKAStnAZ3q
kJ1xb74tjiaAy43maIjQfYTdA3cGJQ8nnDBIqiodVZQvg1bsq8TMtgbGhdgCeSb0mqpelQ4WJDwc
Fng0l6nJQwapetDDb58wh6rrzYPa6wiesCleGxyY0AoX39ZQjI4tq0zFEw1mhc1XpxFPhGkzJtjk
8GDdbLSnq9ey9b5tOz2TmOe6vhJjOL4e/+oGn3jgxjNzgE1wNY5Vao+ue+Zx33UDbLS1Kl0ZKwy2
QVH5ahM1ppitJ1KVdDufXv0N9TuDgNLFJiz9m7vmOgpdVit5lZxsJldu4Lf3fHvbE9cCs2X9BpRY
lqbnYQfDg/NE+KbuaUh1/tP9tuUv3e3za18Z/TiPnXFHLrEwcToT3AzK1Tvl0HxQ9aN98Nuf+WJr
KxkKnWVdn5zSPw9XF9TuhT7QOjPTpRL4ARvafqpr9v7kgSunuwrliSeiZJ1PDS5p5rcNeGa/llWh
4mkh7yRYLWeQkr0GJxTC/6VyXuXWA5O8uYRJstzvtv2t1VsMlFjSK9OzDtkoA5NRwr3PLkzrSwvP
BbTiN8tMXqXxbCQHPF7VGaia8yF4DZDh28oQY1R81lArgh6RmuHq+3oNqQR+wCLRD7xe3ZQ4UVED
/+49NyqYpGDMLhG2AX8Y48+81VpegrAyZ0fNg78vKTnDwplJ2YOsvRMiPA8WIkhkZLJXht83v6m9
m0n+BmgJpljv3hJ/JaSWVSLnEYWwNBLZ5rYfK0s+BdzkrgURr2J1vuvNW3ttnBNdiYW74N7w8nK4
LS8TKZSh74cwKQK6RLEZz6Dy0aUTg9TdMrsgl/dyZNZR6LJqoH/BHDCQSfj0YEkEYWrjfhWqoGhm
NQWwylj3W0zPqb8L7A+ymPz3Jjo6Evw6lKVNCTmouimhYnmn4KfFzXCwLV3M8D2mWpe1ad6svlJM
dxY8sIXzzi1lLSVweVGrUzU4L7V55ygUz0xdSgu7t2/Gzlb6CxGYdD5ZNXMGdktsg3SueDD/GBpy
0YCyC1pbsTzTNaxnCmRgy0D6K7W3QW8AwiXfmrkwbrgmoC0FA81pfHi1LBTCGUwm5TzAhP63Df3Q
S02WDVK/weifcdoOH5dXrk3o2rS5ktSPRII5p/NlC/I5ndFsz1ysLgRhEGVZ+uIxUZeQlwOu7q+y
NN++bY/Fo7gr626F0bJwf4SgKNN4OGhk8Nod2y+Q2OLXFjZfEBoQzpuIj1/zqSGbDFKuMuxVTWMb
q6wgjjgZgV3HEwhO62uuUyBlzKdPVv1iwTVjStVV5u8h147LlRUNe2imHjiR4PHbN++qnDdOLoZv
T8hAnukLDe+f90ZVGEXi5ummL4LUYJIuq/xVDPotbkJ2XPvU48v94/Lcdb959OR0ZL6iSc7mtF/y
8NznU8gTp/Syk7EVpXSjutjWqUYqdyqi65+ut5Uq5giRFZOS6vVGA5TyuZuE0g1M52RCK+z9NaOV
9f6IiY30XFuUaggEeMCaAk9ubUcu4gIPSf1uTng/kuFg7uEkJ3bNfbgl+D0bFLyRlBdeiYkjUMKn
2kkahp5ag3iEnUNC5EifDKycyuXQsi9f2zBZmt2yBm3Kl9G2S+EGQW9EYFlv6JWHRDxij27j7Hp9
my4Cy1Xi/eomLjG7be/3M/mB7uML4AlmWKoDY8/uWMqNSjl9NzBzL7p8wGhufnwPKv7TaGslb+hz
c13DsmBpn6YG3G0iv9QuI+yjn5IiFkXD2q9b4oBKlZuzMDhtjLATg4kctLZ3oxFG4ptM0O2ZI5fv
P533z08sa3A6+ni+OQfXp57g0QWfmnmbAbzHX52mMpj2f97afkYRTcXqS19ECe7NLGgwfyNbZ9Kj
tbwy9OHVFdpslpquOYP8LaGROn/E3uA0kdfC8yr7NAh0zyCFMxwl/nVbYSXDp7ZoYO+P0LXB6NO5
WZ3TgMoiZJkBXO779J6NBieXW9sJRCjxZcPkkxtutk+P92XJV2WQv0V1dOebS17VCCprwAZwLU40
3p/2v4WvKvp8RGLFg9lbV6TXuK3CZKByo1xpar8WCd/AFp715lZmCxkl6xvJN55g/vz1HUZs4Jfe
+EQdbe8ZzJrQSopS3SySYV/MCbM7iYT4Kuh1zi1xbhADCUqJsoeXnNLVmXtjzpgV4LFO7DlrZtTj
I2aQKf8xLZe2ctA9ZL/jP6Vp66h9S7aY7QzEv+3nZo9ZP7gJF6h6FF+nMDurOjYNuzcRfu1xez68
PEuj1Z3sPd27/WwDCWBW0h25InhEkHR8t/R2J13/5VNH6vYRi8zpanBaNojBaTWyVN9F3bpFCHtz
isc8mE5dbronDSk74dvCYd+1ba+y4PaMWKg7BjeUU/BwjeGWurlRcLi1qn7v+3Pb3pX4wKkmj7Dv
s4ufysaNgMriW3WKC+Sec/+9lOMSP6iETzdpWsB/705nCbmO/iV5qw3X8jXrJUdVwMo6V3FUH4N5
IJfBh2hrGxQKjHjCiSbiUYOCy09Vp6thd2972r6XxS4tSyfDm5L/Vnjlt8Y04C93sqrfzQmnOmQ8
k+YaZQH7W/L4ELt+RLWhKOwbZmCufN77RqUMxBj+39YoaHSWJRQFgBPswaRmg1oviL/MTg4qTwpb
zeNbmXkhHDfZdjB0ZMT1QUZPZ8215/xG0HFCpdhigEsJ1rfNeM1+LauYuGyqev9JzWCPV/cQf+K/
uaxEjifXGwAXTBX/M2pvQuV7Ho5mouRZc1A5SLSqCZVRWCxXSp7uYHOMEPc0FY+olZRLPWtlnvW3
3ICH9HfAgPS+426Uxrjz8FqIOXnnJ2yur6wk3l2487y3VLzeeJVBjN0oMd+FyCBVq6+yOJq5AfBz
TQf4aBOp1y5kGn8G9JenWysEZx1ZVkHawxuesKRXPnpAQ+7d/HrzWvA4ucTjE5+yrrDhMGlSLKug
acO60TVEqRJXJbDJGhK7tmLiJauheyO8vlh8/Sb6V+oh28CtqFt0LOtaxfdNjkmKEVWIqJpTrg4N
8qD3tZdaSuDqilgl8wHDfy+WbwdXH15fnb8fbGfpyDynSdXD1Y4MTZKpx6XeYW5qkL7JbjhyRnrN
3XRIGeie+sdnV8QMHAMb3NxwOvPnWUHh7k1ehtNdDT2Jq830dwPOXD/0xGcehaUdljmwqtzfZvda
ae8Knswgl8blII5x8Zh7sdoPufb2Z0z0LoFe3KFp0P6ww4K4JPtmXSuDVF8Meug11mfszUx4mEhH
gmPK+95oNeQ8WFQWQxBSjfPH6++Ywcw2cmapG2+Lg98AaZAhVW+yusFCLZEomjaI9wt3JUoRnwD3
ncowE2Mwq3jqT7fGCeLC+hXPu3+AcpxYwUTSF4monguXHVEILRoNRUwDlNolX06n+DX16be4C7xX
ezHMr9ipDCbulOGxxlZkBS/OIpedpFPWPmDt/d7eUW+vxT6OTvEYwGN8wOPBNOVT8WrhUgNfJs6r
Uzo08VOAANVhA4V7GzyUUfKqfdzudhA4had8CMevWoSL3zRC2nAdv+oShA5na+gTPGBsXjXaCF7O
QCoNz42TV3IyQYjm+vdURKtXMjBAEfgyDcGfzZDH8RI06NX/0n9WwINApoEtdNcNbs9coU5ljnXD
iYzgfk6s7hMk7uABWdl1uAj18447mbh2CiHuFdGrDopMZNSIRZLgyvcrkiUdgUqSUmc75LBYCMd4
BI+6ftUfnJ18vBghFPW+EfOF0P3BWCwbDogDt4q+OkLQzVjeNFCH9SOYx+UHmDRXvod6wDAqMZtU
IAUC8Zxl1AQGDLOSfoFmMDCDWLCMA8YjwZKZYBAYYvjBE2ajKBM2FswNbC91hAM/2JoGIq5r6UPL
CSKo4oz5RNSZxE2qMaJk40jwOVvJNNK4mDthMBDuxKUeYAzw3GxvhYghBufodh0x4TAKMVvK4F8J
wwNreMRQej4wa+OJtkghHgCt+F7ORMDScAqJGyBoWgHqrULWswLGXnye0e5ZlkjoBQIuoNCnl4IM
MJJ4PAGi6DaRCqGbA2KQpycSkhee0GcLNoN47ZEEfcSsVCyzrh6j00DxRjxLE0eCFegDzvH8an00
p+3JWDhWjSiDdEMuGdoEEJMdSc0WLmf/QaPAZ8g6ssNregy9FTWFvG3JOOpBLIEk3ZESBteoWBrD
MINrA1ETi5AcwJPgI50YkRR3GkDaGAgzOhiQKWaYMFFBu8EjuUHqSO54xfRY4fPacvPbhjRefHZB
4jKAgeOOw8C/qPFFUvFMXSCJx2lE1stgVMcCpQLSF7+n3MNxmboLeJbOD2c7ulPwbi8Ru+oRfIZA
N9WAccWjbXtwm/p+n/pjEDuo7Um8CuwRj+cMT+QGRW3SAx9hOMh2Mk7xsVkEyVQK6gGPx3VGls60
RwCDq4MsfJBdjLGHZANeH2F+GoCK4iMK+TXpD/AEahzJGxdUWIAYgCUyjSAnDmWrCTqfoDHgM6j0
deYm/wLxJRE1cwR6VdLJSmO2AzzAgLMOiYXYaGhOe4SqagyctC9KgwCH00GvJUMaBDpaNm4yyKP1
b+ZjcZrZEY9nddO6tWaiRKIoDRMFVQJDwfhAm+aLBhcUDsQEZqgsji+k6wDZt1PA6E1LFkoQNGhX
01A0eLihHso1DYIR+Ppopaz+jSfHoD0Yy5mCg6H5boLOwxdTPl4lIHF2rUTdIuG6MeKm5iMctaVL
kieNAq+wbChEmZKp/H3iAong8gS+poZocEU561IpOYxWSuY5lTBQEv0AagV2NCUyG0Raj7WQC+id
fHwyAzE7//UcYHJ0H/0Ycp9HP8xYQyJB++ecJI0uZuA+MEcAx5oRhL1mVLVbnT1NGDmBz2QVmr74
X1ugkOyCSEKPwewUolsA0Y0JdW4iaLdUJCuLxGiYPy1ubEgd4oIj5bg+jAY9Nnp7fs0uzi/PR+C8
hxfng2s2HFwxSDbfDa7qDB5iow/w1IB9fvvhYsCGVx9OB9fXzaoLKMmjs3+gxTEUMPOkiI+OOEYG
6UD2TBq5s22D7CHWOORb6JEGbilVbpZQQVIKfIKDBm1Cfu9SNqVkkA1ihA3wMd0ZYVZIwPUWjlxF
JOrjA8YQTCSoQXP9adQFndnDsIXCxnxDSRbJVeOq2uY8gHqJMC5Y7bY0r/HL20nSnHc151MejcEy
Grb0PJXxkgO6XbpkakiObsV0K/DdPg/ovP4SJZD5paCDL+tZTKgqYaaGKrzSG0yKX78wwSb7oHy+
UnhIT2TqOTktLgSRZcAK+mOFOCTygdGDVkvzCr2dkbNYC5KkOgpDztskkn4WbFVr/UTDVE1zhJEb
PZJrusFuUamSdlxnGSkOWSTpxOhMkZ3UD1X6pnJEpm808EY2Xn18SDcg2onMjAO4gjAPxs5vETAE
bQh80MMClCyOU4GOIZnBqE2zdBadFvZWUFXPBlLlCDprbSpq8NE75YSzLpu+k5HRfspDhLp+6kOM
hfAasWxygQPJ1ERJUVHIFe1Fi5IsZl3HIJsPNUXUYQPT7BSC7l4+Yn2pblV1GnMj9HoKv3o4MyGF
Sz9ockaZQ8OGCZ3IeesDKZSrQPqI0gPqVIKhsIT0GRWm2igOC+6gmZan4ifrGR8usl0UIO6XzfDe
j+o+PbQC/cmXng4RkJrNpKdSzDFP7Bml+kRyjB92YTrIkG9TUyt9V4WWsciTTRXeXpijlN1Ctxqt
EkReZ422MYA0eNRxI8mI0SGAvHaRx9K8FVNIR3GOkyVK9LExfo1HkdVkbyEXBF16RckdOx1+rENb
oGEM9rV0HVB7yhWU98zxNwh/jx1maXeRkcckHePZJjtxwFHNuDfZhbmqmiY4AnRYdwWdMiy+oIIZ
hliEPQOZORUZ3KBXwxSTe3XlNLFr/f2EJgPvI8iXYSb9cRgMszy8mHziNAMb0WcGAGcaBmFDX1cm
PpfaIGP3q8iHGjP2bISxdpllU5DRK80xou7ecUc1etlkQ93G49GUGnA9C9ZqQj1OIj5F7mC4gK04
9CiZwamtD8SjH+ARDuGp52KthObq+OkNESfscvSRKI2BJWR7nCYMawM0ykV3at7RzNyQn6QNbNUj
atEAHDFOp71sLvMDa+McRmdyOGul+9mMNVaTeZHNZLGZVpQ2IlN+S2E7nUmYo6JyZlMYkU1Sybnh
B7RYzBeZE8VqS1YhwnuFveOxzeAJBE8yHwOUqo95ZCkzTbdAhShdifH9YEpfAmnjdw6oLcjxkq9A
hqgs+GEhPYNF9699JvmtRnZPdRkX3iKrHJnlihHVG5QCqK+VqkoNPatHO431VN8GrU+UX9BtGqpN
j4WQUCxcD7tRPk/bs+4FnTYPpnlSHWAzrxo76tlTpXLVrSUiNcs78WWKOj1RzlmrOIpSFQkpGKE5
09wdBgZ/UzSBxlcUW4zGxHgg1FxxLBSysZigRlKdkcLBLNMAGnQqP5ailGIfO8rZB8tkvEpqqD7u
A70JCAC3Udm6nUweASaH6i6kiEBs1hj/5tR0SbtxJt1QhznGhrewMQBRR1QlNUox533qjLYSx2SS
KE8R4UhDXotvezHNHdOVhyzaUZsS64CvwTrsBZvCnCUuxFNUN3IJNddFpI11yV2a1IDjgIxfjU0o
w9TLlFFfoNunZ7SLOML+KBluhNqq0bmiofZYlmZSpVSVc3o64GH1iaZYCqzihR4ufCEsrws4hdhQ
3Rv42b0KKLe2MjicQWY2kcaAgJE11G7x/MmZxIEhUpp4dEvTlURxIIOVj1MEsI8Ey3l2XJCO8x59
nxX3iQXyWHw6jWCyqQpLeeUOEyn8YN28yh/RBwb8of8BP5ukFw90KECfsBQqD+X0XT3sMSbCCwYI
1jRqyxB5csnrY0Z7twoVxlPd17oEQS9oaNdtplMEl6boIEMNUE2MKk8d3GM443UAgxgwXiV5xgKe
dyJgFg1DCA4owHig7mZxRdWMeKlqpFeDjHiTQnYGoY2cWOYrNEIaeXU/62NtpBWv5lAnrl+4ah2Q
ECk+n+UNOLLoL7FDKofpRlnps1l0oO+YPWTSvD/kaa+tRldZhVFlyMrCiZtoeWb1hJkGksPACYHO
MbXDwPIspPEOJVnuJEcEmTowoor96ICySbZycYBPe8gssHHP5bHO4CHp4rjuqq8wBwAa9Vj1skFT
90BvsdrTY79Q8IbwWafyz6+IlJLzIkqaixDEBiZSkevoCXa2fkMz59sCFsVzCtAx5ZI0McPztYFW
HW1N8lW/RIP6yXDFB4OCCl5Fjz12dnEy6nW+P6zvH9+0692bbr3zfft7R9hSudgdPIXeRt/66qil
PLG62tt/qbIeVe8357XKwjG0gIx12YkyD6obwajZK6Y+CpdGmU/OkvkoL+STxwE8EKlsWomJM4E1
slUG0AWV3r04I1dDXdHzJSQpJQr6s6gGpEG5VrOokMmQpoLiBhxfrOdB9hzT5ZhyfpDI2IVEdaWm
zPQc8gukQJauooiyGcUl4YdcJMp9da1eEzeJCGI62qP3B55oJIyvm41tyIhmBgDXdwKHRyZIf5s2
v04jz7h06Hje/HLienQgcQ6Y+ubn1GYcD7PVZ6a5YEQL4+Zvsd7pdEC3/bFajDKewCzLoY+q5aDQ
LnF0JSZ6im02I4celyCQePgG4Hp4YVz5q/h3jz78pn+xfdzG0cHqOmvg+vF+a691CD+/O8dC0NFE
8M7epHO0dzjhh/vt41arPRbd45Z9fMRFi9t8IrpHh+w7wJ3IuQgg6JtCWnFaw+zo8zC+uqHaULxP
m76+qm/gZQ/D1Y1fGgKJnHRarW673cGdC2DIQRybj5QbhLrgpb9edIjveNVrwxmNe0ZEEQW/UI5D
X0lUL8mp0ZuO3YDjIXnUBE/5I4x4LhdekKNw1Mf71OtKdrQKE0kAdZQhCdc1hwUuE9HNIX/++X9c
xnZi
===END CRASH DUMP===
